TN:
SF:/home/travis/build/DSI-HUG/dejajs-components/src/common/core/clipboard/clipboard.service.ts
FN:15,(anonymous_1)
FN:14,DejaClipboardService
FN:18,(anonymous_3)
FN:22,(anonymous_4)
FN:26,(anonymous_5)
FN:30,(anonymous_6)
FNF:6
FNH:6
FNDA:1,(anonymous_1)
FNDA:31,DejaClipboardService
FNDA:34,(anonymous_3)
FNDA:29,(anonymous_4)
FNDA:5,(anonymous_5)
FNDA:3,(anonymous_6)
DA:9,1
DA:15,1
DA:16,31
DA:18,1
DA:19,34
DA:22,1
DA:23,29
DA:26,1
DA:27,5
DA:30,1
DA:31,3
DA:33,1
LF:12
LH:12
BRF:0
BRH:0
end_of_record
TN:
SF:/home/travis/build/DSI-HUG/dejajs-components/src/common/core/cloning/cloning.service.ts
FN:17,(anonymous_1)
FN:17,CloningService
FN:25,(anonymous_3)
FN:36,(anonymous_4)
FN:40,(anonymous_5)
FN:53,(anonymous_6)
FN:62,(anonymous_7)
FN:84,(anonymous_8)
FN:98,(anonymous_9)
FN:100,(anonymous_10)
FN:106,(anonymous_11)
FN:117,(anonymous_12)
FN:119,(anonymous_13)
FNF:13
FNH:12
FNDA:1,(anonymous_1)
FNDA:8,CloningService
FNDA:1,(anonymous_3)
FNDA:11,(anonymous_4)
FNDA:58,(anonymous_5)
FNDA:147,(anonymous_6)
FNDA:48,(anonymous_7)
FNDA:0,(anonymous_8)
FNDA:2,(anonymous_9)
FNDA:2,(anonymous_10)
FNDA:2,(anonymous_11)
FNDA:2,(anonymous_12)
FNDA:2,(anonymous_13)
DA:9,1
DA:10,1
DA:11,1
DA:17,1
DA:25,1
DA:26,1
DA:36,11
DA:37,11
DA:38,7
DA:40,4
DA:41,58
DA:42,1
DA:45,57
DA:46,9
DA:49,48
DA:50,45
DA:53,48
DA:54,147
DA:56,147
DA:57,117
DA:59,30
DA:61,18
DA:62,18
DA:63,48
DA:65,18
DA:67,12
DA:68,3
DA:70,9
DA:71,3
DA:74,6
DA:79,48
DA:83,4
DA:84,0
DA:87,4
DA:98,2
DA:99,2
DA:100,1
DA:101,2
DA:102,2
DA:104,1
DA:106,2
DA:117,2
DA:118,2
DA:119,1
DA:120,2
DA:121,2
DA:123,1
DA:125,1
DA:128,1
LF:49
LH:48
BRDA:37,1,0,7
BRDA:37,1,1,4
BRDA:41,2,0,1
BRDA:41,2,1,57
BRDA:41,3,0,58
BRDA:41,3,1,57
BRDA:45,4,0,9
BRDA:45,4,1,48
BRDA:49,5,0,45
BRDA:49,5,1,3
BRDA:56,6,0,117
BRDA:56,6,1,30
BRDA:56,7,0,147
BRDA:56,7,1,30
BRDA:59,8,0,18
BRDA:59,8,1,12
BRDA:67,9,0,3
BRDA:67,9,1,9
BRDA:70,10,0,3
BRDA:70,10,1,6
BRDA:83,11,0,0
BRDA:83,11,1,4
BRDA:83,12,0,4
BRDA:83,12,1,3
BRDA:87,13,0,2
BRDA:87,13,1,2
BRDA:99,14,0,1
BRDA:99,14,1,1
BRDA:99,15,0,2
BRDA:99,15,1,1
BRDA:118,16,0,1
BRDA:118,16,1,1
BRDA:118,17,0,2
BRDA:118,17,1,1
BRF:34
BRH:33
end_of_record
TN:
SF:/home/travis/build/DSI-HUG/dejajs-components/src/common/core/graphics/circle.ts
FN:12,(anonymous_0)
FN:42,Circle
FN:22,(anonymous_2)
FN:37,(anonymous_3)
FN:47,(anonymous_4)
FN:52,(anonymous_5)
FN:57,(anonymous_6)
FN:65,(anonymous_7)
FN:70,(anonymous_8)
FNF:9
FNH:9
FNDA:1,(anonymous_0)
FNDA:5,Circle
FNDA:2,(anonymous_2)
FNDA:4,(anonymous_3)
FNDA:3,(anonymous_4)
FNDA:1,(anonymous_5)
FNDA:2,(anonymous_6)
FNDA:1,(anonymous_7)
FNDA:1,(anonymous_8)
DA:9,1
DA:10,1
DA:12,1
DA:22,1
DA:23,2
DA:24,1
DA:25,1
DA:26,1
DA:27,1
DA:28,1
DA:30,2
DA:32,2
DA:33,2
DA:37,1
DA:38,4
DA:42,5
DA:47,1
DA:48,3
DA:52,1
DA:53,1
DA:57,1
DA:58,2
DA:59,2
DA:61,2
DA:65,1
DA:66,1
DA:70,1
DA:71,1
DA:73,1
LF:29
LH:29
BRDA:23,1,0,1
BRDA:23,1,1,1
BRDA:38,2,0,4
BRDA:38,2,1,4
BRDA:38,2,2,4
BRF:5
BRH:5
end_of_record
TN:
SF:/home/travis/build/DSI-HUG/dejajs-components/src/common/core/graphics/position.ts
FN:9,(anonymous_0)
FN:17,Position
FN:13,(anonymous_2)
FN:22,(anonymous_3)
FN:29,(anonymous_4)
FN:33,(anonymous_5)
FN:37,(anonymous_6)
FNF:7
FNH:7
FNDA:1,(anonymous_0)
FNDA:188,Position
FNDA:5,(anonymous_2)
FNDA:3,(anonymous_3)
FNDA:1,(anonymous_4)
FNDA:3,(anonymous_5)
FNDA:5,(anonymous_6)
DA:9,1
DA:13,1
DA:14,5
DA:18,188
DA:19,188
DA:22,1
DA:23,3
DA:29,1
DA:30,1
DA:33,1
DA:34,3
DA:37,1
DA:38,5
DA:40,1
LF:14
LH:14
BRDA:18,1,0,188
BRDA:18,1,1,75
BRDA:19,2,0,188
BRDA:19,2,1,78
BRDA:14,3,0,5
BRDA:14,3,1,5
BRDA:38,4,0,5
BRDA:38,4,1,5
BRDA:38,5,0,5
BRDA:38,5,1,1
BRF:10
BRH:10
end_of_record
TN:
SF:/home/travis/build/DSI-HUG/dejajs-components/src/common/core/graphics/rect.ts
FN:11,(anonymous_0)
FN:23,(anonymous_1)
FN:56,Rect
FN:29,(anonymous_3)
FN:33,(anonymous_4)
FN:37,(anonymous_5)
FN:48,(anonymous_6)
FN:52,(anonymous_7)
FN:75,(anonymous_8)
FN:71,(anonymous_9)
FN:83,(anonymous_10)
FN:79,(anonymous_11)
FN:87,(anonymous_12)
FN:91,(anonymous_13)
FN:100,(anonymous_14)
FN:107,(anonymous_15)
FN:111,(anonymous_16)
FN:115,(anonymous_17)
FN:122,(anonymous_18)
FN:126,(anonymous_19)
FN:130,(anonymous_20)
FN:144,(anonymous_21)
FNF:22
FNH:22
FNDA:1,(anonymous_0)
FNDA:1,(anonymous_1)
FNDA:4337,Rect
FNDA:892,(anonymous_3)
FNDA:5,(anonymous_4)
FNDA:1,(anonymous_5)
FNDA:794,(anonymous_6)
FNDA:2,(anonymous_7)
FNDA:54702,(anonymous_8)
FNDA:7,(anonymous_9)
FNDA:37327,(anonymous_10)
FNDA:7,(anonymous_11)
FNDA:1,(anonymous_12)
FNDA:99,(anonymous_13)
FNDA:2,(anonymous_14)
FNDA:4,(anonymous_15)
FNDA:13,(anonymous_16)
FNDA:21489,(anonymous_17)
FNDA:772,(anonymous_18)
FNDA:538,(anonymous_19)
FNDA:2,(anonymous_20)
FNDA:1,(anonymous_21)
DA:9,1
DA:11,1
DA:12,1
DA:13,1
DA:23,1
DA:29,1
DA:30,892
DA:33,1
DA:34,5
DA:37,1
DA:38,1
DA:39,1
DA:40,1
DA:48,1
DA:49,794
DA:52,1
DA:53,2
DA:57,4337
DA:58,45
DA:59,45
DA:60,45
DA:61,45
DA:62,45
DA:64,4292
DA:65,4292
DA:66,4292
DA:67,4292
DA:71,1
DA:72,7
DA:76,54702
DA:79,1
DA:80,7
DA:84,37327
DA:87,1
DA:88,1
DA:91,1
DA:92,99
DA:100,1
DA:101,2
DA:107,1
DA:108,4
DA:111,1
DA:112,13
DA:115,1
DA:116,21489
DA:122,1
DA:123,772
DA:126,1
DA:127,538
DA:130,1
DA:131,2
DA:144,1
DA:145,1
DA:147,1
LF:54
LH:54
BRDA:11,1,0,1
BRDA:11,1,1,1
BRDA:57,2,0,45
BRDA:57,2,1,4292
BRDA:58,3,0,45
BRDA:58,3,1,0
BRDA:59,4,0,45
BRDA:59,4,1,13
BRDA:60,5,0,45
BRDA:60,5,1,15
BRDA:61,6,0,27
BRDA:61,6,1,18
BRDA:61,7,0,18
BRDA:61,7,1,0
BRDA:62,8,0,27
BRDA:62,8,1,18
BRDA:62,9,0,18
BRDA:62,9,1,0
BRDA:64,10,0,4292
BRDA:64,10,1,725
BRDA:65,11,0,4292
BRDA:65,11,1,555
BRDA:66,12,0,4292
BRDA:66,12,1,2
BRDA:67,13,0,4292
BRDA:67,13,1,2
BRDA:30,14,0,892
BRDA:30,14,1,657
BRDA:30,14,2,657
BRDA:30,14,3,629
BRDA:30,14,4,568
BRDA:30,14,5,560
BRDA:44,15,0,0
BRDA:44,15,1,1
BRDA:101,16,0,2
BRDA:101,16,1,2
BRDA:101,16,2,2
BRDA:101,16,3,2
BRDA:108,17,0,4
BRDA:108,17,1,4
BRDA:108,17,2,2
BRDA:108,17,3,2
BRDA:112,18,0,13
BRDA:112,18,1,13
BRDA:112,18,2,10
BRDA:112,18,3,9
BRDA:116,19,0,21489
BRDA:116,19,1,15893
BRDA:116,19,2,11894
BRDA:116,19,3,8069
BRDA:123,20,0,772
BRDA:123,20,1,771
BRF:52
BRH:48
end_of_record
TN:
SF:/home/travis/build/DSI-HUG/dejajs-components/src/common/core/graphics/color.ts
FN:14,(anonymous_0)
FN:270,Color
FN:164,(anonymous_2)
FN:168,(anonymous_3)
FN:177,(anonymous_4)
FN:210,(anonymous_5)
FN:250,(anonymous_6)
FN:277,(anonymous_7)
FN:281,(anonymous_8)
FN:285,(anonymous_9)
FN:289,(anonymous_10)
FN:293,(anonymous_11)
FN:302,(anonymous_12)
FN:310,(anonymous_13)
FN:314,(anonymous_14)
FN:318,(anonymous_15)
FN:319,(anonymous_16)
FN:333,(anonymous_17)
FNF:18
FNH:18
FNDA:1,(anonymous_0)
FNDA:447,Color
FNDA:433,(anonymous_2)
FNDA:2,(anonymous_3)
FNDA:3,(anonymous_4)
FNDA:429,(anonymous_5)
FNDA:8,(anonymous_6)
FNDA:772,(anonymous_7)
FNDA:407,(anonymous_8)
FNDA:341,(anonymous_9)
FNDA:69,(anonymous_10)
FNDA:4,(anonymous_11)
FNDA:3,(anonymous_12)
FNDA:278,(anonymous_13)
FNDA:1,(anonymous_14)
FNDA:49,(anonymous_15)
FNDA:141,(anonymous_16)
FNDA:2,(anonymous_17)
DA:14,1
DA:15,1
DA:164,1
DA:165,433
DA:168,1
DA:173,2
DA:174,1
DA:177,1
DA:178,3
DA:179,0
DA:181,3
DA:182,0
DA:184,3
DA:185,0
DA:187,3
DA:188,1
DA:190,2
DA:191,1
DA:193,1
DA:196,1
DA:197,1
DA:199,1
DA:200,1
DA:201,1
DA:204,2
DA:210,1
DA:211,429
DA:212,1
DA:219,428
DA:220,428
DA:222,1
DA:223,1
DA:224,1
DA:225,1
DA:227,1
DA:228,1
DA:229,1
DA:230,1
DA:231,1
DA:233,425
DA:234,425
DA:235,425
DA:236,425
DA:238,1
DA:239,1
DA:240,1
DA:241,1
DA:242,1
DA:244,0
DA:247,428
DA:250,1
DA:251,8
DA:252,1
DA:253,7
DA:254,0
DA:255,7
DA:256,4
DA:258,3
DA:259,3
DA:260,2
DA:263,1
DA:264,1
DA:265,1
DA:271,447
DA:272,447
DA:273,447
DA:274,447
DA:277,1
DA:278,772
DA:281,1
DA:282,407
DA:285,1
DA:286,341
DA:289,1
DA:290,69
DA:293,1
DA:294,4
DA:295,1
DA:297,3
DA:298,3
DA:299,3
DA:302,1
DA:303,3
DA:304,1
DA:306,2
DA:307,2
DA:310,1
DA:311,278
DA:314,1
DA:315,1
DA:318,1
DA:319,49
DA:320,141
DA:321,141
DA:324,49
DA:325,3
DA:326,46
DA:327,3
DA:329,43
DA:333,1
DA:334,2
DA:335,2
DA:336,2
DA:338,2
DA:339,2
DA:340,2
DA:341,2
DA:342,2
DA:344,2
DA:345,1
DA:347,1
DA:348,1
DA:350,1
DA:351,0
DA:352,1
DA:353,0
DA:355,1
DA:358,1
DA:361,2
DA:363,1
LF:120
LH:113
BRDA:165,1,0,433
BRDA:165,1,1,220
BRDA:165,1,2,220
BRDA:165,1,3,41
BRDA:165,1,4,8
BRDA:165,1,5,7
BRDA:173,2,0,1
BRDA:173,2,1,1
BRDA:178,3,0,0
BRDA:178,3,1,3
BRDA:181,4,0,0
BRDA:181,4,1,3
BRDA:184,5,0,0
BRDA:184,5,1,3
BRDA:187,6,0,1
BRDA:187,6,1,2
BRDA:190,7,0,1
BRDA:190,7,1,1
BRDA:196,8,0,1
BRDA:196,8,1,0
BRDA:211,9,0,1
BRDA:211,9,1,428
BRDA:211,10,0,429
BRDA:211,10,1,428
BRDA:219,11,0,428
BRDA:219,11,1,0
BRDA:221,12,0,1
BRDA:221,12,1,1
BRDA:221,12,2,425
BRDA:221,12,3,1
BRDA:221,12,4,0
BRDA:251,13,0,1
BRDA:251,13,1,7
BRDA:251,14,0,8
BRDA:251,14,1,7
BRDA:253,15,0,0
BRDA:253,15,1,7
BRDA:255,16,0,4
BRDA:255,16,1,3
BRDA:259,17,0,2
BRDA:259,17,1,1
BRDA:264,18,0,1
BRDA:264,18,1,0
BRDA:294,19,0,1
BRDA:294,19,1,3
BRDA:298,20,0,1
BRDA:298,20,1,2
BRDA:303,21,0,1
BRDA:303,21,1,2
BRDA:311,22,0,278
BRDA:311,22,1,271
BRDA:311,22,2,271
BRDA:324,23,0,3
BRDA:324,23,1,46
BRDA:326,24,0,3
BRDA:326,24,1,43
BRDA:344,25,0,1
BRDA:344,25,1,1
BRDA:348,26,0,0
BRDA:348,26,1,1
BRDA:350,27,0,0
BRDA:350,27,1,1
BRDA:350,28,0,1
BRDA:350,28,1,0
BRDA:351,29,0,0
BRDA:351,29,1,0
BRDA:352,30,0,0
BRDA:352,30,1,1
BRF:68
BRH:54
end_of_record
TN:
SF:/home/travis/build/DSI-HUG/dejajs-components/src/common/core/graphics/size.ts
FN:9,(anonymous_0)
FN:17,Size
FN:13,(anonymous_2)
FN:22,(anonymous_3)
FNF:4
FNH:4
FNDA:1,(anonymous_0)
FNDA:20,Size
FNDA:1,(anonymous_2)
FNDA:1,(anonymous_3)
DA:9,1
DA:13,1
DA:14,1
DA:18,20
DA:19,20
DA:22,1
DA:23,1
DA:25,1
LF:8
LH:8
BRDA:18,1,0,20
BRDA:18,1,1,0
BRDA:19,2,0,20
BRDA:19,2,1,0
BRDA:14,3,0,1
BRDA:14,3,1,1
BRF:6
BRH:4
end_of_record
TN:
SF:/home/travis/build/DSI-HUG/dejajs-components/src/common/core/graphics/unit-value.ts
FN:9,(anonymous_0)
FN:17,UnitValue
FN:13,(anonymous_2)
FN:28,(anonymous_3)
FN:32,(anonymous_4)
FN:36,(anonymous_5)
FNF:6
FNH:6
FNDA:1,(anonymous_0)
FNDA:126,UnitValue
FNDA:2,(anonymous_2)
FNDA:1,(anonymous_3)
FNDA:1,(anonymous_4)
FNDA:125,(anonymous_5)
DA:9,1
DA:13,1
DA:14,2
DA:18,126
DA:19,123
DA:20,123
DA:21,123
DA:23,3
DA:24,3
DA:28,1
DA:29,1
DA:32,1
DA:33,1
DA:36,1
DA:37,125
DA:39,1
LF:16
LH:16
BRDA:18,1,0,123
BRDA:18,1,1,3
BRDA:20,2,0,123
BRDA:20,2,1,123
BRDA:20,2,2,123
BRDA:21,3,0,123
BRDA:21,3,1,123
BRDA:21,3,2,123
BRDA:14,4,0,2
BRDA:14,4,1,2
BRDA:37,5,0,125
BRDA:37,5,1,124
BRDA:37,5,2,124
BRF:13
BRH:13
end_of_record
TN:
SF:/home/travis/build/DSI-HUG/dejajs-components/src/common/core/sorting/sort-order.model.ts
FN:10,(anonymous_0)
FNF:1
FNH:1
FNDA:1,(anonymous_0)
DA:10,1
DA:12,1
DA:14,1
LF:3
LH:3
BRDA:10,1,0,1
BRDA:10,1,1,1
BRF:2
BRH:2
end_of_record
TN:
SF:/home/travis/build/DSI-HUG/dejajs-components/src/common/core/grouping/grouping.service.ts
FN:23,(anonymous_0)
FN:23,GroupingService
FN:31,(anonymous_2)
FN:39,(anonymous_3)
FN:39,(anonymous_4)
FN:49,(anonymous_5)
FN:51,(anonymous_6)
FN:54,(anonymous_7)
FN:56,(anonymous_8)
FN:62,(anonymous_9)
FN:77,(anonymous_10)
FN:81,(anonymous_11)
FN:83,(anonymous_12)
FN:84,(anonymous_13)
FN:101,(anonymous_14)
FN:110,(anonymous_15)
FN:110,(anonymous_16)
FN:111,(anonymous_17)
FN:111,(anonymous_18)
FN:112,(anonymous_19)
FN:122,(anonymous_20)
FNF:21
FNH:19
FNDA:1,(anonymous_0)
FNDA:27,GroupingService
FNDA:54,(anonymous_2)
FNDA:26,(anonymous_3)
FNDA:26,(anonymous_4)
FNDA:6,(anonymous_5)
FNDA:63,(anonymous_6)
FNDA:0,(anonymous_7)
FNDA:63,(anonymous_8)
FNDA:63,(anonymous_9)
FNDA:0,(anonymous_10)
FNDA:89,(anonymous_11)
FNDA:89,(anonymous_12)
FNDA:24189,(anonymous_13)
FNDA:840,(anonymous_14)
FNDA:89,(anonymous_15)
FNDA:645,(anonymous_16)
FNDA:89,(anonymous_17)
FNDA:645,(anonymous_18)
FNDA:89,(anonymous_19)
FNDA:6,(anonymous_20)
DA:9,1
DA:10,1
DA:11,1
DA:12,1
DA:13,1
DA:14,1
DA:15,1
DA:16,1
DA:17,1
DA:19,1
DA:23,1
DA:31,72
DA:32,54
DA:33,1
DA:36,53
DA:38,21
DA:39,26
DA:40,21
DA:43,32
DA:44,32
DA:46,26
DA:49,6
DA:50,6
DA:52,63
DA:53,63
DA:54,0
DA:56,63
DA:57,63
DA:58,63
DA:64,63
DA:65,63
DA:70,6
DA:77,1
DA:78,0
DA:81,89
DA:82,89
DA:83,89
DA:85,24189
DA:87,24189
DA:88,3
DA:91,24189
DA:92,6
DA:95,24189
DA:97,24189
DA:98,645
DA:99,645
DA:101,840
DA:104,645
DA:107,24189
DA:108,24189
DA:110,645
DA:111,645
DA:113,89
DA:114,1
DA:115,1
DA:117,88
DA:122,1
DA:123,6
DA:124,0
DA:126,6
DA:127,3
DA:128,3
DA:129,3
DA:133,1
LF:64
LH:61
BRDA:31,1,0,18
BRDA:31,1,1,36
BRDA:32,2,0,1
BRDA:32,2,1,53
BRDA:32,3,0,54
BRDA:32,3,1,54
BRDA:32,3,2,53
BRDA:36,4,0,21
BRDA:36,4,1,32
BRDA:44,5,0,26
BRDA:44,5,1,6
BRDA:53,6,0,0
BRDA:53,6,1,63
BRDA:53,7,0,63
BRDA:53,7,1,63
BRDA:85,8,0,3
BRDA:85,8,1,24186
BRDA:87,9,0,3
BRDA:87,9,1,24186
BRDA:91,10,0,6
BRDA:91,10,1,24183
BRDA:97,11,0,645
BRDA:97,11,1,23544
BRDA:98,12,0,168
BRDA:98,12,1,477
BRDA:98,13,0,0
BRDA:98,13,1,168
BRDA:111,14,0,645
BRDA:111,14,1,3
BRDA:111,14,2,642
BRDA:113,15,0,1
BRDA:113,15,1,88
BRDA:123,16,0,0
BRDA:123,16,1,6
BRDA:126,17,0,3
BRDA:126,17,1,3
BRDA:127,18,0,3
BRDA:127,18,1,0
BRDA:128,19,0,3
BRDA:128,19,1,0
BRF:40
BRH:35
end_of_record
TN:
SF:/home/travis/build/DSI-HUG/dejajs-components/src/common/core/sorting/sorting.service.ts
FN:20,(anonymous_0)
FN:20,SortingService
FN:26,(anonymous_2)
FN:35,(anonymous_3)
FN:56,(anonymous_4)
FN:59,(anonymous_5)
FN:60,(anonymous_6)
FN:65,(anonymous_7)
FN:70,(anonymous_8)
FNF:9
FNH:9
FNDA:1,(anonymous_0)
FNDA:24,SortingService
FNDA:30,(anonymous_2)
FNDA:30,(anonymous_3)
FNDA:14,(anonymous_4)
FNDA:14,(anonymous_5)
FNDA:55,(anonymous_6)
FNDA:12,(anonymous_7)
FNDA:55,(anonymous_8)
DA:9,1
DA:10,1
DA:11,1
DA:12,1
DA:13,1
DA:14,1
DA:15,1
DA:17,1
DA:20,1
DA:26,1
DA:27,30
DA:35,1
DA:36,30
DA:37,29
DA:38,29
DA:39,29
DA:40,42
DA:41,42
DA:42,42
DA:43,15
DA:47,30
DA:56,14
DA:57,14
DA:58,14
DA:59,14
DA:61,55
DA:62,43
DA:64,12
DA:66,12
DA:67,12
DA:71,55
DA:72,55
DA:75,1
LF:33
LH:33
BRDA:36,1,0,29
BRDA:36,1,1,1
BRDA:36,2,0,30
BRDA:36,2,1,30
BRDA:37,3,0,13
BRDA:37,3,1,16
BRDA:42,4,0,15
BRDA:42,4,1,27
BRDA:57,5,0,14
BRDA:57,5,1,0
BRDA:61,6,0,43
BRDA:61,6,1,12
BRDA:61,7,0,55
BRDA:61,7,1,55
BRF:14
BRH:13
end_of_record
TN:
SF:/home/travis/build/DSI-HUG/dejajs-components/src/common/core/pipes/time-ago.pipe.ts
FN:22,(anonymous_2)
FN:30,TimeAgoPipe
FN:32,(anonymous_4)
FN:33,(anonymous_5)
FN:38,(anonymous_6)
FN:40,(anonymous_7)
FN:42,(anonymous_8)
FN:48,(anonymous_9)
FN:52,(anonymous_10)
FN:67,(anonymous_11)
FN:80,(anonymous_12)
FN:84,(anonymous_13)
FNF:12
FNH:8
FNDA:1,(anonymous_2)
FNDA:1,TimeAgoPipe
FNDA:3,(anonymous_4)
FNDA:3,(anonymous_5)
FNDA:0,(anonymous_6)
FNDA:0,(anonymous_7)
FNDA:0,(anonymous_8)
FNDA:0,(anonymous_9)
FNDA:3,(anonymous_10)
FNDA:3,(anonymous_11)
FNDA:3,(anonymous_12)
FNDA:6,(anonymous_13)
DA:9,1
DA:10,1
DA:11,1
DA:12,1
DA:13,1
DA:14,1
DA:15,1
DA:16,1
DA:18,1
DA:19,1
DA:22,1
DA:27,1
DA:28,1
DA:30,1
DA:31,1
DA:32,3
DA:34,3
DA:35,3
DA:36,3
DA:39,0
DA:40,0
DA:41,0
DA:42,0
DA:48,1
DA:49,0
DA:52,1
DA:53,3
DA:54,3
DA:55,3
DA:56,3
DA:57,3
DA:58,3
DA:61,0
DA:64,3
DA:67,1
DA:68,3
DA:69,3
DA:70,1
DA:71,2
DA:72,1
DA:73,1
DA:74,1
DA:76,0
DA:80,1
DA:81,3
DA:84,1
DA:85,6
DA:86,2
DA:87,4
DA:88,4
DA:90,0
DA:93,1
LF:52
LH:44
BRDA:19,1,0,1
BRDA:19,1,1,1
BRDA:39,2,0,0
BRDA:39,2,1,0
BRDA:39,3,0,0
BRDA:39,3,1,0
BRDA:53,4,0,3
BRDA:53,4,1,0
BRDA:69,5,0,1
BRDA:69,5,1,2
BRDA:71,6,0,1
BRDA:71,6,1,1
BRDA:73,7,0,1
BRDA:73,7,1,0
BRDA:81,8,0,3
BRDA:81,8,1,0
BRDA:85,9,0,2
BRDA:85,9,1,4
BRDA:87,10,0,4
BRDA:87,10,1,0
BRF:20
BRH:12
end_of_record
TN:
SF:/home/travis/build/DSI-HUG/dejajs-components/src/common/core/resize-listener/index.ts
FN:20,(anonymous_2)
FN:20,ResizeListenerModule
FNF:2
FNH:2
FNDA:1,(anonymous_2)
FNDA:2,ResizeListenerModule
DA:9,1
DA:10,1
DA:20,1
DA:22,1
LF:4
LH:4
BRF:0
BRH:0
end_of_record
TN:
SF:/home/travis/build/DSI-HUG/dejajs-components/src/common/core/resize-listener/resize-listener.directive.ts
FN:14,(anonymous_2)
FN:19,DejaResizeListenerDirective
FN:45,(anonymous_4)
FN:65,(anonymous_5)
FN:82,(anonymous_6)
FN:88,(anonymous_7)
FN:114,(anonymous_8)
FNF:7
FNH:7
FNDA:1,(anonymous_2)
FNDA:2,DejaResizeListenerDirective
FNDA:6,(anonymous_4)
FNDA:6,(anonymous_5)
FNDA:4,(anonymous_6)
FNDA:1,(anonymous_7)
FNDA:2,(anonymous_8)
DA:9,1
DA:14,1
DA:17,2
DA:19,2
DA:20,2
DA:21,2
DA:22,2
DA:23,2
DA:24,2
DA:25,2
DA:27,2
DA:28,2
DA:35,2
DA:36,2
DA:37,2
DA:38,2
DA:40,2
DA:41,2
DA:42,2
DA:45,2
DA:46,6
DA:47,0
DA:53,6
DA:54,6
DA:61,2
DA:62,2
DA:63,2
DA:65,2
DA:67,6
DA:68,6
DA:70,6
DA:71,0
DA:74,6
DA:75,6
DA:77,6
DA:78,0
DA:82,2
DA:84,4
DA:85,4
DA:86,4
DA:88,4
DA:89,1
DA:91,1
DA:92,0
DA:95,1
DA:96,1
DA:97,1
DA:100,4
DA:101,1
DA:104,4
DA:107,2
DA:108,2
DA:111,2
DA:114,1
DA:115,2
DA:116,2
DA:117,2
DA:119,2
DA:122,1
LF:59
LH:55
BRDA:41,1,0,2
BRDA:41,1,1,0
BRDA:41,2,0,2
BRDA:41,2,1,2
BRDA:41,2,2,2
BRDA:46,3,0,0
BRDA:46,3,1,6
BRDA:67,4,0,6
BRDA:67,4,1,0
BRDA:68,5,0,6
BRDA:68,5,1,0
BRDA:70,6,0,0
BRDA:70,6,1,6
BRDA:77,7,0,0
BRDA:77,7,1,6
BRDA:91,8,0,0
BRDA:91,8,1,1
BRDA:91,9,0,1
BRDA:91,9,1,1
BRDA:100,10,0,1
BRDA:100,10,1,3
BRDA:100,11,0,4
BRDA:100,11,1,4
BRDA:100,11,2,2
BRDA:115,12,0,2
BRDA:115,12,1,0
BRDA:116,13,0,2
BRDA:116,13,1,0
BRF:28
BRH:19
end_of_record
TN:
SF:/home/travis/build/DSI-HUG/dejajs-components/src/common/core/text-metrics/text-metrics.service.ts
FN:23,(anonymous_2)
FN:33,DejaTextMetricsService
FN:37,(anonymous_4)
FN:48,(anonymous_5)
FN:60,(anonymous_6)
FN:80,(anonymous_7)
FN:83,(anonymous_8)
FN:101,(anonymous_9)
FN:103,(anonymous_10)
FN:121,(anonymous_11)
FN:123,(anonymous_12)
FN:124,(anonymous_13)
FN:132,(anonymous_14)
FN:133,(anonymous_15)
FN:134,(anonymous_16)
FNF:15
FNH:15
FNDA:1,(anonymous_2)
FNDA:8,DejaTextMetricsService
FNDA:3,(anonymous_4)
FNDA:3,(anonymous_5)
FNDA:773,(anonymous_6)
FNDA:1,(anonymous_7)
FNDA:2,(anonymous_8)
FNDA:2,(anonymous_9)
FNDA:2,(anonymous_10)
FNDA:2,(anonymous_11)
FNDA:4,(anonymous_12)
FNDA:2,(anonymous_13)
FNDA:510,(anonymous_14)
FNDA:508,(anonymous_15)
FNDA:34,(anonymous_16)
DA:9,1
DA:10,1
DA:11,1
DA:12,1
DA:13,1
DA:14,1
DA:15,1
DA:16,1
DA:17,1
DA:23,1
DA:25,8
DA:27,8
DA:33,8
DA:34,8
DA:38,3
DA:39,3
DA:40,765
DA:41,765
DA:43,3
DA:48,1
DA:49,3
DA:60,1
DA:61,773
DA:62,773
DA:64,773
DA:65,773
DA:66,773
DA:67,773
DA:69,773
DA:80,1
DA:81,1
DA:83,1
DA:84,2
DA:85,2
DA:86,2
DA:90,1
DA:101,2
DA:102,2
DA:104,2
DA:105,2
DA:109,2
DA:121,1
DA:122,2
DA:123,4
DA:126,2
DA:127,2
DA:128,2
DA:129,2
DA:130,2
DA:131,2
DA:132,510
DA:133,508
DA:134,2
DA:135,34
DA:136,34
DA:137,202
DA:140,202
DA:142,34
DA:143,6
DA:144,6
DA:146,28
DA:148,34
DA:149,2
DA:154,2
DA:157,1
LF:65
LH:65
BRDA:64,1,0,773
BRDA:64,1,1,7
BRDA:85,2,0,2
BRDA:85,2,1,0
BRDA:106,3,0,0
BRDA:106,3,1,2
BRDA:129,4,0,2
BRDA:129,4,1,0
BRDA:140,5,0,202
BRDA:140,5,1,0
BRDA:142,6,0,6
BRDA:142,6,1,28
BRDA:148,7,0,2
BRDA:148,7,1,32
BRF:14
BRH:10
end_of_record
TN:
SF:/home/travis/build/DSI-HUG/dejajs-components/src/common/core/validation/validation-messages.ts
FN:10,(anonymous_0)
FN:10,ValidationMessages
FN:17,(anonymous_2)
FNF:3
FNH:3
FNDA:1,(anonymous_0)
FNDA:1,ValidationMessages
FNDA:5,(anonymous_2)
DA:10,1
DA:11,1
DA:17,1
DA:18,5
DA:20,1
LF:5
LH:5
BRF:0
BRH:0
end_of_record
TN:
SF:/home/travis/build/DSI-HUG/dejajs-components/src/common/global-event/global-event-emmitter.ts
FN:11,(anonymous_0)
FN:11,GlobalEventEmmitter
FN:23,(anonymous_2)
FN:27,(anonymous_3)
FN:31,(anonymous_4)
FN:35,(anonymous_5)
FN:68,(anonymous_6)
FN:83,(anonymous_7)
FN:88,(anonymous_8)
FN:92,(anonymous_9)
FN:96,(anonymous_10)
FN:14,(anonymous_11)
FNF:12
FNH:10
FNDA:1,(anonymous_0)
FNDA:1,GlobalEventEmmitter
FNDA:1,(anonymous_2)
FNDA:0,(anonymous_3)
FNDA:0,(anonymous_4)
FNDA:1,(anonymous_5)
FNDA:1,(anonymous_6)
FNDA:1,(anonymous_7)
FNDA:1,(anonymous_8)
FNDA:1,(anonymous_9)
FNDA:1,(anonymous_10)
FNDA:2,(anonymous_11)
DA:11,2
DA:14,1
DA:15,2
DA:16,1
DA:18,2
DA:21,1
DA:23,1
DA:24,1
DA:27,1
DA:28,0
DA:31,1
DA:32,0
DA:35,1
DA:36,1
DA:39,1
DA:40,0
DA:41,0
DA:45,1
DA:46,1
DA:47,0
DA:51,1
DA:52,0
DA:53,0
DA:58,1
DA:59,1
DA:60,1
DA:61,1
DA:62,1
DA:65,1
DA:68,1
DA:69,1
DA:70,1
DA:72,1
DA:73,1
DA:75,1
DA:76,1
DA:80,1
DA:83,1
DA:84,1
DA:85,1
DA:88,1
DA:89,1
DA:92,1
DA:93,1
DA:96,1
DA:97,1
DA:98,1
DA:99,1
DA:101,1
DA:104,1
LF:50
LH:43
BRDA:36,1,0,1
BRDA:36,1,1,0
BRDA:39,2,0,0
BRDA:39,2,1,1
BRDA:46,3,0,0
BRDA:46,3,1,1
BRDA:51,4,0,0
BRDA:51,4,1,1
BRDA:60,5,0,1
BRDA:60,5,1,0
BRDA:60,6,0,1
BRDA:60,6,1,0
BRDA:69,7,0,1
BRDA:69,7,1,0
BRDA:72,8,0,1
BRDA:72,8,1,0
BRDA:84,9,0,1
BRDA:84,9,1,0
BRDA:85,10,0,1
BRDA:85,10,1,0
BRDA:97,11,0,1
BRDA:97,11,1,0
BRDA:98,12,0,1
BRDA:98,12,1,1
BRDA:15,13,0,1
BRDA:15,13,1,1
BRF:26
BRH:15
end_of_record
TN:
SF:/home/travis/build/DSI-HUG/dejajs-components/src/common/global-event/global-event.service.ts
FN:14,(anonymous_2)
FN:19,GlobalEventService
FN:23,(anonymous_4)
FN:25,(anonymous_5)
FN:26,(anonymous_6)
FN:37,(anonymous_7)
FNF:6
FNH:6
FNDA:1,(anonymous_2)
FNDA:1,GlobalEventService
FNDA:1,(anonymous_4)
FNDA:1,(anonymous_5)
FNDA:1,(anonymous_6)
FNDA:1,(anonymous_7)
DA:9,1
DA:10,1
DA:11,1
DA:14,1
DA:16,1
DA:17,1
DA:20,1
DA:23,1
DA:24,1
DA:25,1
DA:26,1
DA:28,1
DA:30,1
DA:34,1
DA:37,1
DA:38,1
DA:39,1
DA:40,1
DA:41,1
DA:44,1
LF:20
LH:20
BRDA:24,1,0,1
BRDA:24,1,1,0
BRDA:38,2,0,1
BRDA:38,2,1,0
BRF:4
BRH:2
end_of_record
TN:
SF:/home/travis/build/DSI-HUG/dejajs-components/src/component/autosize-textarea/autosize-textarea.directive.ts
FN:31,(anonymous_2)
FN:61,DejaAutosizeTextAreaDirective
FN:65,(anonymous_4)
FN:67,(anonymous_5)
FN:68,(anonymous_6)
FN:51,(anonymous_7)
FN:35,(anonymous_8)
FN:40,(anonymous_9)
FN:45,(anonymous_10)
FN:73,(anonymous_11)
FN:77,(anonymous_12)
FN:81,(anonymous_13)
FN:27,(anonymous_14)
FNF:13
FNH:12
FNDA:1,(anonymous_2)
FNDA:3,DejaAutosizeTextAreaDirective
FNDA:9,(anonymous_4)
FNDA:3,(anonymous_5)
FNDA:3,(anonymous_6)
FNDA:0,(anonymous_7)
FNDA:3,(anonymous_8)
FNDA:3,(anonymous_9)
FNDA:3,(anonymous_10)
FNDA:3,(anonymous_11)
FNDA:3,(anonymous_12)
FNDA:6,(anonymous_13)
FNDA:3,(anonymous_14)
DA:9,1
DA:10,1
DA:11,1
DA:12,1
DA:13,1
DA:14,1
DA:15,1
DA:16,1
DA:17,1
DA:18,1
DA:27,3
DA:31,1
DA:34,3
DA:35,2
DA:36,3
DA:38,3
DA:41,3
DA:42,3
DA:46,3
DA:47,3
DA:52,0
DA:55,3
DA:56,3
DA:57,3
DA:59,3
DA:61,3
DA:62,3
DA:64,3
DA:65,9
DA:67,3
DA:69,3
DA:73,1
DA:74,3
DA:77,1
DA:78,3
DA:81,1
DA:82,6
DA:83,6
DA:85,1
LF:39
LH:38
BRDA:41,1,0,3
BRDA:41,1,1,0
BRF:2
BRH:1
end_of_record
TN:
SF:/home/travis/build/DSI-HUG/dejajs-components/src/component/autosize-textarea/index.ts
FN:25,(anonymous_2)
FN:25,DejaAutosizeTextAreaModule
FNF:2
FNH:2
FNDA:1,(anonymous_2)
FNDA:3,DejaAutosizeTextAreaModule
DA:9,1
DA:10,1
DA:11,1
DA:12,1
DA:13,1
DA:25,1
DA:27,1
LF:7
LH:7
BRF:0
BRH:0
end_of_record
TN:
SF:/home/travis/build/DSI-HUG/dejajs-components/src/component/chips/chips.component.ts
FN:13,(anonymous_4)
FN:27,(anonymous_5)
FN:49,DejaChipsComponent
FN:61,(anonymous_7)
FN:57,(anonymous_8)
FN:70,(anonymous_9)
FN:66,(anonymous_10)
FN:82,(anonymous_11)
FN:76,(anonymous_12)
FN:87,(anonymous_13)
FN:92,(anonymous_14)
FN:97,(anonymous_15)
FN:101,(anonymous_16)
FN:106,(anonymous_17)
FN:110,(anonymous_18)
FN:126,(anonymous_19)
FNF:16
FNH:11
FNDA:6,(anonymous_4)
FNDA:1,(anonymous_5)
FNDA:33,DejaChipsComponent
FNDA:100,(anonymous_7)
FNDA:13,(anonymous_8)
FNDA:79,(anonymous_9)
FNDA:36,(anonymous_10)
FNDA:0,(anonymous_11)
FNDA:0,(anonymous_12)
FNDA:36,(anonymous_13)
FNDA:0,(anonymous_14)
FNDA:0,(anonymous_15)
FNDA:0,(anonymous_16)
FNDA:225,(anonymous_17)
FNDA:93,(anonymous_18)
FNDA:6,(anonymous_19)
DA:9,1
DA:10,1
DA:11,1
DA:13,1
DA:27,1
DA:29,1
DA:32,1
DA:35,1
DA:38,33
DA:40,33
DA:42,33
DA:43,33
DA:45,33
DA:47,1
DA:49,33
DA:50,33
DA:51,0
DA:57,2
DA:58,13
DA:62,100
DA:66,2
DA:67,36
DA:71,79
DA:76,1
DA:77,0
DA:78,0
DA:83,0
DA:87,1
DA:88,36
DA:92,1
DA:93,0
DA:97,1
DA:98,0
DA:101,1
DA:102,0
DA:106,1
DA:107,225
DA:110,1
DA:111,93
DA:112,0
DA:114,93
DA:115,15
DA:116,78
DA:117,12
DA:118,66
DA:119,12
DA:120,54
DA:121,54
DA:126,1
DA:127,6
DA:128,6
DA:129,6
DA:130,6
DA:131,6
DA:132,6
DA:134,1
LF:56
LH:48
BRDA:50,1,0,0
BRDA:50,1,1,33
BRDA:58,2,0,13
BRDA:58,2,1,10
BRDA:107,3,0,225
BRDA:107,3,1,225
BRDA:111,4,0,0
BRDA:111,4,1,93
BRDA:114,5,0,15
BRDA:114,5,1,78
BRDA:114,6,0,93
BRDA:114,6,1,27
BRDA:114,6,2,15
BRDA:116,7,0,12
BRDA:116,7,1,66
BRDA:116,8,0,78
BRDA:116,8,1,12
BRDA:118,9,0,12
BRDA:118,9,1,54
BRDA:119,10,0,12
BRDA:119,10,1,0
BRDA:120,11,0,54
BRDA:120,11,1,0
BRF:23
BRH:19
end_of_record
TN:
SF:/home/travis/build/DSI-HUG/dejajs-components/src/component/circular-picker/circular-picker.component.ts
FN:26,(anonymous_4)
FN:28,(anonymous_5)
FN:47,(anonymous_6)
FN:128,DejaCircularPickerComponent
FN:136,(anonymous_8)
FN:137,(anonymous_9)
FN:139,(anonymous_10)
FN:159,(anonymous_11)
FN:172,(anonymous_12)
FN:77,(anonymous_13)
FN:71,(anonymous_14)
FN:108,(anonymous_15)
FN:112,(anonymous_16)
FN:116,(anonymous_17)
FN:120,(anonymous_18)
FN:217,(anonymous_19)
FN:224,(anonymous_20)
FN:229,(anonymous_21)
FN:256,(anonymous_22)
FN:248,(anonymous_23)
FN:261,(anonymous_24)
FN:269,(anonymous_25)
FN:274,(anonymous_26)
FN:278,(anonymous_27)
FN:292,(anonymous_28)
FN:314,(anonymous_29)
FN:324,(anonymous_30)
FN:333,(anonymous_31)
FN:338,(anonymous_32)
FN:340,(anonymous_33)
FN:353,(anonymous_34)
FN:360,(anonymous_35)
FN:386,(anonymous_36)
FNF:33
FNH:20
FNDA:1,(anonymous_4)
FNDA:1,(anonymous_5)
FNDA:1,(anonymous_6)
FNDA:4,DejaCircularPickerComponent
FNDA:0,(anonymous_8)
FNDA:0,(anonymous_9)
FNDA:0,(anonymous_10)
FNDA:0,(anonymous_11)
FNDA:0,(anonymous_12)
FNDA:3,(anonymous_13)
FNDA:0,(anonymous_14)
FNDA:6,(anonymous_15)
FNDA:12,(anonymous_16)
FNDA:6,(anonymous_17)
FNDA:3,(anonymous_18)
FNDA:4,(anonymous_19)
FNDA:3,(anonymous_20)
FNDA:3,(anonymous_21)
FNDA:0,(anonymous_22)
FNDA:1,(anonymous_23)
FNDA:1,(anonymous_24)
FNDA:0,(anonymous_25)
FNDA:0,(anonymous_26)
FNDA:0,(anonymous_27)
FNDA:0,(anonymous_28)
FNDA:53,(anonymous_29)
FNDA:0,(anonymous_30)
FNDA:56,(anonymous_31)
FNDA:3,(anonymous_32)
FNDA:3,(anonymous_33)
FNDA:4,(anonymous_34)
FNDA:3,(anonymous_35)
FNDA:0,(anonymous_36)
DA:9,1
DA:10,1
DA:11,1
DA:12,1
DA:13,1
DA:14,1
DA:15,1
DA:16,1
DA:17,1
DA:18,1
DA:19,1
DA:20,1
DA:21,1
DA:23,1
DA:24,1
DA:26,1
DA:28,1
DA:29,1
DA:30,1
DA:47,1
DA:49,4
DA:51,4
DA:53,4
DA:60,4
DA:62,1
DA:65,1
DA:67,1
DA:71,2
DA:72,0
DA:73,0
DA:78,3
DA:81,4
DA:82,4
DA:84,4
DA:87,4
DA:89,4
DA:90,4
DA:93,4
DA:106,1
DA:108,1
DA:109,6
DA:112,1
DA:113,12
DA:116,1
DA:117,6
DA:120,1
DA:121,3
DA:128,4
DA:129,4
DA:131,4
DA:132,0
DA:135,4
DA:136,0
DA:137,0
DA:140,0
DA:141,0
DA:142,0
DA:143,0
DA:144,0
DA:145,0
DA:146,0
DA:149,0
DA:150,0
DA:152,0
DA:153,0
DA:156,0
DA:160,0
DA:161,0
DA:162,0
DA:165,0
DA:166,0
DA:168,0
DA:173,0
DA:174,0
DA:175,0
DA:178,0
DA:179,0
DA:180,0
DA:181,0
DA:183,0
DA:184,0
DA:185,0
DA:186,0
DA:187,0
DA:189,0
DA:193,0
DA:194,0
DA:195,0
DA:196,0
DA:197,0
DA:198,0
DA:199,0
DA:201,0
DA:206,0
DA:207,0
DA:208,0
DA:217,1
DA:218,4
DA:224,3
DA:226,3
DA:227,3
DA:229,3
DA:230,3
DA:231,3
DA:232,3
DA:233,3
DA:240,3
DA:242,3
DA:243,3
DA:248,1
DA:249,1
DA:250,1
DA:251,1
DA:257,0
DA:261,1
DA:262,1
DA:263,1
DA:264,1
DA:269,1
DA:270,0
DA:274,1
DA:275,0
DA:278,1
DA:279,0
DA:292,1
DA:293,0
DA:294,0
DA:300,0
DA:301,0
DA:303,0
DA:314,1
DA:315,53
DA:316,53
DA:318,53
DA:319,53
DA:321,53
DA:324,1
DA:325,0
DA:333,1
DA:334,56
DA:335,56
DA:338,3
DA:339,3
DA:340,3
DA:341,3
DA:342,50
DA:343,50
DA:344,50
DA:345,50
DA:347,50
DA:348,50
DA:353,4
DA:354,4
DA:355,1
DA:357,3
DA:358,2
DA:360,3
DA:361,3
DA:362,3
DA:365,3
DA:366,0
DA:368,3
DA:370,3
DA:372,3
DA:373,3
DA:378,3
DA:383,3
DA:386,1
DA:387,0
DA:389,0
DA:390,0
DA:391,0
DA:394,0
DA:395,0
DA:398,0
DA:400,1
LF:176
LH:111
BRDA:28,1,0,1
BRDA:28,1,1,1
BRDA:131,2,0,0
BRDA:131,2,1,4
BRDA:143,3,0,0
BRDA:143,3,1,0
BRDA:145,4,0,0
BRDA:145,4,1,0
BRDA:149,5,0,0
BRDA:149,5,1,0
BRDA:149,6,0,0
BRDA:149,6,1,0
BRDA:152,7,0,0
BRDA:152,7,1,0
BRDA:173,8,0,0
BRDA:173,8,1,0
BRDA:180,9,0,0
BRDA:180,9,1,0
BRDA:185,10,0,0
BRDA:185,10,1,0
BRDA:197,11,0,0
BRDA:197,11,1,0
BRDA:207,12,0,0
BRDA:207,12,1,0
BRDA:230,13,0,1
BRDA:230,13,1,2
BRDA:231,14,0,2
BRDA:231,14,1,1
BRDA:232,15,0,1
BRDA:232,15,1,2
BRDA:249,16,0,1
BRDA:249,16,1,0
BRDA:262,17,0,1
BRDA:262,17,1,0
BRDA:300,18,0,0
BRDA:300,18,1,0
BRDA:345,19,0,0
BRDA:345,19,1,50
BRDA:354,20,0,1
BRDA:354,20,1,3
BRDA:354,21,0,4
BRDA:354,21,1,4
BRDA:357,22,0,2
BRDA:357,22,1,1
BRDA:357,23,0,3
BRDA:357,23,1,1
BRDA:361,24,0,3
BRDA:361,24,1,0
BRDA:361,25,0,3
BRDA:361,25,1,3
BRDA:365,26,0,0
BRDA:365,26,1,3
BRDA:372,27,0,0
BRDA:372,27,1,3
BRDA:380,28,0,0
BRDA:380,28,1,3
BRDA:389,29,0,0
BRDA:389,29,1,0
BRDA:394,30,0,0
BRDA:394,30,1,0
BRF:60
BRH:26
end_of_record
TN:
SF:/home/travis/build/DSI-HUG/dejajs-components/src/common/core/style/material-colors.ts
FN:14,(anonymous_1)
FN:13,MaterialColors
FN:253,(anonymous_3)
FN:256,(anonymous_4)
FN:261,(anonymous_5)
FN:271,(anonymous_6)
FN:274,(anonymous_7)
FN:276,(anonymous_8)
FN:287,(anonymous_9)
FNF:9
FNH:5
FNDA:1,(anonymous_1)
FNDA:2,MaterialColors
FNDA:2,(anonymous_3)
FNDA:38,(anonymous_4)
FNDA:384,(anonymous_5)
FNDA:0,(anonymous_6)
FNDA:0,(anonymous_7)
FNDA:0,(anonymous_8)
FNDA:0,(anonymous_9)
DA:9,1
DA:10,1
DA:11,1
DA:14,1
DA:20,2
DA:253,2
DA:254,2
DA:255,2
DA:256,2
DA:257,38
DA:258,38
DA:259,38
DA:260,38
DA:261,38
DA:262,384
DA:263,384
DA:264,384
DA:268,2
DA:271,1
DA:272,0
DA:273,0
DA:274,0
DA:275,0
DA:276,0
DA:277,0
DA:278,0
DA:280,0
DA:284,0
DA:287,1
DA:288,0
DA:289,0
DA:290,0
DA:292,0
DA:293,0
DA:294,0
DA:296,1
LF:36
LH:21
BRDA:254,1,0,2
BRDA:254,1,1,0
BRDA:272,2,0,0
BRDA:272,2,1,0
BRDA:277,3,0,0
BRDA:277,3,1,0
BRF:6
BRH:1
end_of_record
TN:
SF:/home/travis/build/DSI-HUG/dejajs-components/src/common/core/style/material-color.ts
FN:11,(anonymous_5)
FN:11,MaterialColor
FNF:2
FNH:1
FNDA:1,(anonymous_5)
FNDA:0,MaterialColor
DA:9,1
DA:11,1
DA:13,0
DA:14,1
LF:4
LH:3
BRDA:11,1,0,0
BRDA:11,1,1,0
BRDA:11,1,2,0
BRF:3
BRH:0
end_of_record
TN:
SF:/home/travis/build/DSI-HUG/dejajs-components/src/component/index.ts
FNF:0
FNH:0
DA:9,1
DA:10,1
DA:11,1
DA:12,1
DA:13,1
DA:14,1
DA:15,1
DA:16,1
DA:17,1
DA:18,1
DA:19,1
DA:20,1
DA:21,1
DA:22,1
DA:23,1
DA:24,1
DA:25,1
DA:26,1
DA:27,1
DA:28,1
DA:29,1
DA:30,1
DA:31,1
DA:32,1
DA:33,1
DA:34,1
DA:35,1
DA:36,1
DA:37,1
DA:38,1
DA:39,1
DA:40,1
LF:32
LH:32
BRF:0
BRH:0
end_of_record
TN:
SF:/home/travis/build/DSI-HUG/dejajs-components/src/component/accordion/index.ts
FN:20,(anonymous_2)
FN:20,DejaAccordionModule
FNF:2
FNH:1
FNDA:1,(anonymous_2)
FNDA:0,DejaAccordionModule
DA:9,1
DA:10,1
DA:11,1
DA:13,1
DA:20,1
DA:22,1
LF:6
LH:6
BRF:0
BRH:0
end_of_record
TN:
SF:/home/travis/build/DSI-HUG/dejajs-components/src/component/accordion/accordion.component.ts
FN:20,(anonymous_2)
FN:14,DejaAccordionComponent
FN:32,(anonymous_4)
FN:45,(anonymous_5)
FN:55,DejaAccordionGroupComponent
FN:66,(anonymous_7)
FN:88,(anonymous_8)
FN:84,DejaAccordionHeaderComponent
FN:103,(anonymous_10)
FN:99,DejaAccordionBodyComponent
FNF:10
FNH:4
FNDA:1,(anonymous_2)
FNDA:0,DejaAccordionComponent
FNDA:0,(anonymous_4)
FNDA:1,(anonymous_5)
FNDA:0,DejaAccordionGroupComponent
FNDA:0,(anonymous_7)
FNDA:1,(anonymous_8)
FNDA:0,DejaAccordionHeaderComponent
FNDA:1,(anonymous_10)
FNDA:0,DejaAccordionBodyComponent
DA:9,1
DA:20,1
DA:24,1
DA:25,0
DA:32,1
DA:33,0
DA:35,1
DA:45,1
DA:49,1
DA:53,1
DA:55,0
DA:56,0
DA:66,1
DA:68,0
DA:69,0
DA:71,0
DA:72,0
DA:73,0
DA:75,0
DA:78,1
DA:88,1
DA:92,1
DA:93,1
DA:103,1
DA:107,1
DA:108,1
LF:26
LH:16
BRDA:71,1,0,0
BRDA:71,1,1,0
BRDA:72,2,0,0
BRDA:72,2,1,0
BRF:4
BRH:0
end_of_record
TN:
SF:/home/travis/build/DSI-HUG/dejajs-components/src/component/chips/index.ts
FN:23,(anonymous_2)
FN:23,DejaChipsModule
FNF:2
FNH:2
FNDA:1,(anonymous_2)
FNDA:32,DejaChipsModule
DA:9,1
DA:10,1
DA:11,1
DA:13,1
DA:23,1
DA:25,1
LF:6
LH:6
BRF:0
BRH:0
end_of_record
TN:
SF:/home/travis/build/DSI-HUG/dejajs-components/src/component/circular-picker/index.ts
FN:23,(anonymous_2)
FN:23,DejaCircularPickerModule
FNF:2
FNH:1
FNDA:1,(anonymous_2)
FNDA:0,DejaCircularPickerModule
DA:9,1
DA:10,1
DA:11,1
DA:13,1
DA:23,1
DA:25,1
LF:6
LH:6
BRF:0
BRH:0
end_of_record
TN:
SF:/home/travis/build/DSI-HUG/dejajs-components/src/component/color-picker/index.ts
FN:28,(anonymous_2)
FN:28,DejaColorPickerModule
FNF:2
FNH:1
FNDA:1,(anonymous_2)
FNDA:0,DejaColorPickerModule
DA:9,1
DA:10,1
DA:11,1
DA:12,1
DA:13,1
DA:14,1
DA:15,1
DA:28,1
DA:30,1
LF:9
LH:9
BRF:0
BRH:0
end_of_record
TN:
SF:/home/travis/build/DSI-HUG/dejajs-components/src/component/color-selector/index.ts
FN:26,(anonymous_2)
FN:26,DejaColorSelectorModule
FNF:2
FNH:2
FNDA:1,(anonymous_2)
FNDA:7,DejaColorSelectorModule
DA:9,1
DA:10,1
DA:11,1
DA:12,1
DA:13,1
DA:14,1
DA:26,1
DA:28,1
DA:29,1
DA:30,1
LF:10
LH:10
BRF:0
BRH:0
end_of_record
TN:
SF:/home/travis/build/DSI-HUG/dejajs-components/src/component/color-selector/color-fab.component.ts
FN:24,(anonymous_2)
FN:30,DejaColorFabComponent
FN:35,(anonymous_4)
FN:39,(anonymous_5)
FN:49,(anonymous_6)
FN:53,(anonymous_7)
FN:54,(anonymous_8)
FN:57,(anonymous_9)
FN:62,(anonymous_10)
FN:66,(anonymous_11)
FN:67,(anonymous_12)
FNF:11
FNH:9
FNDA:1,(anonymous_2)
FNDA:38,DejaColorFabComponent
FNDA:38,(anonymous_4)
FNDA:38,(anonymous_5)
FNDA:38,(anonymous_6)
FNDA:38,(anonymous_7)
FNDA:38,(anonymous_8)
FNDA:0,(anonymous_9)
FNDA:0,(anonymous_10)
FNDA:38,(anonymous_11)
FNDA:76,(anonymous_12)
DA:9,1
DA:10,1
DA:11,1
DA:12,1
DA:13,1
DA:15,1
DA:24,1
DA:28,38
DA:31,38
DA:34,38
DA:35,2
DA:36,38
DA:38,38
DA:39,38
DA:40,38
DA:41,2
DA:43,36
DA:47,38
DA:49,38
DA:51,38
DA:53,38
DA:54,38
DA:57,0
DA:58,0
DA:62,1
DA:63,0
DA:66,1
DA:67,76
DA:69,1
LF:29
LH:26
BRDA:38,1,0,38
BRDA:38,1,1,0
BRDA:40,2,0,2
BRDA:40,2,1,36
BRDA:53,3,0,0
BRDA:53,3,1,38
BRDA:53,4,0,38
BRDA:53,4,1,38
BRDA:54,5,0,38
BRDA:54,5,1,0
BRF:10
BRH:7
end_of_record
TN:
SF:/home/travis/build/DSI-HUG/dejajs-components/src/component/color-selector/color-fab.class.ts
FN:13,(anonymous_0)
FN:18,DejaColorFab
FN:28,(anonymous_2)
FN:24,(anonymous_3)
FN:36,(anonymous_4)
FN:32,(anonymous_5)
FN:44,(anonymous_6)
FN:40,(anonymous_7)
FNF:8
FNH:3
FNDA:1,(anonymous_0)
FNDA:38,DejaColorFab
FNDA:38,(anonymous_2)
FNDA:0,(anonymous_3)
FNDA:0,(anonymous_4)
FNDA:0,(anonymous_5)
FNDA:0,(anonymous_6)
FNDA:0,(anonymous_7)
DA:9,1
DA:13,1
DA:18,38
DA:19,38
DA:20,38
DA:21,38
DA:24,1
DA:25,0
DA:29,38
DA:32,1
DA:33,0
DA:37,0
DA:40,1
DA:41,0
DA:45,0
DA:47,1
LF:16
LH:11
BRF:0
BRH:0
end_of_record
TN:
SF:/home/travis/build/DSI-HUG/dejajs-components/src/component/color-selector/color-selector.component.ts
FN:31,(anonymous_4)
FN:45,(anonymous_5)
FN:101,DejaColorSelectorComponent
FN:109,(anonymous_7)
FN:109,(anonymous_8)
FN:110,(anonymous_9)
FN:113,(anonymous_10)
FN:114,(anonymous_11)
FN:120,(anonymous_12)
FN:131,(anonymous_13)
FN:146,(anonymous_14)
FN:147,(anonymous_15)
FN:153,(anonymous_16)
FN:156,(anonymous_17)
FN:160,(anonymous_18)
FN:162,(anonymous_19)
FN:166,(anonymous_20)
FN:167,(anonymous_21)
FN:168,(anonymous_22)
FN:168,(anonymous_23)
FN:169,(anonymous_24)
FN:171,(anonymous_25)
FN:178,(anonymous_26)
FN:179,(anonymous_27)
FN:185,(anonymous_28)
FN:189,(anonymous_29)
FN:192,(anonymous_30)
FN:193,(anonymous_31)
FN:195,(anonymous_32)
FN:200,(anonymous_33)
FN:201,(anonymous_34)
FN:202,(anonymous_35)
FN:218,(anonymous_36)
FN:219,(anonymous_37)
FN:220,(anonymous_38)
FN:83,(anonymous_39)
FN:87,(anonymous_40)
FN:91,(anonymous_41)
FN:95,(anonymous_42)
FN:241,(anonymous_43)
FN:230,(anonymous_44)
FN:233,(anonymous_45)
FN:236,(anonymous_46)
FN:248,(anonymous_47)
FN:253,(anonymous_48)
FN:263,(anonymous_49)
FN:268,(anonymous_50)
FN:270,(anonymous_51)
FN:272,(anonymous_52)
FN:275,(anonymous_53)
FN:280,(anonymous_54)
FN:289,(anonymous_55)
FN:304,(anonymous_56)
FN:296,(anonymous_57)
FN:309,(anonymous_58)
FN:314,(anonymous_59)
FN:319,(anonymous_60)
FN:323,(anonymous_61)
FN:328,(anonymous_62)
FNF:59
FNH:25
FNDA:0,(anonymous_4)
FNDA:1,(anonymous_5)
FNDA:7,DejaColorSelectorComponent
FNDA:2,(anonymous_7)
FNDA:38,(anonymous_8)
FNDA:2,(anonymous_9)
FNDA:11,(anonymous_10)
FNDA:11,(anonymous_11)
FNDA:0,(anonymous_12)
FNDA:0,(anonymous_13)
FNDA:0,(anonymous_14)
FNDA:0,(anonymous_15)
FNDA:0,(anonymous_16)
FNDA:4,(anonymous_17)
FNDA:2,(anonymous_18)
FNDA:38,(anonymous_19)
FNDA:0,(anonymous_20)
FNDA:0,(anonymous_21)
FNDA:0,(anonymous_22)
FNDA:0,(anonymous_23)
FNDA:0,(anonymous_24)
FNDA:0,(anonymous_25)
FNDA:0,(anonymous_26)
FNDA:0,(anonymous_27)
FNDA:0,(anonymous_28)
FNDA:7,(anonymous_29)
FNDA:7,(anonymous_30)
FNDA:7,(anonymous_31)
FNDA:0,(anonymous_32)
FNDA:0,(anonymous_33)
FNDA:0,(anonymous_34)
FNDA:0,(anonymous_35)
FNDA:0,(anonymous_36)
FNDA:0,(anonymous_37)
FNDA:0,(anonymous_38)
FNDA:0,(anonymous_39)
FNDA:2,(anonymous_40)
FNDA:2,(anonymous_41)
FNDA:2,(anonymous_42)
FNDA:0,(anonymous_43)
FNDA:0,(anonymous_44)
FNDA:0,(anonymous_45)
FNDA:0,(anonymous_46)
FNDA:0,(anonymous_47)
FNDA:0,(anonymous_48)
FNDA:2,(anonymous_49)
FNDA:4,(anonymous_50)
FNDA:38,(anonymous_51)
FNDA:384,(anonymous_52)
FNDA:0,(anonymous_53)
FNDA:0,(anonymous_54)
FNDA:4,(anonymous_55)
FNDA:0,(anonymous_56)
FNDA:0,(anonymous_57)
FNDA:4,(anonymous_58)
FNDA:2,(anonymous_59)
FNDA:2,(anonymous_60)
FNDA:0,(anonymous_61)
FNDA:7,(anonymous_62)
DA:9,1
DA:10,1
DA:11,1
DA:12,1
DA:13,1
DA:14,1
DA:15,1
DA:16,1
DA:17,1
DA:18,1
DA:19,1
DA:20,1
DA:21,1
DA:22,1
DA:23,1
DA:24,1
DA:25,1
DA:26,1
DA:27,1
DA:29,1
DA:31,1
DA:45,1
DA:46,1
DA:49,7
DA:54,7
DA:55,7
DA:59,7
DA:61,7
DA:63,7
DA:64,7
DA:65,7
DA:67,7
DA:70,7
DA:73,7
DA:76,7
DA:79,7
DA:81,7
DA:83,1
DA:84,0
DA:87,1
DA:88,2
DA:91,1
DA:92,2
DA:95,2
DA:96,2
DA:97,2
DA:98,2
DA:101,7
DA:102,7
DA:104,7
DA:105,7
DA:108,7
DA:109,38
DA:110,2
DA:112,7
DA:113,11
DA:114,11
DA:115,11
DA:116,11
DA:117,11
DA:120,0
DA:121,0
DA:122,0
DA:123,0
DA:125,0
DA:127,0
DA:131,0
DA:133,0
DA:134,0
DA:135,0
DA:136,0
DA:138,0
DA:141,0
DA:144,7
DA:146,0
DA:148,0
DA:149,0
DA:150,0
DA:151,0
DA:153,0
DA:155,7
DA:156,4
DA:158,7
DA:161,2
DA:162,38
DA:166,0
DA:167,0
DA:168,0
DA:170,0
DA:171,0
DA:172,0
DA:176,7
DA:178,0
DA:180,0
DA:181,0
DA:182,0
DA:183,0
DA:185,0
DA:187,7
DA:189,7
DA:191,7
DA:192,7
DA:194,7
DA:195,7
DA:199,7
DA:200,0
DA:201,0
DA:203,0
DA:204,0
DA:205,0
DA:206,0
DA:207,0
DA:208,0
DA:209,0
DA:210,0
DA:212,0
DA:213,0
DA:217,7
DA:218,0
DA:219,0
DA:221,0
DA:222,0
DA:223,0
DA:230,2
DA:231,0
DA:232,0
DA:233,0
DA:235,0
DA:236,0
DA:238,0
DA:242,0
DA:248,1
DA:249,0
DA:250,0
DA:253,1
DA:254,0
DA:263,2
DA:264,2
DA:265,2
DA:268,4
DA:269,4
DA:270,4
DA:271,38
DA:272,384
DA:273,38
DA:274,0
DA:275,0
DA:277,0
DA:278,38
DA:279,0
DA:280,0
DA:282,0
DA:285,38
DA:287,4
DA:288,4
DA:289,4
DA:296,1
DA:297,0
DA:298,0
DA:299,0
DA:305,0
DA:309,1
DA:310,4
DA:314,1
DA:315,2
DA:319,1
DA:320,2
DA:323,1
DA:324,0
DA:328,1
DA:329,7
DA:331,1
LF:172
LH:102
BRDA:104,1,0,7
BRDA:104,1,1,0
BRDA:115,2,0,11
BRDA:115,2,1,0
BRDA:115,3,0,11
BRDA:115,3,1,11
BRDA:115,3,2,2
BRDA:122,4,0,0
BRDA:122,4,1,0
BRDA:134,5,0,0
BRDA:134,5,1,0
BRDA:146,6,0,0
BRDA:146,6,1,0
BRDA:150,7,0,0
BRDA:150,7,1,0
BRDA:150,8,0,0
BRDA:150,8,1,0
BRDA:150,8,2,0
BRDA:153,9,0,0
BRDA:153,9,1,0
BRDA:153,10,0,0
BRDA:153,10,1,0
BRDA:161,11,0,2
BRDA:161,11,1,0
BRDA:167,12,0,0
BRDA:167,12,1,0
BRDA:167,12,2,0
BRDA:168,13,0,0
BRDA:168,13,1,0
BRDA:178,14,0,0
BRDA:178,14,1,0
BRDA:182,15,0,0
BRDA:182,15,1,0
BRDA:182,16,0,0
BRDA:182,16,1,0
BRDA:182,16,2,0
BRDA:185,17,0,0
BRDA:185,17,1,0
BRDA:185,18,0,0
BRDA:185,18,1,0
BRDA:194,19,0,7
BRDA:194,19,1,0
BRDA:205,20,0,0
BRDA:205,20,1,0
BRDA:208,21,0,0
BRDA:208,21,1,0
BRDA:222,22,0,0
BRDA:222,22,1,0
BRDA:222,23,0,0
BRDA:222,23,1,0
BRDA:96,24,0,0
BRDA:96,24,1,2
BRDA:97,25,0,2
BRDA:97,25,1,0
BRDA:97,26,0,0
BRDA:97,26,1,0
BRDA:98,27,0,2
BRDA:98,27,1,2
BRDA:232,28,0,0
BRDA:232,28,1,0
BRDA:235,29,0,0
BRDA:235,29,1,0
BRDA:238,30,0,0
BRDA:238,30,1,0
BRDA:269,31,0,4
BRDA:269,31,1,0
BRDA:272,32,0,38
BRDA:272,32,1,38
BRDA:273,33,0,0
BRDA:273,33,1,38
BRDA:273,34,0,38
BRDA:273,34,1,38
BRDA:278,35,0,0
BRDA:278,35,1,38
BRDA:287,36,0,4
BRDA:287,36,1,0
BRDA:297,37,0,0
BRDA:297,37,1,0
BRF:78
BRH:19
end_of_record
TN:
SF:/home/travis/build/DSI-HUG/dejajs-components/src/component/overlay/index.ts
FN:24,(anonymous_2)
FN:24,DejaOverlayModule
FNF:2
FNH:2
FNDA:1,(anonymous_2)
FNDA:21,DejaOverlayModule
DA:9,1
DA:10,1
DA:11,1
DA:12,1
DA:13,1
DA:24,1
DA:26,1
LF:7
LH:7
BRF:0
BRH:0
end_of_record
TN:
SF:/home/travis/build/DSI-HUG/dejajs-components/src/common/core/media/index.ts
FN:21,(anonymous_2)
FN:21,MediaModule
FNF:2
FNH:2
FNDA:1,(anonymous_2)
FNDA:33,MediaModule
DA:9,1
DA:10,1
DA:11,1
DA:21,1
DA:23,1
LF:5
LH:5
BRF:0
BRH:0
end_of_record
TN:
SF:/home/travis/build/DSI-HUG/dejajs-components/src/common/core/media/media.service.ts
FN:18,(anonymous_2)
FN:22,MediaService
FN:24,(anonymous_4)
FN:25,(anonymous_5)
FN:29,(anonymous_6)
FNF:5
FNH:5
FNDA:1,(anonymous_2)
FNDA:21,MediaService
FNDA:70,(anonymous_4)
FNDA:70,(anonymous_5)
FNDA:14,(anonymous_6)
DA:9,1
DA:10,1
DA:11,1
DA:12,1
DA:13,1
DA:14,1
DA:15,1
DA:18,1
DA:20,21
DA:22,21
DA:23,21
DA:24,70
DA:25,70
DA:29,1
DA:30,14
DA:32,1
LF:16
LH:16
BRDA:25,1,0,70
BRDA:25,1,1,70
BRF:2
BRH:2
end_of_record
TN:
SF:/home/travis/build/DSI-HUG/dejajs-components/src/component/overlay/overlay.component.ts
FN:26,(anonymous_2)
FN:72,DejaOverlayComponent
FN:75,(anonymous_4)
FN:81,(anonymous_5)
FN:82,(anonymous_6)
FN:30,(anonymous_7)
FN:33,(anonymous_8)
FN:48,(anonymous_9)
FN:88,(anonymous_10)
FN:99,(anonymous_11)
FN:107,(anonymous_12)
FN:111,(anonymous_13)
FN:116,(anonymous_14)
FN:121,(anonymous_15)
FN:129,(anonymous_16)
FN:133,(anonymous_17)
FN:141,(anonymous_18)
FN:145,(anonymous_19)
FN:153,(anonymous_20)
FN:157,(anonymous_21)
FN:164,(anonymous_22)
FN:174,(anonymous_23)
FN:180,(anonymous_24)
FN:186,(anonymous_25)
FNF:24
FNH:22
FNDA:1,(anonymous_2)
FNDA:33,DejaOverlayComponent
FNDA:0,(anonymous_4)
FNDA:33,(anonymous_5)
FNDA:33,(anonymous_6)
FNDA:74,(anonymous_7)
FNDA:42,(anonymous_8)
FNDA:17,(anonymous_9)
FNDA:43,(anonymous_10)
FNDA:17,(anonymous_11)
FNDA:1,(anonymous_12)
FNDA:145,(anonymous_13)
FNDA:35,(anonymous_14)
FNDA:0,(anonymous_15)
FNDA:14,(anonymous_16)
FNDA:1,(anonymous_17)
FNDA:15,(anonymous_18)
FNDA:43,(anonymous_19)
FNDA:33,(anonymous_20)
FNDA:15,(anonymous_21)
FNDA:5,(anonymous_22)
FNDA:5,(anonymous_23)
FNDA:6,(anonymous_24)
FNDA:52,(anonymous_25)
DA:9,1
DA:10,1
DA:11,1
DA:12,1
DA:13,1
DA:14,1
DA:15,1
DA:16,1
DA:26,1
DA:28,33
DA:30,1
DA:31,74
DA:33,1
DA:34,42
DA:35,23
DA:36,23
DA:40,33
DA:42,33
DA:43,33
DA:48,2
DA:49,17
DA:50,17
DA:54,33
DA:57,33
DA:61,33
DA:62,33
DA:64,33
DA:67,33
DA:68,33
DA:70,1
DA:72,33
DA:73,33
DA:74,33
DA:75,33
DA:76,0
DA:77,0
DA:80,33
DA:81,33
DA:83,33
DA:84,33
DA:88,1
DA:89,43
DA:90,15
DA:91,28
DA:92,1
DA:94,27
DA:99,1
DA:100,17
DA:107,2
DA:108,1
DA:111,1
DA:112,145
DA:116,1
DA:117,35
DA:118,35
DA:121,1
DA:122,0
DA:129,1
DA:130,14
DA:133,1
DA:134,1
DA:141,1
DA:142,15
DA:145,1
DA:146,43
DA:147,15
DA:149,28
DA:153,1
DA:154,33
DA:157,1
DA:158,15
DA:159,12
DA:164,5
DA:165,5
DA:166,5
DA:167,5
DA:168,5
DA:169,5
DA:170,5
DA:171,5
DA:172,5
DA:175,5
DA:180,1
DA:181,6
DA:182,6
DA:183,6
DA:186,1
DA:187,52
DA:189,1
LF:89
LH:86
BRDA:34,1,0,23
BRDA:34,1,1,19
BRDA:89,2,0,15
BRDA:89,2,1,28
BRDA:91,3,0,1
BRDA:91,3,1,27
BRDA:100,4,0,0
BRDA:100,4,1,17
BRDA:108,5,0,0
BRDA:108,5,1,1
BRDA:146,6,0,15
BRDA:146,6,1,28
BRDA:158,7,0,12
BRDA:158,7,1,3
BRDA:158,8,0,15
BRDA:158,8,1,15
BRDA:165,9,0,0
BRDA:165,9,1,5
BRDA:166,10,0,5
BRDA:166,10,1,5
BRDA:168,11,0,5
BRDA:168,11,1,0
BRDA:169,12,0,5
BRDA:169,12,1,1
BRDA:169,12,2,4
BRDA:169,12,3,4
BRDA:169,12,4,4
BRDA:187,13,0,52
BRDA:187,13,1,39
BRDA:187,13,2,13
BRDA:187,13,3,12
BRF:31
BRH:27
end_of_record
TN:
SF:/home/travis/build/DSI-HUG/dejajs-components/src/common/core/overlay/connection-position-pair.ts
FN:11,(anonymous_5)
FN:11,DejaConnectionPositionPair
FN:12,(anonymous_7)
FN:15,(anonymous_8)
FN:37,(anonymous_9)
FNF:5
FNH:5
FNDA:1,(anonymous_5)
FNDA:251,DejaConnectionPositionPair
FNDA:86,(anonymous_7)
FNDA:251,(anonymous_8)
FNDA:55,(anonymous_9)
DA:9,1
DA:11,1
DA:12,1
DA:13,86
DA:14,86
DA:15,86
DA:16,251
DA:17,251
DA:18,0
DA:21,251
DA:26,251
DA:31,251
DA:34,86
DA:37,1
DA:38,55
DA:40,1
LF:16
LH:15
BRDA:17,1,0,0
BRDA:17,1,1,251
BRF:2
BRH:1
end_of_record
TN:
SF:/home/travis/build/DSI-HUG/dejajs-components/src/component/color-picker/color-picker.component.ts
FN:19,(anonymous_4)
FN:30,(anonymous_5)
FN:66,DejaColorPickerComponent
FN:62,(anonymous_7)
FN:58,(anonymous_8)
FN:79,(anonymous_9)
FN:75,(anonymous_10)
FN:90,(anonymous_11)
FN:85,(anonymous_12)
FN:104,(anonymous_13)
FN:96,(anonymous_14)
FN:109,(anonymous_15)
FN:115,(anonymous_16)
FN:120,(anonymous_17)
FN:124,(anonymous_18)
FN:130,(anonymous_19)
FN:142,(anonymous_20)
FN:146,(anonymous_21)
FNF:18
FNH:13
FNDA:3,(anonymous_4)
FNDA:1,(anonymous_5)
FNDA:7,DejaColorPickerComponent
FNDA:2,(anonymous_7)
FNDA:0,(anonymous_8)
FNDA:4,(anonymous_9)
FNDA:0,(anonymous_10)
FNDA:4,(anonymous_11)
FNDA:1,(anonymous_12)
FNDA:6,(anonymous_13)
FNDA:3,(anonymous_14)
FNDA:3,(anonymous_15)
FNDA:0,(anonymous_16)
FNDA:0,(anonymous_17)
FNDA:0,(anonymous_18)
FNDA:2,(anonymous_19)
FNDA:1,(anonymous_20)
FNDA:1,(anonymous_21)
DA:9,1
DA:10,1
DA:14,1
DA:15,1
DA:16,1
DA:17,1
DA:19,1
DA:30,1
DA:32,1
DA:35,7
DA:37,7
DA:40,7
DA:45,7
DA:46,7
DA:48,7
DA:50,7
DA:53,1
DA:55,7
DA:58,2
DA:59,0
DA:63,2
DA:66,7
DA:67,7
DA:68,0
DA:70,7
DA:75,2
DA:76,0
DA:80,4
DA:85,2
DA:86,1
DA:87,1
DA:91,4
DA:96,1
DA:97,3
DA:98,3
DA:99,3
DA:105,6
DA:109,1
DA:110,3
DA:111,3
DA:115,1
DA:116,0
DA:120,1
DA:121,0
DA:124,1
DA:125,0
DA:130,1
DA:131,2
DA:132,1
DA:135,1
DA:136,1
DA:137,1
DA:138,1
DA:142,1
DA:143,1
DA:146,1
DA:147,1
DA:148,1
DA:150,1
LF:59
LH:53
BRDA:67,1,0,0
BRDA:67,1,1,7
BRDA:59,2,0,0
BRDA:59,2,1,0
BRDA:97,3,0,3
BRDA:97,3,1,0
BRDA:131,4,0,1
BRDA:131,4,1,1
BRF:8
BRH:4
end_of_record
TN:
SF:/home/travis/build/DSI-HUG/dejajs-components/src/component/content-editable/index.ts
FN:22,(anonymous_2)
FN:22,DejaEditableModule
FNF:2
FNH:2
FNDA:1,(anonymous_2)
FNDA:24,DejaEditableModule
DA:9,1
DA:10,1
DA:11,1
DA:12,1
DA:22,1
DA:24,1
LF:6
LH:6
BRF:0
BRH:0
end_of_record
TN:
SF:/home/travis/build/DSI-HUG/dejajs-components/src/component/content-editable/content-editable.directive.ts
FN:24,(anonymous_4)
FN:29,(anonymous_5)
FN:43,DejaEditableDirective
FN:51,(anonymous_7)
FN:52,(anonymous_8)
FN:64,(anonymous_9)
FN:68,(anonymous_10)
FN:75,(anonymous_11)
FN:85,(anonymous_12)
FN:88,(anonymous_13)
FN:89,(anonymous_14)
FN:92,(anonymous_15)
FN:93,(anonymous_16)
FN:107,(anonymous_17)
FN:136,(anonymous_18)
FN:131,(anonymous_19)
FN:147,(anonymous_20)
FN:142,(anonymous_21)
FN:161,(anonymous_22)
FN:153,(anonymous_23)
FN:172,(anonymous_24)
FN:167,(anonymous_25)
FN:186,(anonymous_26)
FN:178,(anonymous_27)
FN:200,(anonymous_28)
FN:192,(anonymous_29)
FN:205,(anonymous_30)
FN:211,(anonymous_31)
FN:216,(anonymous_32)
FN:220,(anonymous_33)
FN:225,(anonymous_34)
FN:230,(anonymous_35)
FN:235,(anonymous_36)
FN:244,(anonymous_37)
FN:248,(anonymous_38)
FN:258,(anonymous_39)
FNF:36
FNH:31
FNDA:0,(anonymous_4)
FNDA:1,(anonymous_5)
FNDA:6,DejaEditableDirective
FNDA:0,(anonymous_7)
FNDA:0,(anonymous_8)
FNDA:18,(anonymous_9)
FNDA:3,(anonymous_10)
FNDA:18,(anonymous_11)
FNDA:8,(anonymous_12)
FNDA:10,(anonymous_13)
FNDA:2,(anonymous_14)
FNDA:1,(anonymous_15)
FNDA:1,(anonymous_16)
FNDA:0,(anonymous_17)
FNDA:2,(anonymous_18)
FNDA:2,(anonymous_19)
FNDA:2,(anonymous_20)
FNDA:1,(anonymous_21)
FNDA:6,(anonymous_22)
FNDA:2,(anonymous_23)
FNDA:1,(anonymous_24)
FNDA:5,(anonymous_25)
FNDA:5,(anonymous_26)
FNDA:3,(anonymous_27)
FNDA:2,(anonymous_28)
FNDA:2,(anonymous_29)
FNDA:13,(anonymous_30)
FNDA:6,(anonymous_31)
FNDA:6,(anonymous_32)
FNDA:0,(anonymous_33)
FNDA:6,(anonymous_34)
FNDA:3,(anonymous_35)
FNDA:3,(anonymous_36)
FNDA:1,(anonymous_37)
FNDA:1,(anonymous_38)
FNDA:13,(anonymous_39)
DA:9,1
DA:10,1
DA:11,1
DA:12,1
DA:13,1
DA:14,1
DA:15,1
DA:16,1
DA:17,1
DA:18,1
DA:19,1
DA:20,1
DA:21,1
DA:22,1
DA:24,1
DA:29,1
DA:30,6
DA:31,6
DA:33,6
DA:34,6
DA:35,6
DA:36,6
DA:37,6
DA:39,6
DA:41,6
DA:43,6
DA:44,6
DA:45,6
DA:48,6
DA:50,6
DA:51,0
DA:53,0
DA:54,0
DA:55,0
DA:56,0
DA:57,0
DA:58,0
DA:59,0
DA:63,6
DA:64,18
DA:65,18
DA:66,3
DA:69,3
DA:70,3
DA:73,18
DA:76,18
DA:77,18
DA:78,6
DA:80,12
DA:84,6
DA:85,8
DA:87,6
DA:88,10
DA:90,2
DA:92,1
DA:94,1
DA:95,1
DA:96,1
DA:97,1
DA:99,0
DA:102,1
DA:105,2
DA:108,0
DA:109,0
DA:110,0
DA:111,0
DA:112,0
DA:113,0
DA:115,0
DA:117,0
DA:118,0
DA:119,0
DA:120,0
DA:121,0
DA:122,0
DA:124,0
DA:131,2
DA:132,2
DA:137,2
DA:142,2
DA:143,1
DA:148,2
DA:153,2
DA:154,2
DA:155,2
DA:156,2
DA:157,1
DA:162,6
DA:167,2
DA:168,5
DA:173,1
DA:178,2
DA:179,3
DA:180,1
DA:182,2
DA:187,5
DA:192,1
DA:193,2
DA:194,1
DA:195,1
DA:201,2
DA:205,1
DA:206,13
DA:207,13
DA:211,1
DA:212,6
DA:216,1
DA:217,6
DA:220,1
DA:221,0
DA:225,1
DA:226,6
DA:230,1
DA:231,3
DA:235,1
DA:236,3
DA:237,3
DA:238,3
DA:239,3
DA:240,3
DA:244,1
DA:245,1
DA:248,1
DA:249,1
DA:251,1
DA:252,10
DA:255,1
DA:258,1
DA:259,13
DA:260,6
DA:262,7
DA:264,1
LF:132
LH:108
BRDA:44,1,0,6
BRDA:44,1,1,0
BRDA:53,2,0,0
BRDA:53,2,1,0
BRDA:53,3,0,0
BRDA:53,3,1,0
BRDA:56,4,0,0
BRDA:56,4,1,0
BRDA:65,5,0,3
BRDA:65,5,1,15
BRDA:77,6,0,6
BRDA:77,6,1,12
BRDA:96,7,0,1
BRDA:96,7,1,0
BRDA:96,8,0,1
BRDA:96,8,1,0
BRDA:110,9,0,0
BRDA:110,9,1,0
BRDA:110,10,0,0
BRDA:110,10,1,0
BRDA:112,11,0,0
BRDA:112,11,1,0
BRDA:112,12,0,0
BRDA:112,12,1,0
BRDA:119,13,0,0
BRDA:119,13,1,0
BRDA:162,14,0,6
BRDA:162,14,1,6
BRDA:162,14,2,6
BRDA:155,15,0,2
BRDA:155,15,1,1
BRDA:156,16,0,1
BRDA:156,16,1,1
BRDA:179,17,0,1
BRDA:179,17,1,2
BRDA:193,18,0,1
BRDA:193,18,1,1
BRDA:251,19,0,11
BRDA:251,19,1,10
BRDA:259,20,0,6
BRDA:259,20,1,7
BRF:41
BRH:22
end_of_record
TN:
SF:/home/travis/build/DSI-HUG/dejajs-components/src/common/core/keycodes.enum.ts
FN:9,(anonymous_0)
FNF:1
FNH:1
FNDA:1,(anonymous_0)
DA:9,1
DA:10,1
DA:11,1
DA:12,1
DA:13,1
DA:14,1
DA:15,1
DA:16,1
DA:17,1
DA:18,1
DA:19,1
DA:20,1
DA:21,1
DA:22,1
DA:23,1
DA:24,1
DA:25,1
DA:26,1
DA:27,1
DA:28,1
DA:29,1
DA:30,1
DA:31,1
DA:32,1
DA:33,1
DA:34,1
DA:35,1
DA:36,1
DA:37,1
DA:38,1
DA:39,1
DA:40,1
DA:41,1
DA:42,1
DA:43,1
DA:44,1
DA:45,1
DA:46,1
DA:47,1
DA:48,1
DA:49,1
DA:50,1
DA:51,1
DA:52,1
DA:53,1
DA:54,1
DA:55,1
DA:56,1
DA:57,1
DA:58,1
DA:59,1
DA:60,1
DA:61,1
DA:62,1
DA:63,1
DA:64,1
DA:65,1
DA:66,1
DA:67,1
DA:68,1
DA:69,1
DA:70,1
DA:71,1
DA:72,1
DA:73,1
DA:74,1
DA:75,1
DA:76,1
DA:77,1
DA:78,1
DA:79,1
DA:80,1
DA:81,1
DA:82,1
DA:83,1
DA:84,1
DA:85,1
DA:86,1
DA:87,1
DA:88,1
DA:89,1
DA:90,1
DA:91,1
DA:92,1
DA:93,1
DA:94,1
DA:95,1
DA:96,1
DA:97,1
DA:98,1
DA:99,1
DA:100,1
DA:101,1
DA:102,1
DA:103,1
DA:104,1
DA:105,1
DA:106,1
DA:107,1
DA:108,1
LF:100
LH:100
BRDA:9,1,0,1
BRDA:9,1,1,1
BRF:2
BRH:2
end_of_record
TN:
SF:/home/travis/build/DSI-HUG/dejajs-components/src/component/data-grid/index.ts
FN:46,(anonymous_2)
FN:46,DejaGridModule
FNF:2
FNH:2
FNDA:1,(anonymous_2)
FNDA:11,DejaGridModule
DA:9,1
DA:10,1
DA:11,1
DA:12,1
DA:13,1
DA:14,1
DA:15,1
DA:16,1
DA:17,1
DA:18,1
DA:19,1
DA:20,1
DA:46,1
DA:49,1
DA:50,1
DA:51,1
DA:52,1
DA:54,1
DA:56,1
DA:57,1
DA:58,1
DA:59,1
DA:60,1
LF:23
LH:23
BRF:0
BRH:0
end_of_record
TN:
SF:/home/travis/build/DSI-HUG/dejajs-components/src/common/core/sorting/index.ts
FN:18,(anonymous_2)
FN:18,DejaSortingModule
FNF:2
FNH:2
FNDA:1,(anonymous_2)
FNDA:11,DejaSortingModule
DA:9,1
DA:10,1
DA:11,1
DA:18,1
DA:21,1
DA:22,1
DA:23,1
LF:7
LH:7
BRF:0
BRH:0
end_of_record
TN:
SF:/home/travis/build/DSI-HUG/dejajs-components/src/common/core/sorting/sort-indicator.component.ts
FN:17,(anonymous_2)
FN:17,DejaSortIndicatorComponent
FNF:2
FNH:2
FNDA:1,(anonymous_2)
FNDA:1,DejaSortIndicatorComponent
DA:9,1
DA:17,1
DA:18,1
DA:19,1
LF:4
LH:4
BRF:0
BRH:0
end_of_record
TN:
SF:/home/travis/build/DSI-HUG/dejajs-components/src/component/dragdrop/index.ts
FN:18,(anonymous_2)
FN:18,DejaDragDropModule
FNF:2
FNH:2
FNDA:1,(anonymous_2)
FNDA:26,DejaDragDropModule
DA:9,1
DA:11,1
DA:12,1
DA:18,1
DA:20,1
DA:21,1
LF:6
LH:6
BRF:0
BRH:0
end_of_record
TN:
SF:/home/travis/build/DSI-HUG/dejajs-components/src/component/dragdrop/draggable.directive.ts
FN:21,(anonymous_4)
FN:41,DejaDraggableDirective
FN:45,(anonymous_6)
FN:46,(anonymous_7)
FN:47,(anonymous_8)
FN:82,(anonymous_9)
FN:84,(anonymous_10)
FN:37,(anonymous_11)
FN:32,(anonymous_12)
FN:110,(anonymous_13)
FNF:10
FNH:10
FNDA:1,(anonymous_4)
FNDA:507,DejaDraggableDirective
FNDA:6,(anonymous_6)
FNDA:6,(anonymous_7)
FNDA:6,(anonymous_8)
FNDA:1,(anonymous_9)
FNDA:1,(anonymous_10)
FNDA:45,(anonymous_11)
FNDA:952,(anonymous_12)
FNDA:507,(anonymous_13)
DA:9,1
DA:10,1
DA:11,1
DA:12,1
DA:13,1
DA:14,1
DA:15,1
DA:16,1
DA:21,1
DA:22,507
DA:23,1
DA:24,507
DA:25,507
DA:26,507
DA:27,507
DA:29,507
DA:32,2
DA:33,952
DA:34,952
DA:38,45
DA:41,507
DA:42,507
DA:44,507
DA:45,6
DA:46,6
DA:48,6
DA:49,0
DA:53,6
DA:54,6
DA:55,6
DA:57,6
DA:58,6
DA:59,6
DA:61,6
DA:63,6
DA:64,6
DA:65,6
DA:66,6
DA:69,6
DA:70,6
DA:71,6
DA:72,6
DA:73,6
DA:74,6
DA:75,6
DA:76,6
DA:77,0
DA:81,6
DA:82,1
DA:86,1
DA:87,1
DA:88,1
DA:89,1
DA:92,1
DA:93,1
DA:94,1
DA:95,1
DA:96,1
DA:97,1
DA:99,1
DA:100,0
DA:104,1
DA:105,1
DA:110,1
DA:111,507
DA:113,1
LF:66
LH:63
BRDA:48,1,0,0
BRDA:48,1,1,6
BRDA:57,2,0,6
BRDA:57,2,1,6
BRDA:57,2,2,6
BRDA:64,3,0,6
BRDA:64,3,1,0
BRDA:69,4,0,6
BRDA:69,4,1,0
BRDA:69,5,0,6
BRDA:69,5,1,6
BRDA:76,6,0,0
BRDA:76,6,1,6
BRDA:87,7,0,1
BRDA:87,7,1,1
BRDA:88,8,0,1
BRDA:88,8,1,0
BRDA:92,9,0,1
BRDA:92,9,1,0
BRDA:92,10,0,1
BRDA:92,10,1,1
BRDA:92,10,2,1
BRDA:99,11,0,0
BRDA:99,11,1,1
BRDA:34,12,0,693
BRDA:34,12,1,259
BRF:26
BRH:19
end_of_record
TN:
SF:/home/travis/build/DSI-HUG/dejajs-components/src/common/core/UUID.ts
FN:10,(anonymous_0)
FN:13,UUID
FN:20,(anonymous_2)
FN:30,(anonymous_3)
FNF:4
FNH:4
FNDA:1,(anonymous_0)
FNDA:6,UUID
FNDA:186,(anonymous_2)
FNDA:6,(anonymous_3)
DA:10,1
DA:14,6
DA:15,6
DA:16,6
DA:17,6
DA:20,6
DA:22,186
DA:23,186
DA:25,186
DA:30,1
DA:31,6
DA:33,1
LF:12
LH:12
BRDA:15,1,0,6
BRDA:15,1,1,0
BRDA:16,2,0,6
BRDA:16,2,1,0
BRDA:25,3,0,180
BRDA:25,3,1,6
BRF:6
BRH:4
end_of_record
TN:
SF:/home/travis/build/DSI-HUG/dejajs-components/src/component/dragdrop/droppable.directive.ts
FN:24,(anonymous_4)
FN:55,DejaDroppableDirective
FN:62,(anonymous_6)
FN:63,(anonymous_7)
FN:66,(anonymous_8)
FN:67,(anonymous_9)
FN:92,(anonymous_10)
FN:118,(anonymous_11)
FN:165,(anonymous_12)
FN:166,(anonymous_13)
FN:167,(anonymous_14)
FN:168,(anonymous_15)
FN:176,(anonymous_16)
FN:177,(anonymous_17)
FN:178,(anonymous_18)
FN:179,(anonymous_19)
FN:30,(anonymous_20)
FN:51,(anonymous_21)
FN:46,(anonymous_22)
FN:189,(anonymous_23)
FNF:20
FNH:20
FNDA:1,(anonymous_4)
FNDA:46,DejaDroppableDirective
FNDA:12,(anonymous_6)
FNDA:12,(anonymous_7)
FNDA:8,(anonymous_8)
FNDA:8,(anonymous_9)
FNDA:5,(anonymous_10)
FNDA:5,(anonymous_11)
FNDA:7,(anonymous_12)
FNDA:7,(anonymous_13)
FNDA:7,(anonymous_14)
FNDA:7,(anonymous_15)
FNDA:1,(anonymous_16)
FNDA:1,(anonymous_17)
FNDA:1,(anonymous_18)
FNDA:1,(anonymous_19)
FNDA:9,(anonymous_20)
FNDA:42,(anonymous_21)
FNDA:117,(anonymous_22)
FNDA:46,(anonymous_23)
DA:9,1
DA:10,1
DA:11,1
DA:12,1
DA:13,1
DA:14,1
DA:15,1
DA:16,1
DA:17,1
DA:18,1
DA:24,1
DA:30,2
DA:31,9
DA:34,46
DA:35,46
DA:36,46
DA:37,46
DA:38,46
DA:41,46
DA:43,46
DA:46,2
DA:47,117
DA:48,117
DA:52,42
DA:55,46
DA:56,46
DA:57,46
DA:58,46
DA:59,46
DA:61,46
DA:62,12
DA:63,12
DA:65,46
DA:66,8
DA:68,8
DA:69,7
DA:70,1
DA:72,6
DA:75,6
DA:76,6
DA:77,6
DA:78,6
DA:79,6
DA:80,6
DA:81,6
DA:82,6
DA:83,6
DA:84,4
DA:85,4
DA:87,2
DA:90,6
DA:94,5
DA:95,5
DA:96,5
DA:97,5
DA:98,5
DA:99,5
DA:100,5
DA:102,5
DA:103,5
DA:104,5
DA:105,5
DA:106,5
DA:108,0
DA:112,5
DA:113,5
DA:116,6
DA:120,5
DA:121,0
DA:122,0
DA:123,0
DA:125,0
DA:127,0
DA:130,5
DA:131,5
DA:132,5
DA:133,5
DA:134,5
DA:135,5
DA:136,5
DA:138,5
DA:139,5
DA:140,5
DA:141,5
DA:142,5
DA:143,5
DA:145,0
DA:153,1
DA:154,1
DA:155,1
DA:156,1
DA:157,0
DA:160,1
DA:164,46
DA:165,7
DA:166,7
DA:167,7
DA:169,7
DA:170,0
DA:172,7
DA:175,46
DA:176,1
DA:177,1
DA:178,1
DA:181,1
DA:182,1
DA:183,1
DA:184,1
DA:189,1
DA:190,46
DA:192,1
LF:111
LH:102
BRDA:68,1,0,7
BRDA:68,1,1,1
BRDA:69,2,0,1
BRDA:69,2,1,6
BRDA:75,3,0,6
BRDA:75,3,1,0
BRDA:83,4,0,4
BRDA:83,4,1,2
BRDA:94,5,0,5
BRDA:94,5,1,0
BRDA:95,6,0,5
BRDA:95,6,1,0
BRDA:103,7,0,5
BRDA:103,7,1,0
BRDA:120,8,0,0
BRDA:120,8,1,5
BRDA:120,9,0,5
BRDA:120,9,1,2
BRDA:120,9,2,1
BRDA:121,10,0,0
BRDA:121,10,1,0
BRDA:130,11,0,5
BRDA:130,11,1,0
BRDA:131,12,0,5
BRDA:131,12,1,0
BRDA:141,13,0,5
BRDA:141,13,1,0
BRDA:153,14,0,1
BRDA:153,14,1,0
BRDA:156,15,0,0
BRDA:156,15,1,1
BRDA:169,16,0,0
BRDA:169,16,1,7
BRDA:182,17,0,1
BRDA:182,17,1,1
BRDA:182,17,2,1
BRDA:182,17,3,0
BRDA:183,18,0,1
BRDA:183,18,1,0
BRDA:48,19,0,102
BRDA:48,19,1,15
BRF:41
BRH:26
end_of_record
TN:
SF:/home/travis/build/DSI-HUG/dejajs-components/src/component/tree-list/index.ts
FN:40,(anonymous_2)
FN:40,DejaTreeListModule
FNF:2
FNH:2
FNDA:1,(anonymous_2)
FNDA:26,DejaTreeListModule
DA:9,1
DA:10,1
DA:11,1
DA:12,1
DA:13,1
DA:14,1
DA:15,1
DA:16,1
DA:17,1
DA:18,1
DA:40,1
DA:42,1
DA:43,1
LF:13
LH:13
BRF:0
BRH:0
end_of_record
TN:
SF:/home/travis/build/DSI-HUG/dejajs-components/src/common/core/text-metrics/index.ts
FN:17,(anonymous_2)
FN:17,DejaTextMetricsModule
FNF:2
FNH:2
FNDA:1,(anonymous_2)
FNDA:31,DejaTextMetricsModule
DA:9,1
DA:10,1
DA:11,1
DA:17,1
DA:19,1
LF:5
LH:5
BRF:0
BRH:0
end_of_record
TN:
SF:/home/travis/build/DSI-HUG/dejajs-components/src/common/core/item-list/index.ts
FN:24,(anonymous_2)
FN:24,DejaItemModule
FNF:2
FNH:2
FNDA:1,(anonymous_2)
FNDA:40,DejaItemModule
DA:9,1
DA:10,1
DA:11,1
DA:24,1
DA:26,1
DA:29,1
DA:30,1
DA:31,1
DA:32,1
DA:33,1
LF:10
LH:10
BRF:0
BRH:0
end_of_record
TN:
SF:/home/travis/build/DSI-HUG/dejajs-components/src/common/core/item-list/item.component.ts
FN:16,(anonymous_2)
FN:16,DejaItemComponent
FN:25,(anonymous_4)
FN:21,(anonymous_5)
FNF:4
FNH:3
FNDA:1,(anonymous_2)
FNDA:101,DejaItemComponent
FNDA:101,(anonymous_4)
FNDA:0,(anonymous_5)
DA:9,1
DA:10,1
DA:16,1
DA:17,1
DA:18,1
DA:21,2
DA:22,0
DA:26,101
DA:29,1
LF:9
LH:8
BRF:0
BRH:0
end_of_record
TN:
SF:/home/travis/build/DSI-HUG/dejajs-components/src/common/core/item-list/viewport.service.ts
FN:27,(anonymous_2)
FN:34,(anonymous_3)
FN:43,(anonymous_4)
FN:109,ViewPortService
FN:116,(anonymous_6)
FN:120,(anonymous_7)
FN:124,(anonymous_8)
FN:167,(anonymous_9)
FN:178,(anonymous_10)
FN:264,(anonymous_11)
FN:267,(anonymous_12)
FN:268,(anonymous_13)
FN:276,(anonymous_14)
FN:288,(anonymous_15)
FN:290,(anonymous_16)
FN:295,(anonymous_17)
FN:318,(anonymous_18)
FN:388,(anonymous_19)
FN:400,(anonymous_20)
FN:420,(anonymous_21)
FN:426,(anonymous_22)
FN:446,(anonymous_23)
FN:457,(anonymous_24)
FN:463,(anonymous_25)
FN:486,(anonymous_26)
FN:491,(anonymous_27)
FN:493,(anonymous_28)
FN:495,(anonymous_29)
FN:499,(anonymous_30)
FN:507,(anonymous_31)
FN:508,(anonymous_32)
FN:509,(anonymous_33)
FN:522,(anonymous_34)
FN:530,(anonymous_35)
FN:539,(anonymous_36)
FN:543,(anonymous_37)
FN:554,(anonymous_38)
FN:555,(anonymous_39)
FN:556,(anonymous_40)
FN:565,(anonymous_41)
FN:567,(anonymous_42)
FN:582,(anonymous_43)
FN:592,(anonymous_44)
FN:609,(anonymous_45)
FN:613,(anonymous_46)
FN:616,(anonymous_47)
FN:621,(anonymous_48)
FN:97,(anonymous_49)
FN:101,(anonymous_50)
FN:105,(anonymous_51)
FN:624,(anonymous_52)
FN:625,(anonymous_53)
FN:628,(anonymous_54)
FN:632,(anonymous_55)
FN:636,(anonymous_56)
FNF:55
FNH:48
FNDA:1,(anonymous_2)
FNDA:1,(anonymous_3)
FNDA:1,(anonymous_4)
FNDA:56,ViewPortService
FNDA:33,(anonymous_6)
FNDA:381,(anonymous_7)
FNDA:134,(anonymous_8)
FNDA:42,(anonymous_9)
FNDA:51333,(anonymous_10)
FNDA:8,(anonymous_11)
FNDA:8,(anonymous_12)
FNDA:8,(anonymous_13)
FNDA:8,(anonymous_14)
FNDA:171,(anonymous_15)
FNDA:8,(anonymous_16)
FNDA:1,(anonymous_17)
FNDA:0,(anonymous_18)
FNDA:170,(anonymous_19)
FNDA:169,(anonymous_20)
FNDA:169,(anonymous_21)
FNDA:2,(anonymous_22)
FNDA:169,(anonymous_23)
FNDA:198,(anonymous_24)
FNDA:7,(anonymous_25)
FNDA:161,(anonymous_26)
FNDA:0,(anonymous_27)
FNDA:0,(anonymous_28)
FNDA:0,(anonymous_29)
FNDA:0,(anonymous_30)
FNDA:73,(anonymous_31)
FNDA:73,(anonymous_32)
FNDA:73,(anonymous_33)
FNDA:222,(anonymous_34)
FNDA:114,(anonymous_35)
FNDA:75,(anonymous_36)
FNDA:55,(anonymous_37)
FNDA:181,(anonymous_38)
FNDA:8,(anonymous_39)
FNDA:8000,(anonymous_40)
FNDA:141,(anonymous_41)
FNDA:135,(anonymous_42)
FNDA:27,(anonymous_43)
FNDA:3,(anonymous_44)
FNDA:135,(anonymous_45)
FNDA:135,(anonymous_46)
FNDA:0,(anonymous_47)
FNDA:246,(anonymous_48)
FNDA:8931,(anonymous_49)
FNDA:188,(anonymous_50)
FNDA:0,(anonymous_51)
FNDA:55,(anonymous_52)
FNDA:165,(anonymous_53)
FNDA:3,(anonymous_54)
FNDA:18,(anonymous_55)
FNDA:106,(anonymous_56)
DA:9,1
DA:10,1
DA:11,1
DA:12,1
DA:13,1
DA:14,1
DA:15,1
DA:16,1
DA:17,1
DA:18,1
DA:19,1
DA:20,1
DA:21,1
DA:22,1
DA:23,1
DA:27,1
DA:28,1
DA:29,1
DA:30,1
DA:31,1
DA:34,1
DA:35,1
DA:36,1
DA:43,1
DA:44,1
DA:48,56
DA:49,56
DA:50,56
DA:51,56
DA:52,56
DA:53,56
DA:54,56
DA:55,56
DA:58,56
DA:60,56
DA:61,56
DA:64,56
DA:76,56
DA:88,56
DA:90,56
DA:91,56
DA:92,56
DA:93,56
DA:95,56
DA:97,1
DA:98,8931
DA:101,1
DA:102,188
DA:105,1
DA:106,0
DA:109,56
DA:110,56
DA:116,56
DA:117,33
DA:120,56
DA:121,381
DA:124,56
DA:126,134
DA:127,134
DA:129,134
DA:133,134
DA:134,96
DA:135,0
DA:136,0
DA:137,96
DA:138,10
DA:139,10
DA:140,10
DA:142,86
DA:143,86
DA:147,38
DA:148,38
DA:149,38
DA:152,134
DA:154,134
DA:167,56
DA:169,42
DA:172,42
DA:173,42
DA:174,42
DA:177,42
DA:178,41
DA:179,51333
DA:181,51333
DA:182,1
DA:183,1
DA:186,51333
DA:187,2432
DA:188,40
DA:190,2392
DA:194,51333
DA:195,803
DA:196,803
DA:199,51333
DA:200,3195
DA:201,41
DA:204,48138
DA:209,1
DA:210,1
DA:211,2038
DA:212,2038
DA:214,2038
DA:215,1
DA:218,2038
DA:219,21
DA:220,15
DA:221,15
DA:223,15
DA:224,1
DA:225,1
DA:228,6
DA:229,6
DA:232,2017
DA:237,42
DA:238,0
DA:239,0
DA:244,0
DA:251,42
DA:264,56
DA:266,8
DA:268,8
DA:270,8
DA:271,0
DA:274,8
DA:275,8
DA:277,8
DA:279,8
DA:280,21
DA:281,21
DA:282,21
DA:283,21
DA:284,21
DA:288,171
DA:290,8
DA:295,56
DA:296,1
DA:300,1
DA:302,1
DA:314,1
DA:315,0
DA:316,0
DA:318,0
DA:321,1
DA:322,1
DA:323,100
DA:324,100
DA:326,100
DA:327,0
DA:328,0
DA:331,100
DA:333,100
DA:334,1
DA:337,100
DA:338,1
DA:343,0
DA:344,0
DA:345,0
DA:346,0
DA:347,0
DA:348,0
DA:350,0
DA:351,0
DA:354,0
DA:355,0
DA:356,0
DA:357,0
DA:358,0
DA:359,0
DA:362,0
DA:366,0
DA:370,1
DA:371,1
DA:373,1
DA:385,1
DA:388,56
DA:390,170
DA:391,1
DA:394,169
DA:395,169
DA:396,33
DA:399,169
DA:401,169
DA:402,50
DA:404,119
DA:407,169
DA:409,1
DA:411,26
DA:413,8
DA:415,134
DA:417,0
DA:421,169
DA:422,134
DA:423,134
DA:425,2
DA:426,2
DA:427,132
DA:430,33
DA:434,99
DA:436,0
DA:444,134
DA:448,169
DA:452,56
DA:456,56
DA:457,198
DA:458,198
DA:459,198
DA:460,198
DA:461,38
DA:462,38
DA:463,7
DA:466,38
DA:467,38
DA:468,11
DA:469,11
DA:470,27
DA:471,7
DA:472,7
DA:477,198
DA:481,56
DA:485,56
DA:487,161
DA:488,161
DA:489,73
DA:490,0
DA:492,0
DA:493,0
DA:495,0
DA:498,73
DA:499,0
DA:502,161
DA:506,56
DA:507,73
DA:508,73
DA:510,73
DA:511,9
DA:513,9
DA:515,64
DA:521,56
DA:523,222
DA:524,222
DA:529,56
DA:531,114
DA:532,114
DA:537,56
DA:539,75
DA:542,56
DA:544,55
DA:545,4
DA:546,4
DA:547,4
DA:553,56
DA:554,181
DA:555,8
DA:557,8000
DA:561,56
DA:565,141
DA:567,135
DA:569,135
DA:570,101
DA:572,135
DA:573,135
DA:574,135
DA:575,135
DA:579,27
DA:581,27
DA:584,27
DA:586,27
DA:587,24
DA:588,0
DA:590,3
DA:591,3
DA:592,3
DA:593,3
DA:594,3
DA:596,3
DA:597,0
DA:599,0
DA:602,27
DA:605,108
DA:606,108
DA:609,135
DA:611,135
DA:615,135
DA:617,0
DA:621,246
DA:624,1
DA:625,165
DA:628,1
DA:629,3
DA:632,1
DA:633,18
DA:636,1
DA:637,106
DA:639,1
LF:294
LH:255
BRDA:27,1,0,1
BRDA:27,1,1,1
BRDA:34,2,0,1
BRDA:34,2,1,1
BRDA:117,3,0,0
BRDA:117,3,1,33
BRDA:121,4,0,2
BRDA:121,4,1,379
BRDA:133,5,0,96
BRDA:133,5,1,38
BRDA:133,6,0,134
BRDA:133,6,1,134
BRDA:133,6,2,48
BRDA:134,7,0,0
BRDA:134,7,1,96
BRDA:137,8,0,10
BRDA:137,8,1,86
BRDA:177,9,0,41
BRDA:177,9,1,1
BRDA:177,10,0,42
BRDA:177,10,1,42
BRDA:177,10,2,2
BRDA:179,11,0,51333
BRDA:179,11,1,16791
BRDA:181,12,0,1
BRDA:181,12,1,51332
BRDA:181,13,0,51333
BRDA:181,13,1,51333
BRDA:186,14,0,2432
BRDA:186,14,1,48901
BRDA:187,15,0,40
BRDA:187,15,1,2392
BRDA:194,16,0,803
BRDA:194,16,1,50530
BRDA:194,17,0,51333
BRDA:194,17,1,48941
BRDA:199,18,0,3195
BRDA:199,18,1,48138
BRDA:200,19,0,41
BRDA:200,19,1,3154
BRDA:200,20,0,3195
BRDA:200,20,1,3154
BRDA:200,21,0,3195
BRDA:200,21,1,3180
BRDA:212,22,0,2038
BRDA:212,22,1,38
BRDA:214,23,0,1
BRDA:214,23,1,2037
BRDA:218,24,0,21
BRDA:218,24,1,2017
BRDA:219,25,0,15
BRDA:219,25,1,6
BRDA:223,26,0,1
BRDA:223,26,1,14
BRDA:223,27,0,15
BRDA:223,27,1,14
BRDA:237,28,0,0
BRDA:237,28,1,42
BRDA:237,29,0,42
BRDA:237,29,1,42
BRDA:237,29,2,2
BRDA:237,29,3,0
BRDA:238,30,0,0
BRDA:238,30,1,0
BRDA:257,31,0,42
BRDA:257,31,1,29
BRDA:268,32,0,8
BRDA:268,32,1,8
BRDA:270,33,0,0
BRDA:270,33,1,8
BRDA:283,34,0,21
BRDA:283,34,1,0
BRDA:288,35,0,171
BRDA:288,35,1,150
BRDA:290,36,0,8
BRDA:290,36,1,8
BRDA:314,37,0,0
BRDA:314,37,1,1
BRDA:314,38,0,1
BRDA:314,38,1,0
BRDA:321,39,0,1
BRDA:321,39,1,0
BRDA:321,40,0,1
BRDA:321,40,1,1
BRDA:321,40,2,0
BRDA:326,41,0,0
BRDA:326,41,1,100
BRDA:326,42,0,100
BRDA:326,42,1,100
BRDA:333,43,0,1
BRDA:333,43,1,99
BRDA:333,44,0,100
BRDA:333,44,1,1
BRDA:337,45,0,1
BRDA:337,45,1,99
BRDA:337,46,0,100
BRDA:337,46,1,7
BRDA:337,47,0,7
BRDA:337,47,1,7
BRDA:350,48,0,0
BRDA:350,48,1,0
BRDA:354,49,0,0
BRDA:354,49,1,0
BRDA:355,50,0,0
BRDA:355,50,1,0
BRDA:357,51,0,0
BRDA:357,51,1,0
BRDA:370,52,0,1
BRDA:370,52,1,1
BRDA:371,53,0,1
BRDA:371,53,1,0
BRDA:390,54,0,1
BRDA:390,54,1,169
BRDA:390,55,0,170
BRDA:390,55,1,170
BRDA:394,56,0,169
BRDA:394,56,1,127
BRDA:395,57,0,33
BRDA:395,57,1,136
BRDA:401,58,0,50
BRDA:401,58,1,119
BRDA:408,59,0,1
BRDA:408,59,1,26
BRDA:408,59,2,8
BRDA:408,59,3,134
BRDA:408,59,4,0
BRDA:421,60,0,134
BRDA:421,60,1,35
BRDA:423,61,0,2
BRDA:423,61,1,132
BRDA:423,62,0,134
BRDA:423,62,1,133
BRDA:427,63,0,33
BRDA:427,63,1,99
BRDA:427,64,0,132
BRDA:427,64,1,99
BRDA:427,64,2,99
BRDA:427,64,3,81
BRDA:427,65,0,81
BRDA:427,65,1,76
BRDA:434,66,0,0
BRDA:434,66,1,99
BRDA:434,67,0,99
BRDA:434,67,1,8
BRDA:460,68,0,38
BRDA:460,68,1,160
BRDA:460,69,0,198
BRDA:460,69,1,198
BRDA:460,69,2,38
BRDA:460,69,3,38
BRDA:462,70,0,2
BRDA:462,70,1,36
BRDA:466,71,0,38
BRDA:466,71,1,0
BRDA:467,72,0,11
BRDA:467,72,1,27
BRDA:467,73,0,38
BRDA:467,73,1,36
BRDA:470,74,0,7
BRDA:470,74,1,20
BRDA:470,75,0,27
BRDA:470,75,1,25
BRDA:488,76,0,73
BRDA:488,76,1,88
BRDA:489,77,0,0
BRDA:489,77,1,73
BRDA:498,78,0,0
BRDA:498,78,1,73
BRDA:507,79,0,73
BRDA:507,79,1,61
BRDA:510,80,0,9
BRDA:510,80,1,64
BRDA:523,81,0,88
BRDA:523,81,1,134
BRDA:531,82,0,0
BRDA:531,82,1,114
BRDA:544,83,0,4
BRDA:544,83,1,51
BRDA:554,84,0,181
BRDA:554,84,1,181
BRDA:554,84,2,106
BRDA:569,85,0,101
BRDA:569,85,1,34
BRDA:572,86,0,135
BRDA:572,86,1,116
BRDA:572,86,2,106
BRDA:574,87,0,28
BRDA:574,87,1,107
BRDA:575,88,0,27
BRDA:575,88,1,108
BRDA:575,89,0,135
BRDA:575,89,1,135
BRDA:575,89,2,134
BRDA:575,89,3,124
BRDA:586,90,0,24
BRDA:586,90,1,3
BRDA:587,91,0,0
BRDA:587,91,1,24
BRDA:590,92,0,3
BRDA:590,92,1,0
BRDA:593,93,0,3
BRDA:593,93,1,3
BRDA:596,94,0,0
BRDA:596,94,1,3
BRDA:599,95,0,0
BRDA:599,95,1,0
BRDA:605,96,0,108
BRDA:605,96,1,108
BRDA:637,97,0,106
BRDA:637,97,1,32
BRF:210
BRH:177
end_of_record
TN:
SF:/home/travis/build/DSI-HUG/dejajs-components/src/common/core/item-list/item-list.service.ts
FN:34,(anonymous_0)
FN:34,ItemListService
FN:1264,(anonymous_2)
FN:1266,(anonymous_3)
FN:91,(anonymous_4)
FN:93,(anonymous_5)
FN:98,(anonymous_6)
FN:114,(anonymous_7)
FN:119,(anonymous_8)
FN:140,(anonymous_9)
FN:147,(anonymous_10)
FN:154,(anonymous_11)
FN:161,(anonymous_12)
FN:168,(anonymous_13)
FN:176,(anonymous_14)
FN:191,(anonymous_15)
FN:183,(anonymous_16)
FN:205,(anonymous_17)
FN:198,(anonymous_18)
FN:215,(anonymous_19)
FN:210,(anonymous_20)
FN:219,(anonymous_21)
FN:228,(anonymous_22)
FN:223,(anonymous_23)
FN:235,(anonymous_24)
FN:255,(anonymous_25)
FN:272,(anonymous_26)
FN:279,(anonymous_27)
FN:284,(anonymous_28)
FN:292,(anonymous_29)
FN:300,(anonymous_30)
FN:301,(anonymous_31)
FN:307,(anonymous_32)
FN:317,(anonymous_33)
FN:324,(anonymous_34)
FN:334,(anonymous_35)
FN:343,(anonymous_36)
FN:352,(anonymous_37)
FN:357,(anonymous_38)
FN:358,(anonymous_39)
FN:375,(anonymous_40)
FN:392,(anonymous_41)
FN:430,(anonymous_42)
FN:431,(anonymous_43)
FN:513,(anonymous_44)
FN:515,(anonymous_45)
FN:515,(anonymous_46)
FN:516,(anonymous_47)
FN:517,(anonymous_48)
FN:525,(anonymous_49)
FN:544,(anonymous_50)
FN:546,(anonymous_51)
FN:547,(anonymous_52)
FN:557,(anonymous_53)
FN:559,(anonymous_54)
FN:560,(anonymous_55)
FN:570,(anonymous_56)
FN:572,(anonymous_57)
FN:573,(anonymous_58)
FN:574,(anonymous_59)
FN:575,(anonymous_60)
FN:586,(anonymous_61)
FN:588,(anonymous_62)
FN:589,(anonymous_63)
FN:590,(anonymous_64)
FN:591,(anonymous_65)
FN:601,(anonymous_66)
FN:608,(anonymous_67)
FN:610,(anonymous_68)
FN:625,(anonymous_69)
FN:641,(anonymous_70)
FN:653,(anonymous_71)
FN:654,(anonymous_72)
FN:654,(anonymous_73)
FN:655,(anonymous_74)
FN:660,(anonymous_75)
FN:660,(anonymous_76)
FN:668,(anonymous_77)
FN:670,(anonymous_78)
FN:671,(anonymous_79)
FN:683,(anonymous_80)
FN:685,(anonymous_81)
FN:686,(anonymous_82)
FN:696,(anonymous_83)
FN:698,(anonymous_84)
FN:699,(anonymous_85)
FN:700,(anonymous_86)
FN:710,(anonymous_87)
FN:712,(anonymous_88)
FN:713,(anonymous_89)
FN:714,(anonymous_90)
FN:715,(anonymous_91)
FN:729,(anonymous_92)
FN:731,(anonymous_93)
FN:732,(anonymous_94)
FN:733,(anonymous_95)
FN:734,(anonymous_96)
FN:737,(anonymous_97)
FN:750,(anonymous_98)
FN:788,(anonymous_99)
FN:795,(anonymous_100)
FN:802,(anonymous_101)
FN:803,(anonymous_102)
FN:813,(anonymous_103)
FN:824,(anonymous_104)
FN:825,(anonymous_105)
FN:839,(anonymous_106)
FN:840,(anonymous_107)
FN:841,(anonymous_108)
FN:848,(anonymous_109)
FN:875,(anonymous_110)
FN:881,(anonymous_111)
FN:883,(anonymous_112)
FN:888,(anonymous_113)
FN:914,(anonymous_114)
FN:944,(anonymous_115)
FN:969,(anonymous_116)
FN:985,(anonymous_117)
FN:993,(anonymous_118)
FN:1003,(anonymous_119)
FN:1013,(anonymous_120)
FN:1024,(anonymous_121)
FN:1036,(anonymous_122)
FN:1047,(anonymous_123)
FN:1050,(anonymous_124)
FN:1094,(anonymous_125)
FN:1096,(anonymous_126)
FN:1124,(anonymous_127)
FN:1136,(anonymous_128)
FN:1147,(anonymous_129)
FN:1149,(anonymous_130)
FN:1171,(anonymous_131)
FN:1183,(anonymous_132)
FN:1193,(anonymous_133)
FN:1200,(anonymous_134)
FN:1207,(anonymous_135)
FN:1210,(anonymous_136)
FN:1217,(anonymous_137)
FN:1218,(anonymous_138)
FN:1219,(anonymous_139)
FN:1233,(anonymous_140)
FN:1233,(anonymous_141)
FN:1238,(anonymous_142)
FN:1247,(anonymous_143)
FN:1248,(anonymous_144)
FN:1289,(anonymous_145)
FN:1294,(anonymous_146)
FN:1295,(anonymous_147)
FN:1307,(anonymous_148)
FN:1312,(anonymous_149)
FN:1313,(anonymous_150)
FN:1322,(anonymous_151)
FN:1334,(anonymous_152)
FN:1339,(anonymous_153)
FN:1342,(anonymous_154)
FN:1354,(anonymous_155)
FN:1359,(anonymous_156)
FNF:157
FNH:141
FNDA:1,(anonymous_0)
FNDA:43,ItemListService
FNDA:138749,(anonymous_2)
FNDA:693745,(anonymous_3)
FNDA:277498,(anonymous_4)
FNDA:310098,(anonymous_5)
FNDA:244898,(anonymous_6)
FNDA:26539,(anonymous_7)
FNDA:2399,(anonymous_8)
FNDA:12,(anonymous_9)
FNDA:12,(anonymous_10)
FNDA:12,(anonymous_11)
FNDA:12,(anonymous_12)
FNDA:12,(anonymous_13)
FNDA:66,(anonymous_14)
FNDA:105909,(anonymous_15)
FNDA:68,(anonymous_16)
FNDA:157,(anonymous_17)
FNDA:55,(anonymous_18)
FNDA:1,(anonymous_19)
FNDA:68,(anonymous_20)
FNDA:54,(anonymous_21)
FNDA:515,(anonymous_22)
FNDA:57,(anonymous_23)
FNDA:40,(anonymous_24)
FNDA:17,(anonymous_25)
FNDA:0,(anonymous_26)
FNDA:75,(anonymous_27)
FNDA:3,(anonymous_28)
FNDA:4,(anonymous_29)
FNDA:3,(anonymous_30)
FNDA:13,(anonymous_31)
FNDA:7,(anonymous_32)
FNDA:14,(anonymous_33)
FNDA:15,(anonymous_34)
FNDA:14,(anonymous_35)
FNDA:24747,(anonymous_36)
FNDA:277498,(anonymous_37)
FNDA:0,(anonymous_38)
FNDA:0,(anonymous_39)
FNDA:0,(anonymous_40)
FNDA:0,(anonymous_41)
FNDA:0,(anonymous_42)
FNDA:0,(anonymous_43)
FNDA:5,(anonymous_44)
FNDA:5,(anonymous_45)
FNDA:10190,(anonymous_46)
FNDA:5,(anonymous_47)
FNDA:5,(anonymous_48)
FNDA:1,(anonymous_49)
FNDA:3,(anonymous_50)
FNDA:114,(anonymous_51)
FNDA:114,(anonymous_52)
FNDA:2,(anonymous_53)
FNDA:76,(anonymous_54)
FNDA:76,(anonymous_55)
FNDA:114,(anonymous_56)
FNDA:114,(anonymous_57)
FNDA:114,(anonymous_58)
FNDA:114,(anonymous_59)
FNDA:114,(anonymous_60)
FNDA:77,(anonymous_61)
FNDA:77,(anonymous_62)
FNDA:77,(anonymous_63)
FNDA:77,(anonymous_64)
FNDA:77,(anonymous_65)
FNDA:294,(anonymous_66)
FNDA:47,(anonymous_67)
FNDA:39,(anonymous_68)
FNDA:28,(anonymous_69)
FNDA:18,(anonymous_70)
FNDA:18,(anonymous_71)
FNDA:18,(anonymous_72)
FNDA:2031,(anonymous_73)
FNDA:18,(anonymous_74)
FNDA:18,(anonymous_75)
FNDA:18,(anonymous_76)
FNDA:16,(anonymous_77)
FNDA:16,(anonymous_78)
FNDA:16,(anonymous_79)
FNDA:34,(anonymous_80)
FNDA:2042,(anonymous_81)
FNDA:2042,(anonymous_82)
FNDA:44,(anonymous_83)
FNDA:2041,(anonymous_84)
FNDA:2041,(anonymous_85)
FNDA:2041,(anonymous_86)
FNDA:2042,(anonymous_87)
FNDA:2042,(anonymous_88)
FNDA:2042,(anonymous_89)
FNDA:2042,(anonymous_90)
FNDA:2042,(anonymous_91)
FNDA:2041,(anonymous_92)
FNDA:2041,(anonymous_93)
FNDA:2041,(anonymous_94)
FNDA:2041,(anonymous_95)
FNDA:2041,(anonymous_96)
FNDA:6,(anonymous_97)
FNDA:5,(anonymous_98)
FNDA:1,(anonymous_99)
FNDA:1,(anonymous_100)
FNDA:0,(anonymous_101)
FNDA:0,(anonymous_102)
FNDA:7,(anonymous_103)
FNDA:2,(anonymous_104)
FNDA:2,(anonymous_105)
FNDA:0,(anonymous_106)
FNDA:0,(anonymous_107)
FNDA:0,(anonymous_108)
FNDA:0,(anonymous_109)
FNDA:140,(anonymous_110)
FNDA:1,(anonymous_111)
FNDA:12,(anonymous_112)
FNDA:83,(anonymous_113)
FNDA:83,(anonymous_114)
FNDA:0,(anonymous_115)
FNDA:6,(anonymous_116)
FNDA:6,(anonymous_117)
FNDA:39,(anonymous_118)
FNDA:6,(anonymous_119)
FNDA:6012,(anonymous_120)
FNDA:9,(anonymous_121)
FNDA:64,(anonymous_122)
FNDA:118,(anonymous_123)
FNDA:6126,(anonymous_124)
FNDA:834,(anonymous_125)
FNDA:51177,(anonymous_126)
FNDA:62,(anonymous_127)
FNDA:56,(anonymous_128)
FNDA:678,(anonymous_129)
FNDA:43025,(anonymous_130)
FNDA:43025,(anonymous_131)
FNDA:43025,(anonymous_132)
FNDA:43025,(anonymous_133)
FNDA:1,(anonymous_134)
FNDA:128,(anonymous_135)
FNDA:109,(anonymous_136)
FNDA:214,(anonymous_137)
FNDA:60546,(anonymous_138)
FNDA:138730,(anonymous_139)
FNDA:109,(anonymous_140)
FNDA:0,(anonymous_141)
FNDA:109,(anonymous_142)
FNDA:672,(anonymous_143)
FNDA:90841,(anonymous_144)
FNDA:83,(anonymous_145)
FNDA:64,(anonymous_146)
FNDA:64,(anonymous_147)
FNDA:64,(anonymous_148)
FNDA:56,(anonymous_149)
FNDA:56,(anonymous_150)
FNDA:0,(anonymous_151)
FNDA:56,(anonymous_152)
FNDA:46,(anonymous_153)
FNDA:9,(anonymous_154)
FNDA:1139,(anonymous_155)
FNDA:87768,(anonymous_156)
DA:9,1
DA:10,1
DA:11,1
DA:12,1
DA:13,1
DA:14,1
DA:15,1
DA:16,1
DA:17,1
DA:18,1
DA:19,1
DA:20,1
DA:22,1
DA:24,1
DA:26,1
DA:34,44
DA:35,1
DA:36,1
DA:37,1
DA:40,43
DA:46,43
DA:74,43
DA:91,1
DA:93,310098
DA:95,277498
DA:96,244898
DA:97,244898
DA:98,244898
DA:99,244898
DA:101,244898
DA:102,244898
DA:106,32600
DA:114,1
DA:115,26539
DA:116,26539
DA:117,2399
DA:118,2399
DA:119,2399
DA:120,2399
DA:122,2399
DA:123,2003
DA:125,396
DA:128,24140
DA:129,24032
DA:130,108
DA:131,108
DA:134,0
DA:140,1
DA:141,12
DA:147,1
DA:148,12
DA:154,1
DA:155,12
DA:161,1
DA:162,12
DA:168,1
DA:169,12
DA:176,1
DA:177,66
DA:183,1
DA:184,68
DA:185,68
DA:192,105909
DA:198,1
DA:199,55
DA:206,157
DA:210,1
DA:211,68
DA:216,1
DA:219,1
DA:220,54
DA:223,1
DA:224,57
DA:225,57
DA:229,515
DA:235,40
DA:236,40
DA:237,0
DA:238,0
DA:239,40
DA:240,23
DA:241,23
DA:242,23
DA:243,23
DA:244,23
DA:246,17
DA:247,17
DA:248,17
DA:249,17
DA:250,0
DA:251,0
DA:254,17
DA:256,17
DA:257,17
DA:259,17
DA:260,17
DA:261,17
DA:262,17
DA:264,0
DA:265,0
DA:266,0
DA:272,1
DA:273,0
DA:279,1
DA:280,75
DA:284,1
DA:285,3
DA:292,1
DA:293,4
DA:300,3
DA:301,13
DA:307,1
DA:308,7
DA:309,4
DA:311,7
DA:317,1
DA:318,14
DA:324,1
DA:325,15
DA:326,5
DA:328,15
DA:334,1
DA:335,14
DA:343,1
DA:344,24747
DA:352,1
DA:353,277498
DA:357,1
DA:358,0
DA:359,0
DA:360,0
DA:361,0
DA:364,0
DA:365,0
DA:366,0
DA:367,0
DA:371,0
DA:375,0
DA:376,0
DA:377,0
DA:378,0
DA:379,0
DA:381,0
DA:382,0
DA:383,0
DA:384,0
DA:385,0
DA:386,0
DA:387,0
DA:389,0
DA:392,0
DA:393,0
DA:394,0
DA:395,0
DA:396,0
DA:400,0
DA:401,0
DA:402,0
DA:403,0
DA:409,0
DA:412,0
DA:415,0
DA:417,0
DA:418,0
DA:421,0
DA:424,0
DA:425,0
DA:430,1
DA:431,0
DA:432,0
DA:434,0
DA:435,0
DA:438,0
DA:439,0
DA:440,0
DA:441,0
DA:444,0
DA:445,0
DA:447,0
DA:448,0
DA:450,0
DA:451,0
DA:452,0
DA:453,0
DA:454,0
DA:455,0
DA:458,0
DA:460,0
DA:461,0
DA:462,0
DA:463,0
DA:464,0
DA:465,0
DA:466,0
DA:467,0
DA:473,0
DA:475,0
DA:476,0
DA:477,0
DA:478,0
DA:479,0
DA:480,0
DA:483,0
DA:485,0
DA:486,0
DA:487,0
DA:488,0
DA:489,0
DA:490,0
DA:491,0
DA:492,0
DA:496,0
DA:497,0
DA:498,0
DA:499,0
DA:505,0
DA:513,5
DA:514,5
DA:515,10190
DA:516,5
DA:517,5
DA:525,1
DA:526,1
DA:527,1
DA:528,0
DA:531,1
DA:532,1
DA:533,0
DA:536,1
DA:537,1
DA:544,3
DA:545,3
DA:546,114
DA:548,114
DA:549,114
DA:557,2
DA:558,2
DA:559,76
DA:561,76
DA:562,76
DA:570,114
DA:571,114
DA:572,114
DA:573,114
DA:574,114
DA:576,114
DA:578,114
DA:586,77
DA:587,77
DA:588,77
DA:589,77
DA:590,77
DA:592,77
DA:594,77
DA:601,1
DA:602,294
DA:608,1
DA:609,47
DA:610,47
DA:611,39
DA:614,47
DA:615,47
DA:616,0
DA:619,47
DA:625,1
DA:626,28
DA:627,0
DA:630,28
DA:631,28
DA:633,28
DA:641,18
DA:642,18
DA:643,11
DA:647,18
DA:648,18
DA:649,0
DA:652,18
DA:653,18
DA:654,2031
DA:656,18
DA:657,0
DA:660,18
DA:668,16
DA:669,16
DA:670,16
DA:672,16
DA:673,0
DA:675,16
DA:683,34
DA:684,34
DA:685,2042
DA:687,2042
DA:688,2042
DA:696,44
DA:697,44
DA:698,2041
DA:699,2041
DA:701,2041
DA:702,2041
DA:710,2042
DA:711,2042
DA:712,2042
DA:713,2042
DA:714,2042
DA:716,2042
DA:717,0
DA:720,2042
DA:721,2042
DA:729,2041
DA:730,2041
DA:731,2041
DA:732,2041
DA:733,2041
DA:735,2041
DA:736,2041
DA:737,6
DA:738,5
DA:739,4
DA:750,1
DA:751,5
DA:753,5
DA:754,5
DA:755,0
DA:758,5
DA:759,5
DA:760,1
DA:762,5
DA:763,5
DA:764,15
DA:765,15
DA:766,5
DA:770,5
DA:772,10
DA:773,10
DA:774,1
DA:775,0
DA:777,1
DA:781,5
DA:788,1
DA:789,1
DA:790,0
DA:793,1
DA:796,1
DA:797,1
DA:800,1
DA:801,0
DA:802,0
DA:803,0
DA:805,1
DA:813,1
DA:814,7
DA:815,7
DA:816,7
DA:817,7
DA:824,1
DA:825,2
DA:826,2
DA:827,2
DA:830,2
DA:831,2
DA:832,2
DA:839,1
DA:840,0
DA:841,0
DA:842,0
DA:843,0
DA:847,0
DA:848,0
DA:849,0
DA:854,0
DA:855,0
DA:856,0
DA:857,0
DA:858,0
DA:863,0
DA:867,0
DA:870,0
DA:875,1
DA:876,140
DA:877,140
DA:881,1
DA:882,1
DA:883,12
DA:888,83
DA:889,83
DA:894,83
DA:895,4
DA:896,4
DA:897,4
DA:898,4
DA:900,0
DA:903,0
DA:904,0
DA:905,0
DA:910,83
DA:911,83
DA:912,83
DA:914,83
DA:916,83
DA:917,0
DA:919,0
DA:922,0
DA:923,0
DA:924,0
DA:925,0
DA:926,0
DA:927,0
DA:928,0
DA:929,0
DA:931,0
DA:934,0
DA:935,0
DA:938,0
DA:939,0
DA:940,0
DA:941,0
DA:943,0
DA:944,0
DA:945,0
DA:948,83
DA:949,83
DA:950,83
DA:951,83
DA:954,83
DA:955,83
DA:957,83
DA:960,83
DA:962,6
DA:964,6
DA:965,6
DA:968,6
DA:970,6
DA:971,2
DA:974,6
DA:976,0
DA:978,0
DA:979,0
DA:982,6
DA:983,6
DA:985,6
DA:988,77
DA:993,1
DA:994,39
DA:1003,1
DA:1004,6
DA:1013,1
DA:1014,6012
DA:1015,6012
DA:1016,6012
DA:1024,1
DA:1025,9
DA:1036,64
DA:1037,64
DA:1038,2
DA:1041,62
DA:1042,62
DA:1043,62
DA:1045,62
DA:1047,4
DA:1049,118
DA:1050,118
DA:1051,6126
DA:1052,6126
DA:1053,114
DA:1054,114
DA:1055,114
DA:1056,83
DA:1057,0
DA:1059,83
DA:1060,83
DA:1061,0
DA:1066,6012
DA:1067,291
DA:1068,291
DA:1069,84
DA:1071,291
DA:1073,291
DA:1074,291
DA:1076,291
DA:1078,291
DA:1079,0
DA:1081,5721
DA:1082,0
DA:1087,118
DA:1090,4
DA:1094,58
DA:1095,834
DA:1096,834
DA:1097,51177
DA:1099,47124
DA:1100,47124
DA:1103,47124
DA:1107,51177
DA:1108,24
DA:1112,51177
DA:1113,776
DA:1114,776
DA:1120,58
DA:1123,62
DA:1125,62
DA:1126,10
DA:1136,56
DA:1137,56
DA:1138,2
DA:1141,54
DA:1142,54
DA:1143,54
DA:1144,54
DA:1145,54
DA:1147,54
DA:1148,678
DA:1150,43025
DA:1151,26
DA:1155,43025
DA:1157,43025
DA:1159,43025
DA:1160,43025
DA:1163,43025
DA:1167,43025
DA:1168,24
DA:1172,43025
DA:1173,624
DA:1174,624
DA:1175,624
DA:1177,42401
DA:1182,54
DA:1184,43025
DA:1185,10190
DA:1188,43025
DA:1189,38949
DA:1191,43025
DA:1194,43025
DA:1195,43025
DA:1200,1
DA:1201,1
DA:1202,1
DA:1203,1
DA:1204,1
DA:1207,128
DA:1208,128
DA:1210,109
DA:1212,62
DA:1213,0
DA:1216,62
DA:1217,62
DA:1218,214
DA:1219,138730
DA:1220,60546
DA:1221,109
DA:1222,109
DA:1224,60546
DA:1225,152
DA:1230,62
DA:1233,109
DA:1235,62
DA:1238,109
DA:1241,66
DA:1243,66
DA:1244,2
DA:1247,64
DA:1248,672
DA:1249,90841
DA:1250,10
DA:1252,90841
DA:1253,608
DA:1258,64
DA:1261,126
DA:1264,43
DA:1266,693745
DA:1268,138749
DA:1269,0
DA:1270,138749
DA:1271,0
DA:1272,138749
DA:1273,0
DA:1275,138749
DA:1276,0
DA:1277,138749
DA:1278,0
DA:1279,138749
DA:1280,0
DA:1281,138749
DA:1282,0
DA:1284,138749
DA:1289,83
DA:1290,83
DA:1291,19
DA:1293,64
DA:1294,64
DA:1301,64
DA:1302,64
DA:1307,64
DA:1308,64
DA:1309,8
DA:1311,56
DA:1312,56
DA:1314,56
DA:1316,0
DA:1317,0
DA:1320,0
DA:1321,0
DA:1322,0
DA:1323,0
DA:1324,0
DA:1329,56
DA:1334,56
DA:1335,56
DA:1336,1
DA:1337,55
DA:1338,46
DA:1339,46
DA:1340,9
DA:1341,9
DA:1343,9
DA:1345,0
DA:1347,9
DA:1350,0
DA:1354,1139
DA:1355,1139
DA:1356,83
DA:1359,1056
DA:1360,87768
DA:1361,87768
DA:1362,950
DA:1363,950
DA:1367,1
LF:626
LH:453
BRDA:1268,1,0,0
BRDA:1268,1,1,138749
BRDA:1268,2,0,138749
BRDA:1268,2,1,138749
BRDA:1270,3,0,0
BRDA:1270,3,1,138749
BRDA:1270,4,0,138749
BRDA:1270,4,1,138749
BRDA:1272,5,0,0
BRDA:1272,5,1,138749
BRDA:1272,6,0,138749
BRDA:1272,6,1,0
BRDA:1275,7,0,0
BRDA:1275,7,1,138749
BRDA:1277,8,0,0
[...]
DA:1468,1
DA:1469,42
DA:1472,1
DA:1473,20
DA:1474,20
DA:1475,2
DA:1478,18
DA:1480,18
DA:1481,6
DA:1482,2
DA:1483,4
DA:1484,2
DA:1486,2
DA:1488,12
DA:1489,6
DA:1490,2
DA:1491,4
DA:1492,2
DA:1494,2
DA:1497,6
DA:1498,2
DA:1499,4
DA:1500,2
DA:1502,2
DA:1507,1
DA:1508,190
DA:1509,190
DA:1511,190
DA:1512,190
DA:1513,190
DA:1514,190
DA:1515,190
DA:1517,0
DA:1522,1
DA:1523,22
DA:1524,264
DA:1525,264
DA:1529,14
DA:1530,14
DA:1531,14
DA:1533,14
DA:1534,17
DA:1535,17
DA:1537,17
DA:1538,17
DA:1539,17
DA:1540,17
DA:1541,5
DA:1542,12
DA:1543,4
DA:1546,204
DA:1548,17
DA:1549,8
DA:1552,17
DA:1553,14
DA:1558,14
DA:1561,6
DA:1562,6
DA:1563,7
DA:1565,7
DA:1566,84
DA:1568,7
DA:1569,3
DA:1575,1
DA:1576,6
DA:1577,6
DA:1579,6
DA:1580,6
DA:1581,6
DA:1582,9
DA:1583,9
DA:1584,6
DA:1589,6
DA:1591,6
DA:1592,6
DA:1593,6
DA:1594,3
DA:1597,3
DA:1598,36
DA:1599,7
DA:1605,6
DA:1608,32
DA:1609,32
DA:1610,32
DA:1612,32
DA:1613,40
DA:1614,35
DA:1617,35
DA:1618,35
DA:1619,35
DA:1620,35
DA:1621,4
DA:1622,31
DA:1623,0
DA:1626,420
DA:1628,35
DA:1629,20
DA:1632,35
DA:1633,7
DA:1638,32
DA:1641,25
DA:1642,25
DA:1643,32
DA:1645,27
DA:1646,324
DA:1648,27
DA:1649,16
DA:1655,1
DA:1656,12
DA:1657,12
DA:1659,12
DA:1660,12
DA:1661,12
DA:1662,17
DA:1663,17
DA:1664,12
DA:1669,12
DA:1671,12
DA:1672,12
DA:1673,12
DA:1674,9
DA:1677,9
DA:1678,108
DA:1679,27
DA:1685,12
DA:1688,1
DA:1689,11
DA:1690,0
DA:1691,0
DA:1693,0
DA:1696,11
DA:1697,11
DA:1698,0
DA:1700,11
DA:1701,11
DA:1702,2
DA:1703,1
DA:1705,10
DA:1709,1
DA:1710,0
DA:1711,0
DA:1712,0
DA:1713,0
DA:1714,0
DA:1717,0
DA:1719,1
LF:947
LH:814
BRDA:137,1,0,41
BRDA:137,1,1,44
BRDA:137,2,0,85
BRDA:137,2,1,43
BRDA:137,2,2,44
BRDA:142,3,0,85
BRDA:142,3,1,0
BRDA:147,4,0,770
BRDA:147,4,1,1
BRDA:147,5,0,771
BRDA:147,5,1,770
BRDA:149,6,0,40
BRDA:149,6,1,730
BRDA:152,7,0,6
BRDA:152,7,1,764
BRDA:155,8,0,761
BRDA:155,8,1,9
BRDA:161,9,0,53
BRDA:161,9,1,718
BRDA:161,10,0,771
BRDA:161,10,1,53
BRDA:169,11,0,1
BRDA:169,11,1,1
BRDA:172,12,0,0
BRDA:172,12,1,1
BRDA:178,13,0,1
BRDA:178,13,1,0
BRDA:186,14,0,1
BRDA:186,14,1,84
BRDA:188,15,0,0
BRDA:188,15,1,1
BRDA:191,16,0,0
BRDA:191,16,1,1
BRDA:197,17,0,0
BRDA:197,17,1,85
BRDA:204,18,0,43
BRDA:204,18,1,42
BRDA:205,19,0,0
BRDA:205,19,1,43
BRDA:208,20,0,2
BRDA:208,20,1,41
BRDA:232,21,0,4
BRDA:232,21,1,4
BRDA:240,22,0,0
BRDA:240,22,1,2
BRDA:247,23,0,2
BRDA:247,23,1,0
BRDA:249,24,0,0
BRDA:249,24,1,0
BRDA:253,25,0,0
BRDA:253,25,1,2
BRDA:255,26,0,2
BRDA:255,26,1,0
BRDA:288,27,0,9
BRDA:288,27,1,9
BRDA:288,28,0,18
BRDA:288,28,1,9
BRDA:288,28,2,9
BRDA:324,29,0,9
BRDA:324,29,1,9
BRDA:325,30,0,9
BRDA:325,30,1,0
BRDA:325,31,0,9
BRDA:325,31,1,2
BRDA:327,32,0,0
BRDA:327,32,1,9
BRDA:327,33,0,9
BRDA:327,33,1,9
BRDA:334,34,0,0
BRDA:334,34,1,0
BRDA:334,35,0,0
BRDA:334,35,1,0
BRDA:378,36,0,38
BRDA:378,36,1,0
BRDA:386,37,0,11
BRDA:386,37,1,0
BRDA:407,38,0,0
BRDA:407,38,1,10
BRDA:411,39,0,9
BRDA:411,39,1,1
BRDA:414,40,0,0
BRDA:414,40,1,9
BRDA:417,41,0,9
BRDA:417,41,1,0
BRDA:417,42,0,9
BRDA:417,42,1,0
BRDA:421,43,0,9
BRDA:421,43,1,0
BRDA:439,44,0,9
BRDA:439,44,1,0
BRDA:442,45,0,0
BRDA:442,45,1,9
BRDA:454,46,0,1
BRDA:454,46,1,0
BRDA:454,47,0,1
BRDA:454,47,1,0
BRDA:455,48,0,1
BRDA:455,48,1,0
BRDA:462,49,0,0
BRDA:462,49,1,1
BRDA:498,50,0,82
BRDA:498,50,1,19
BRDA:500,51,0,26
BRDA:500,51,1,927
BRDA:504,52,0,77
BRDA:504,52,1,876
BRDA:514,53,0,16
BRDA:514,53,1,85
BRDA:547,54,0,18
BRDA:547,54,1,9
BRDA:549,55,0,18
BRDA:549,55,1,0
BRDA:550,56,0,18
BRDA:550,56,1,5
BRDA:551,57,0,18
BRDA:551,57,1,9
BRDA:552,58,0,18
BRDA:552,58,1,0
BRDA:566,59,0,1
BRDA:566,59,1,0
BRDA:574,60,0,1
BRDA:574,60,1,0
BRDA:582,61,0,1
BRDA:582,61,1,0
BRDA:589,62,0,0
BRDA:589,62,1,2
BRDA:589,63,0,2
BRDA:589,63,1,2
BRDA:601,64,0,2
BRDA:601,64,1,2
BRDA:625,65,0,45
BRDA:625,65,1,42
BRDA:627,66,0,0
BRDA:627,66,1,15
BRDA:637,67,0,10
BRDA:637,67,1,9
BRDA:641,68,0,0
BRDA:641,68,1,3
BRDA:641,69,0,3
BRDA:641,69,1,3
BRDA:657,70,0,6
BRDA:657,70,1,31
BRDA:669,71,0,0
BRDA:669,71,1,2
BRDA:669,72,0,2
BRDA:669,72,1,2
BRDA:688,73,0,0
BRDA:688,73,1,0
BRDA:709,74,0,0
BRDA:709,74,1,1
BRDA:709,75,0,1
BRDA:709,75,1,1
BRDA:724,76,0,754
BRDA:724,76,1,1826
BRDA:730,77,0,7
BRDA:730,77,1,2
BRDA:742,78,0,8
BRDA:742,78,1,16
BRDA:753,79,0,0
BRDA:753,79,1,0
BRDA:770,80,0,0
BRDA:770,80,1,0
BRDA:770,81,0,0
BRDA:770,81,1,0
BRDA:775,82,0,0
BRDA:775,82,1,0
BRDA:807,83,0,0
BRDA:807,83,1,9
BRDA:826,84,0,1
BRDA:826,84,1,0
BRDA:828,85,0,0
BRDA:828,85,1,1
BRDA:841,86,0,1
BRDA:841,86,1,0
BRDA:850,87,0,0
BRDA:850,87,1,0
BRDA:865,88,0,0
BRDA:865,88,1,0
BRDA:875,89,0,0
BRDA:875,89,1,9
BRDA:880,90,0,9
BRDA:880,90,1,0
BRDA:883,91,0,8
BRDA:883,91,1,1
BRDA:897,92,0,0
BRDA:897,92,1,1
BRDA:909,93,0,108
BRDA:909,93,1,108
BRDA:916,94,0,9
BRDA:916,94,1,0
BRDA:945,95,0,8
BRDA:945,95,1,1
BRDA:954,96,0,1
BRDA:954,96,1,1
BRDA:954,96,2,1
BRDA:954,96,3,1
BRDA:954,96,4,1
BRDA:954,96,5,1
BRDA:954,96,6,1
BRDA:954,96,7,1
BRDA:954,96,8,0
BRDA:1012,97,0,0
BRDA:1012,97,1,4
BRDA:1012,98,0,4
BRDA:1012,98,1,4
BRDA:1017,99,0,6
BRDA:1017,99,1,0
BRDA:1030,100,0,4
BRDA:1030,100,1,4
BRDA:1034,101,0,1
BRDA:1034,101,1,3
BRDA:1042,102,0,1
BRDA:1042,102,1,3
BRDA:1068,103,0,0
BRDA:1068,103,1,0
BRDA:1081,104,0,0
BRDA:1081,104,1,0
BRDA:1104,105,0,2
BRDA:1104,105,1,4
BRDA:1123,106,0,3
BRDA:1123,106,1,6
BRDA:1127,107,0,0
BRDA:1127,107,1,3
BRDA:1135,108,0,3
BRDA:1135,108,1,6
BRDA:1136,109,0,3
BRDA:1136,109,1,3
BRDA:1137,110,0,3
BRDA:1137,110,1,3
BRDA:1139,111,0,3
BRDA:1139,111,1,0
BRDA:1144,112,0,3
BRDA:1144,112,1,6
BRDA:1148,113,0,0
BRDA:1148,113,1,3
BRDA:1156,114,0,4
BRDA:1156,114,1,5
BRDA:1157,115,0,4
BRDA:1157,115,1,4
BRDA:1158,116,0,4
BRDA:1158,116,1,4
BRDA:1160,117,0,4
BRDA:1160,117,1,0
BRDA:1165,118,0,0
BRDA:1165,118,1,9
BRDA:1171,119,0,1
BRDA:1171,119,1,8
BRDA:1182,120,0,34
BRDA:1182,120,1,31
BRDA:1184,121,0,0
BRDA:1184,121,1,8
BRDA:1193,122,0,8
BRDA:1193,122,1,0
BRDA:1196,123,0,8
BRDA:1196,123,1,0
BRDA:1215,124,0,0
BRDA:1215,124,1,1
BRDA:1215,125,0,1
BRDA:1215,125,1,0
BRDA:1215,125,2,0
BRDA:1221,126,0,0
BRDA:1221,126,1,1
BRDA:1230,127,0,5
BRDA:1230,127,1,4
BRDA:1232,128,0,0
BRDA:1232,128,1,1
BRDA:1249,129,0,1
BRDA:1249,129,1,0
BRDA:1252,130,0,1
BRDA:1252,130,1,0
BRDA:1266,131,0,0
BRDA:1266,131,1,7
BRDA:1270,132,0,0
BRDA:1270,132,1,7
BRDA:1275,133,0,1
BRDA:1275,133,1,6
BRDA:1275,134,0,7
BRDA:1275,134,1,7
BRDA:1280,135,0,0
BRDA:1280,135,1,7
BRDA:1280,136,0,7
BRDA:1280,136,1,0
BRDA:1289,137,0,0
BRDA:1289,137,1,19
BRDA:1294,138,0,16
BRDA:1294,138,1,3
BRDA:1298,139,0,0
BRDA:1298,139,1,19
BRDA:1314,140,0,221
BRDA:1314,140,1,0
BRDA:1316,141,0,202
BRDA:1316,141,1,19
BRDA:1316,142,0,221
BRDA:1316,142,1,203
BRDA:1317,143,0,33
BRDA:1317,143,1,169
BRDA:1319,144,0,1
BRDA:1319,144,1,32
BRDA:1319,145,0,33
BRDA:1319,145,1,10
BRDA:1319,145,2,1
BRDA:1319,145,3,1
BRDA:1319,145,4,1
BRDA:1334,146,0,9
BRDA:1334,146,1,23
BRDA:1334,147,0,32
BRDA:1334,147,1,15
BRDA:1337,148,0,5
BRDA:1337,148,1,4
BRDA:1337,149,0,9
BRDA:1337,149,1,5
BRDA:1341,150,0,7
BRDA:1341,150,1,16
BRDA:1341,151,0,23
BRDA:1341,151,1,10
BRDA:1352,152,0,3
BRDA:1352,152,1,15
BRDA:1354,153,0,3
BRDA:1354,153,1,0
BRDA:1362,154,0,3
BRDA:1362,154,1,12
BRDA:1366,155,0,3
BRDA:1366,155,1,12
BRDA:1373,156,0,3
BRDA:1373,156,1,9
BRDA:1375,157,0,3
BRDA:1375,157,1,0
BRDA:1383,158,0,0
BRDA:1383,158,1,9
BRDA:1396,159,0,228
BRDA:1396,159,1,55
BRDA:1397,160,0,228
BRDA:1397,160,1,0
BRDA:1398,161,0,86
BRDA:1398,161,1,142
BRDA:1413,162,0,672
BRDA:1413,162,1,0
BRDA:1413,163,0,672
BRDA:1413,163,1,85
BRDA:1423,164,0,42
BRDA:1423,164,1,73
BRDA:1423,165,0,115
BRDA:1423,165,1,73
BRDA:1433,166,0,0
BRDA:1433,166,1,36
BRDA:1433,167,0,36
BRDA:1433,167,1,36
BRDA:1474,168,0,2
BRDA:1474,168,1,18
BRDA:1480,169,0,6
BRDA:1480,169,1,12
BRDA:1481,170,0,2
BRDA:1481,170,1,4
BRDA:1483,171,0,2
BRDA:1483,171,1,2
BRDA:1488,172,0,6
BRDA:1488,172,1,6
BRDA:1489,173,0,2
BRDA:1489,173,1,4
BRDA:1491,174,0,2
BRDA:1491,174,1,2
BRDA:1497,175,0,2
BRDA:1497,175,1,4
BRDA:1499,176,0,2
BRDA:1499,176,1,2
BRDA:1511,177,0,190
BRDA:1511,177,1,0
BRDA:1511,178,0,190
BRDA:1511,178,1,190
BRDA:1514,179,0,190
BRDA:1514,179,1,0
BRDA:1531,180,0,14
BRDA:1531,180,1,6
BRDA:1534,181,0,17
BRDA:1534,181,1,0
BRDA:1540,182,0,5
BRDA:1540,182,1,12
BRDA:1542,183,0,4
BRDA:1542,183,1,8
BRDA:1542,184,0,12
BRDA:1542,184,1,12
BRDA:1546,185,0,204
BRDA:1546,185,1,187
BRDA:1546,185,2,170
BRDA:1548,186,0,8
BRDA:1548,186,1,9
BRDA:1552,187,0,14
BRDA:1552,187,1,3
BRDA:1563,188,0,7
BRDA:1563,188,1,0
BRDA:1566,189,0,84
BRDA:1566,189,1,77
BRDA:1566,189,2,70
BRDA:1568,190,0,3
BRDA:1568,190,1,4
BRDA:1579,191,0,6
BRDA:1579,191,1,0
BRDA:1582,192,0,4
BRDA:1582,192,1,5
BRDA:1583,193,0,6
BRDA:1583,193,1,3
BRDA:1589,194,0,6
BRDA:1589,194,1,0
BRDA:1593,195,0,3
BRDA:1593,195,1,3
BRDA:1598,196,0,7
BRDA:1598,196,1,29
BRDA:1610,197,0,32
BRDA:1610,197,1,12
BRDA:1613,198,0,35
BRDA:1613,198,1,5
BRDA:1620,199,0,4
BRDA:1620,199,1,31
BRDA:1622,200,0,0
BRDA:1622,200,1,31
BRDA:1622,201,0,31
BRDA:1622,201,1,0
BRDA:1626,202,0,420
BRDA:1626,202,1,388
BRDA:1626,202,2,353
BRDA:1628,203,0,20
BRDA:1628,203,1,15
BRDA:1632,204,0,7
BRDA:1632,204,1,28
BRDA:1643,205,0,27
BRDA:1643,205,1,5
BRDA:1646,206,0,324
BRDA:1646,206,1,300
BRDA:1646,206,2,273
BRDA:1648,207,0,16
BRDA:1648,207,1,11
BRDA:1659,208,0,12
BRDA:1659,208,1,0
BRDA:1662,209,0,13
BRDA:1662,209,1,4
BRDA:1663,210,0,12
BRDA:1663,210,1,5
BRDA:1669,211,0,12
BRDA:1669,211,1,0
BRDA:1673,212,0,9
BRDA:1673,212,1,3
BRDA:1678,213,0,27
BRDA:1678,213,1,81
BRDA:1689,214,0,0
BRDA:1689,214,1,11
BRDA:1690,215,0,0
BRDA:1690,215,1,0
BRDA:1697,216,0,0
BRDA:1697,216,1,11
BRDA:1701,217,0,1
BRDA:1701,217,1,10
BRDA:1713,218,0,0
BRDA:1713,218,1,0
BRF:453
BRH:338
end_of_record
TN:
SF:/home/travis/build/DSI-HUG/dejajs-components/src/common/core/graphics/directions.ts
FN:9,(anonymous_0)
FNF:1
FNH:1
FNDA:1,(anonymous_0)
DA:9,1
DA:10,1
DA:11,1
DA:12,1
DA:13,1
DA:14,1
DA:15,1
DA:16,1
DA:17,1
LF:9
LH:9
BRDA:9,1,0,1
BRDA:9,1,1,1
BRF:2
BRH:2
end_of_record
TN:
SF:/home/travis/build/DSI-HUG/dejajs-components/src/component/tooltip/index.ts
FN:35,(anonymous_2)
FN:35,DejaTooltipModule
FNF:2
FNH:1
FNDA:1,(anonymous_2)
FNDA:0,DejaTooltipModule
DA:9,1
DA:10,1
DA:11,1
DA:12,1
DA:13,1
DA:14,1
DA:15,1
DA:35,1
DA:37,1
DA:38,1
DA:39,1
LF:11
LH:11
BRF:0
BRH:0
end_of_record
TN:
SF:/home/travis/build/DSI-HUG/dejajs-components/src/component/tooltip/tooltip.component.ts
FN:38,(anonymous_2)
FN:117,DejaTooltipComponent
FN:121,(anonymous_4)
FN:124,(anonymous_5)
FN:125,(anonymous_6)
FN:132,(anonymous_7)
FN:133,(anonymous_8)
FN:144,(anonymous_9)
FN:150,(anonymous_10)
FN:105,(anonymous_11)
FN:101,(anonymous_12)
FN:109,(anonymous_13)
FN:160,(anonymous_14)
FN:173,(anonymous_15)
FN:176,(anonymous_16)
FN:184,(anonymous_17)
FN:188,(anonymous_18)
FN:199,(anonymous_19)
FNF:18
FNH:1
FNDA:1,(anonymous_2)
FNDA:0,DejaTooltipComponent
FNDA:0,(anonymous_4)
FNDA:0,(anonymous_5)
FNDA:0,(anonymous_6)
FNDA:0,(anonymous_7)
FNDA:0,(anonymous_8)
FNDA:0,(anonymous_9)
FNDA:0,(anonymous_10)
FNDA:0,(anonymous_11)
FNDA:0,(anonymous_12)
FNDA:0,(anonymous_13)
FNDA:0,(anonymous_14)
FNDA:0,(anonymous_15)
FNDA:0,(anonymous_16)
FNDA:0,(anonymous_17)
FNDA:0,(anonymous_18)
FNDA:0,(anonymous_19)
DA:9,1
DA:10,1
DA:11,1
DA:12,1
DA:13,1
DA:14,1
DA:15,1
DA:16,1
DA:17,1
DA:18,1
DA:19,1
DA:20,1
DA:21,1
DA:22,1
DA:23,1
DA:24,1
DA:38,1
DA:40,1
DA:42,1
DA:45,1
DA:49,0
DA:51,0
DA:53,0
DA:61,0
DA:101,2
DA:102,0
DA:106,0
DA:109,1
DA:110,0
DA:117,0
DA:118,0
DA:120,0
DA:121,0
DA:123,0
DA:124,0
DA:126,0
DA:129,0
DA:132,0
DA:134,0
DA:135,0
DA:136,0
DA:137,0
DA:138,0
DA:140,0
DA:142,0
DA:145,0
DA:146,0
DA:147,0
DA:151,0
DA:152,0
DA:160,1
DA:161,0
DA:162,0
DA:164,0
DA:166,0
DA:168,0
DA:169,0
DA:170,0
DA:171,0
DA:172,0
DA:173,0
DA:174,0
DA:175,0
DA:177,0
DA:178,0
DA:181,0
DA:182,0
DA:183,0
DA:185,0
DA:186,0
DA:189,0
DA:190,0
DA:193,0
DA:194,0
DA:199,1
DA:200,0
DA:202,1
LF:77
LH:25
BRDA:137,1,0,0
BRDA:137,1,1,0
BRDA:145,2,0,0
BRDA:145,2,1,0
BRDA:102,3,0,0
BRDA:102,3,1,0
BRDA:161,4,0,0
BRDA:161,4,1,0
BRDA:166,5,0,0
BRDA:166,5,1,0
BRDA:169,6,0,0
BRDA:169,6,1,0
BRDA:172,7,0,0
BRDA:172,7,1,0
BRDA:182,8,0,0
BRDA:182,8,1,0
BRF:16
BRH:0
end_of_record
TN:
SF:/home/travis/build/DSI-HUG/dejajs-components/src/component/tooltip/tooltip.service.ts
FN:16,(anonymous_1)
FN:15,DejaTooltipService
FNF:2
FNH:1
FNDA:1,(anonymous_1)
FNDA:0,DejaTooltipService
DA:9,1
DA:16,1
DA:18,0
DA:19,1
LF:4
LH:3
BRF:0
BRH:0
end_of_record
TN:
SF:/home/travis/build/DSI-HUG/dejajs-components/src/component/tooltip/tooltip.directive.ts
FN:22,(anonymous_2)
FN:31,DejaTooltipDirective
FN:37,(anonymous_4)
FN:38,(anonymous_5)
FNF:4
FNH:1
FNDA:1,(anonymous_2)
FNDA:0,DejaTooltipDirective
FNDA:0,(anonymous_4)
FNDA:0,(anonymous_5)
DA:9,1
DA:10,1
DA:11,1
DA:12,1
DA:13,1
DA:14,1
DA:15,1
DA:17,1
DA:22,1
DA:23,1
DA:24,1
DA:25,1
DA:26,1
DA:29,1
DA:31,0
DA:32,0
DA:34,0
DA:36,0
DA:37,0
DA:39,0
DA:45,0
DA:48,1
LF:22
LH:15
BRF:0
BRH:0
end_of_record
TN:
SF:/home/travis/build/DSI-HUG/dejajs-components/src/component/viewport/index.ts
FN:26,(anonymous_2)
FN:26,DejaViewPortModule
FNF:2
FNH:2
FNDA:1,(anonymous_2)
FNDA:16,DejaViewPortModule
DA:9,1
DA:10,1
DA:11,1
DA:12,1
DA:26,1
DA:28,1
LF:6
LH:6
BRF:0
BRH:0
end_of_record
TN:
SF:/home/travis/build/DSI-HUG/dejajs-components/src/component/viewport/viewport.component.ts
FN:29,(anonymous_2)
FN:41,(anonymous_3)
FN:187,DejaViewPortComponent
FN:189,(anonymous_5)
FN:191,(anonymous_6)
FN:198,(anonymous_7)
FN:199,(anonymous_8)
FN:224,(anonymous_9)
FN:254,(anonymous_10)
FN:262,(anonymous_11)
FN:263,(anonymous_12)
FN:268,(anonymous_13)
FN:280,(anonymous_14)
FN:281,(anonymous_15)
FN:290,(anonymous_16)
FN:292,(anonymous_17)
FN:298,(anonymous_18)
FN:301,(anonymous_19)
FN:319,(anonymous_20)
FN:320,(anonymous_21)
FN:329,(anonymous_22)
FN:332,(anonymous_23)
FN:338,(anonymous_24)
FN:341,(anonymous_25)
FN:360,(anonymous_26)
FN:53,(anonymous_27)
FN:57,(anonymous_28)
FN:78,(anonymous_29)
FN:83,(anonymous_30)
FN:89,(anonymous_31)
FN:90,(anonymous_32)
FN:97,(anonymous_33)
FN:110,(anonymous_34)
FN:120,(anonymous_35)
FN:135,(anonymous_36)
FN:129,(anonymous_37)
FN:140,(anonymous_38)
FN:144,(anonymous_39)
FN:145,(anonymous_40)
FN:146,(anonymous_41)
FN:147,(anonymous_42)
FN:152,(anonymous_43)
FN:154,(anonymous_44)
FN:167,(anonymous_45)
FN:161,(anonymous_46)
FN:183,(anonymous_47)
FN:179,(anonymous_48)
FN:367,(anonymous_49)
FN:380,(anonymous_50)
FN:385,(anonymous_51)
FN:397,(anonymous_52)
FN:401,(anonymous_53)
FN:406,(anonymous_54)
FNF:53
FNH:38
FNDA:1,(anonymous_2)
FNDA:1,(anonymous_3)
FNDA:16,DejaViewPortComponent
FNDA:16,(anonymous_5)
FNDA:1,(anonymous_6)
FNDA:46,(anonymous_7)
FNDA:46,(anonymous_8)
FNDA:16,(anonymous_9)
FNDA:0,(anonymous_10)
FNDA:30,(anonymous_11)
FNDA:30,(anonymous_12)
FNDA:0,(anonymous_13)
FNDA:30,(anonymous_14)
FNDA:30,(anonymous_15)
FNDA:0,(anonymous_16)
FNDA:0,(anonymous_17)
FNDA:0,(anonymous_18)
FNDA:0,(anonymous_19)
FNDA:30,(anonymous_20)
FNDA:30,(anonymous_21)
FNDA:0,(anonymous_22)
FNDA:0,(anonymous_23)
FNDA:0,(anonymous_24)
FNDA:0,(anonymous_25)
FNDA:60,(anonymous_26)
FNDA:124,(anonymous_27)
FNDA:62,(anonymous_28)
FNDA:30,(anonymous_29)
FNDA:30,(anonymous_30)
FNDA:7,(anonymous_31)
FNDA:7000,(anonymous_32)
FNDA:16,(anonymous_33)
FNDA:1,(anonymous_34)
FNDA:1,(anonymous_35)
FNDA:188,(anonymous_36)
FNDA:5,(anonymous_37)
FNDA:16,(anonymous_38)
FNDA:0,(anonymous_39)
FNDA:0,(anonymous_40)
FNDA:0,(anonymous_41)
FNDA:0,(anonymous_42)
FNDA:452,(anonymous_43)
FNDA:1,(anonymous_44)
FNDA:18,(anonymous_45)
FNDA:1,(anonymous_46)
FNDA:4,(anonymous_47)
FNDA:15,(anonymous_48)
FNDA:15,(anonymous_49)
FNDA:1,(anonymous_50)
FNDA:1,(anonymous_51)
FNDA:0,(anonymous_52)
FNDA:452,(anonymous_53)
FNDA:904,(anonymous_54)
DA:11,1
DA:12,1
DA:13,1
DA:14,1
DA:15,1
DA:16,1
DA:17,1
DA:18,1
DA:19,1
DA:20,1
DA:21,1
DA:22,1
DA:23,1
DA:24,1
DA:25,1
DA:27,1
DA:29,1
DA:30,1
DA:31,1
DA:41,1
DA:48,16
DA:49,16
DA:50,16
DA:51,16
DA:53,1
DA:54,124
DA:57,1
DA:58,62
DA:63,16
DA:64,16
DA:65,16
DA:66,16
DA:70,16
DA:73,1
DA:75,1
DA:78,2
DA:79,30
DA:83,2
DA:84,30
DA:89,2
DA:90,7000
DA:97,2
DA:98,16
DA:99,16
DA:100,1
DA:102,16
DA:110,2
DA:111,1
DA:112,1
DA:120,2
DA:121,1
DA:122,1
DA:123,1
DA:124,1
DA:129,2
DA:130,5
DA:131,5
DA:136,188
DA:139,16
DA:140,2
DA:141,16
DA:142,16
DA:143,16
DA:144,0
DA:145,0
DA:146,0
DA:148,0
DA:152,452
DA:154,1
DA:155,1
DA:156,0
DA:158,1
DA:161,1
DA:162,1
DA:163,1
DA:164,1
DA:168,18
DA:179,2
DA:180,15
DA:184,4
DA:187,16
DA:188,16
DA:189,16
DA:192,1
DA:193,1
DA:194,1
DA:197,16
DA:198,46
DA:200,46
DA:201,45
DA:202,45
DA:203,45
DA:205,1
DA:206,1
DA:209,46
DA:210,6
DA:211,6
DA:212,6
DA:213,6
DA:214,6
DA:217,40
DA:218,40
DA:219,40
DA:220,40
DA:221,40
DA:224,46
DA:225,16
DA:226,16
DA:227,0
DA:228,0
DA:230,0
DA:232,0
DA:235,0
DA:236,0
DA:238,16
DA:241,46
DA:242,16
DA:243,16
DA:244,0
DA:245,0
DA:247,16
DA:248,16
DA:249,16
DA:251,0
DA:252,0
DA:254,0
DA:257,30
DA:261,16
DA:262,30
DA:264,30
DA:265,2
DA:266,1
DA:269,0
DA:272,28
DA:273,0
DA:274,0
DA:275,0
DA:279,16
DA:280,30
DA:282,30
DA:283,2
DA:284,1
DA:286,1
DA:290,1
DA:291,0
DA:293,0
DA:296,0
DA:299,0
DA:302,0
DA:307,1
DA:309,28
DA:310,0
DA:311,0
DA:312,0
DA:315,29
DA:318,16
DA:319,30
DA:321,30
DA:322,2
DA:323,1
DA:325,1
DA:329,1
DA:330,0
DA:333,0
DA:336,0
DA:339,0
DA:342,0
DA:347,1
DA:349,28
DA:350,0
DA:351,0
DA:352,0
DA:355,29
DA:358,16
DA:361,60
DA:362,2
DA:367,1
DA:368,15
DA:369,15
DA:370,1
DA:372,15
DA:373,1
DA:375,15
DA:376,1
DA:380,1
DA:381,1
DA:385,1
DA:386,1
DA:387,1
DA:388,0
DA:390,1
DA:391,0
DA:393,1
DA:394,1
DA:397,1
DA:398,0
DA:401,1
DA:402,452
DA:403,452
DA:406,1
DA:407,904
DA:408,400
DA:409,504
DA:410,136
DA:411,368
DA:412,316
DA:414,52
DA:417,1
LF:208
LH:169
BRDA:29,1,0,1
BRDA:29,1,1,1
BRDA:200,2,0,45
BRDA:200,2,1,1
BRDA:209,3,0,6
BRDA:209,3,1,40
BRDA:218,4,0,40
BRDA:218,4,1,30
BRDA:219,5,0,40
BRDA:219,5,1,17
BRDA:225,6,0,16
BRDA:225,6,1,0
BRDA:226,7,0,0
BRDA:226,7,1,16
BRDA:227,8,0,0
BRDA:227,8,1,0
BRDA:241,9,0,16
BRDA:241,9,1,30
BRDA:243,10,0,0
BRDA:243,10,1,16
BRDA:248,11,0,16
BRDA:248,11,1,0
BRDA:264,12,0,2
BRDA:264,12,1,28
BRDA:265,13,0,1
BRDA:265,13,1,1
BRDA:272,14,0,0
BRDA:272,14,1,28
BRDA:282,15,0,2
BRDA:282,15,1,28
BRDA:283,16,0,1
BRDA:283,16,1,1
BRDA:293,17,0,0
BRDA:293,17,1,0
BRDA:302,18,0,0
BRDA:302,18,1,0
BRDA:309,19,0,0
BRDA:309,19,1,28
BRDA:321,20,0,2
BRDA:321,20,1,28
BRDA:322,21,0,1
BRDA:322,21,1,1
BRDA:333,22,0,0
BRDA:333,22,1,0
BRDA:342,23,0,0
BRDA:342,23,1,0
BRDA:349,24,0,0
BRDA:349,24,1,28
BRDA:361,25,0,2
BRDA:361,25,1,58
BRDA:79,26,0,30
BRDA:79,26,1,2
BRDA:79,26,2,28
BRDA:84,27,0,30
BRDA:84,27,1,2
BRDA:84,27,2,28
BRDA:90,28,0,7
BRDA:90,28,1,0
BRDA:98,29,0,16
BRDA:98,29,1,0
BRDA:99,30,0,1
BRDA:99,30,1,15
BRDA:111,31,0,1
BRDA:111,31,1,0
BRDA:121,32,0,1
BRDA:121,32,1,0
BRDA:130,33,0,5
BRDA:130,33,1,0
BRDA:146,34,0,0
BRDA:146,34,1,0
BRDA:152,35,0,452
BRDA:152,35,1,452
BRDA:155,36,0,0
BRDA:155,36,1,1
BRDA:158,37,0,1
BRDA:158,37,1,0
BRDA:369,38,0,1
BRDA:369,38,1,14
BRDA:372,39,0,1
BRDA:372,39,1,14
BRDA:375,40,0,1
BRDA:375,40,1,14
BRDA:387,41,0,0
BRDA:387,41,1,1
BRDA:390,42,0,0
BRDA:390,42,1,1
BRDA:403,43,0,89
BRDA:403,43,1,363
BRDA:407,44,0,400
BRDA:407,44,1,504
BRDA:409,45,0,136
BRDA:409,45,1,368
BRDA:411,46,0,316
BRDA:411,46,1,52
BRDA:412,47,0,316
BRDA:412,47,1,274
BRDA:414,48,0,0
BRDA:414,48,1,52
BRDA:414,49,0,52
BRDA:414,49,1,52
BRF:100
BRH:71
end_of_record
TN:
SF:/home/travis/build/DSI-HUG/dejajs-components/src/common/core/clipboard/index.ts
FN:15,(anonymous_2)
FN:15,DejaClipboardModule
FN:16,(anonymous_4)
FNF:3
FNH:3
FNDA:1,(anonymous_2)
FNDA:30,DejaClipboardModule
FNDA:30,(anonymous_4)
DA:9,1
DA:10,1
DA:15,1
DA:16,1
DA:17,30
DA:22,1
DA:24,1
LF:7
LH:7
BRF:0
BRH:0
end_of_record
TN:
SF:/home/travis/build/DSI-HUG/dejajs-components/src/component/overlay/test/MockMediaService.ts
FN:11,(anonymous_0)
FN:11,MockMediaService
FNF:2
FNH:2
FNDA:1,(anonymous_0)
FNDA:12,MockMediaService
DA:9,1
DA:11,1
DA:12,12
DA:13,1
LF:4
LH:4
BRF:0
BRH:0
end_of_record
TN:
SF:/home/travis/build/DSI-HUG/dejajs-components/src/component/overlay/test/MockObservableMedia.ts
FN:12,(anonymous_0)
FN:12,MockObservableMedia
FN:13,(anonymous_2)
FN:17,(anonymous_3)
FNF:4
FNH:1
FNDA:1,(anonymous_0)
FNDA:0,MockObservableMedia
FNDA:0,(anonymous_2)
FNDA:0,(anonymous_3)
DA:9,1
DA:10,1
DA:12,1
DA:13,1
DA:14,0
DA:17,1
DA:18,0
DA:20,1
LF:8
LH:6
BRF:0
BRH:0
end_of_record
