TN:
SF:/home/travis/build/DSI-HUG/dejajs-components/index.ts
FNF:0
FNH:0
DA:9,1
LF:1
LH:1
BRF:0
BRH:0
end_of_record
TN:
SF:/home/travis/build/DSI-HUG/dejajs-components/src/index.ts
FNF:0
FNH:0
DA:9,1
DA:10,1
DA:12,1
DA:13,0
LF:4
LH:3
BRDA:12,0,0,0
BRDA:12,0,1,1
BRF:2
BRH:1
end_of_record
TN:
SF:/home/travis/build/DSI-HUG/dejajs-components/src/polyfills.ts
FNF:0
FNH:0
DA:9,1
DA:10,1
DA:11,1
DA:12,1
DA:13,1
DA:17,1
DA:18,1
DA:19,1
DA:20,1
DA:21,1
DA:22,1
DA:23,1
DA:24,1
DA:25,1
DA:26,1
DA:27,1
DA:28,1
DA:29,1
DA:30,1
DA:31,1
DA:33,1
DA:35,1
LF:22
LH:22
BRF:0
BRH:0
end_of_record
TN:
SF:/home/travis/build/DSI-HUG/dejajs-components/src/test.ts
FN:29,(anonymous_0)
FNF:1
FNH:1
FNDA:1,(anonymous_0)
DA:12,1
DA:13,1
DA:14,1
DA:15,1
DA:16,1
DA:17,1
DA:18,1
DA:19,1
DA:29,1
DA:32,1
DA:37,1
DA:39,1
DA:41,1
LF:13
LH:13
BRF:0
BRH:0
end_of_record
TN:
SF:/home/travis/build/DSI-HUG/dejajs-components/src/common/index.ts
FNF:0
FNH:0
DA:9,1
DA:10,1
DA:11,1
LF:3
LH:3
BRF:0
BRH:0
end_of_record
TN:
SF:/home/travis/build/DSI-HUG/dejajs-components/src/common/core/UUID.ts
FN:10,(anonymous_0)
FN:13,UUID
FN:20,(anonymous_2)
FN:30,(anonymous_3)
FNF:4
FNH:4
FNDA:1,(anonymous_0)
FNDA:6,UUID
FNDA:186,(anonymous_2)
FNDA:6,(anonymous_3)
DA:10,1
DA:14,6
DA:15,6
DA:16,6
DA:17,6
DA:20,6
DA:22,186
DA:23,186
DA:25,186
DA:30,1
DA:31,6
DA:33,1
LF:12
LH:12
BRDA:15,0,0,6
BRDA:15,0,1,0
BRDA:16,1,0,6
BRDA:16,1,1,0
BRDA:25,2,0,180
BRDA:25,2,1,6
BRF:6
BRH:4
end_of_record
TN:
SF:/home/travis/build/DSI-HUG/dejajs-components/src/common/core/index.ts
FNF:0
FNH:0
DA:9,1
DA:10,1
DA:11,1
DA:12,1
DA:13,1
DA:14,1
DA:15,1
DA:16,1
DA:17,1
DA:18,1
DA:19,1
DA:20,1
DA:21,1
DA:22,1
DA:23,1
DA:24,1
DA:25,1
DA:26,1
LF:18
LH:18
BRF:0
BRH:0
end_of_record
TN:
SF:/home/travis/build/DSI-HUG/dejajs-components/src/common/core/keycodes.enum.ts
FN:9,(anonymous_0)
FNF:1
FNH:1
FNDA:1,(anonymous_0)
DA:9,1
DA:10,1
DA:11,1
DA:12,1
DA:13,1
DA:14,1
DA:15,1
DA:16,1
DA:17,1
DA:18,1
DA:19,1
DA:20,1
DA:21,1
DA:22,1
DA:23,1
DA:24,1
DA:25,1
DA:26,1
DA:27,1
DA:28,1
DA:29,1
DA:30,1
DA:31,1
DA:32,1
DA:33,1
DA:34,1
DA:35,1
DA:36,1
DA:37,1
DA:38,1
DA:39,1
DA:40,1
DA:41,1
DA:42,1
DA:43,1
DA:44,1
DA:45,1
DA:46,1
DA:47,1
DA:48,1
DA:49,1
DA:50,1
DA:51,1
DA:52,1
DA:53,1
DA:54,1
DA:55,1
DA:56,1
DA:57,1
DA:58,1
DA:59,1
DA:60,1
DA:61,1
DA:62,1
DA:63,1
DA:64,1
DA:65,1
DA:66,1
DA:67,1
DA:68,1
DA:69,1
DA:70,1
DA:71,1
DA:72,1
DA:73,1
DA:74,1
DA:75,1
DA:76,1
DA:77,1
DA:78,1
DA:79,1
DA:80,1
DA:81,1
DA:82,1
DA:83,1
DA:84,1
DA:85,1
DA:86,1
DA:87,1
DA:88,1
DA:89,1
DA:90,1
DA:91,1
DA:92,1
DA:93,1
DA:94,1
DA:95,1
DA:96,1
DA:97,1
DA:98,1
DA:99,1
DA:100,1
DA:101,1
DA:102,1
DA:103,1
DA:104,1
DA:105,1
DA:106,1
DA:107,1
DA:108,1
LF:100
LH:100
BRDA:9,0,0,1
BRDA:9,0,1,1
BRF:2
BRH:2
end_of_record
TN:
SF:/home/travis/build/DSI-HUG/dejajs-components/src/common/core/clipboard/clipboard.service.ts
FN:15,(anonymous_1)
FN:14,DejaClipboardService
FN:18,(anonymous_3)
FN:22,(anonymous_4)
FN:26,(anonymous_5)
FN:30,(anonymous_6)
FNF:6
FNH:6
FNDA:1,(anonymous_1)
FNDA:31,DejaClipboardService
FNDA:34,(anonymous_3)
FNDA:29,(anonymous_4)
FNDA:5,(anonymous_5)
FNDA:3,(anonymous_6)
DA:9,1
DA:15,1
DA:16,31
DA:18,1
DA:19,34
DA:22,1
DA:23,29
DA:26,1
DA:27,5
DA:30,1
DA:31,3
DA:33,1
LF:12
LH:12
BRF:0
BRH:0
end_of_record
TN:
SF:/home/travis/build/DSI-HUG/dejajs-components/src/common/core/clipboard/index.ts
FN:15,(anonymous_2)
FN:16,(anonymous_4)
FNF:2
FNH:2
FNDA:31,(anonymous_2)
FNDA:30,(anonymous_4)
DA:9,1
DA:10,1
DA:15,1
DA:16,1
DA:17,30
DA:22,1
DA:24,1
LF:7
LH:7
BRF:0
BRH:0
end_of_record
TN:
SF:/home/travis/build/DSI-HUG/dejajs-components/src/common/core/cloning/cloning.service.ts
FN:17,(anonymous_1)
FN:25,(anonymous_3)
FN:36,(anonymous_4)
FN:40,(anonymous_5)
FN:53,(anonymous_6)
FN:62,(anonymous_7)
FN:84,(anonymous_8)
FN:98,(anonymous_9)
FN:100,(anonymous_10)
FN:106,(anonymous_11)
FN:117,(anonymous_12)
FN:119,(anonymous_13)
FNF:12
FNH:11
FNDA:9,(anonymous_1)
FNDA:1,(anonymous_3)
FNDA:11,(anonymous_4)
FNDA:58,(anonymous_5)
FNDA:147,(anonymous_6)
FNDA:48,(anonymous_7)
FNDA:0,(anonymous_8)
FNDA:2,(anonymous_9)
FNDA:2,(anonymous_10)
FNDA:2,(anonymous_11)
FNDA:2,(anonymous_12)
FNDA:2,(anonymous_13)
DA:9,1
DA:10,1
DA:11,1
DA:17,1
DA:25,1
DA:26,1
DA:36,11
DA:37,11
DA:38,7
DA:40,4
DA:41,58
DA:42,1
DA:45,57
DA:46,9
DA:49,48
DA:50,45
DA:53,48
DA:54,147
DA:56,147
DA:57,117
DA:59,30
DA:61,18
DA:62,18
DA:63,48
DA:65,18
DA:67,12
DA:68,3
DA:70,9
DA:71,3
DA:74,6
DA:79,48
DA:83,4
DA:84,0
DA:87,4
DA:98,2
DA:99,2
DA:100,1
DA:101,2
DA:102,2
DA:104,1
DA:106,2
DA:117,2
DA:118,2
DA:119,1
DA:120,2
DA:121,2
DA:123,1
DA:125,1
DA:128,1
LF:49
LH:48
BRDA:37,0,0,7
BRDA:37,0,1,4
BRDA:41,1,0,1
BRDA:41,1,1,57
BRDA:41,2,0,58
BRDA:41,2,1,57
BRDA:45,3,0,9
BRDA:45,3,1,48
BRDA:49,4,0,45
BRDA:49,4,1,3
BRDA:56,5,0,117
BRDA:56,5,1,30
BRDA:56,6,0,147
BRDA:56,6,1,30
BRDA:59,7,0,18
BRDA:59,7,1,12
BRDA:67,8,0,3
BRDA:67,8,1,9
BRDA:70,9,0,3
BRDA:70,9,1,6
BRDA:83,10,0,0
BRDA:83,10,1,4
BRDA:83,11,0,4
BRDA:83,11,1,3
BRDA:87,12,0,2
BRDA:87,12,1,2
BRDA:99,13,0,1
BRDA:99,13,1,1
BRDA:99,14,0,2
BRDA:99,14,1,1
BRDA:118,15,0,1
BRDA:118,15,1,1
BRDA:118,16,0,2
BRDA:118,16,1,1
BRF:34
BRH:33
end_of_record
TN:
SF:/home/travis/build/DSI-HUG/dejajs-components/src/common/core/cloning/index.ts
FN:15,(anonymous_2)
FNF:1
FNH:1
FNDA:1,(anonymous_2)
DA:9,1
DA:10,1
DA:15,1
DA:17,1
LF:4
LH:4
BRF:0
BRH:0
end_of_record
TN:
SF:/home/travis/build/DSI-HUG/dejajs-components/src/common/core/diacritics/diacritics.ts
FN:17,(anonymous_0)
FN:20,(anonymous_2)
FNF:2
FNH:2
FNDA:1,(anonymous_0)
FNDA:6036,(anonymous_2)
DA:17,1
DA:18,1
DA:20,1
DA:21,6036
DA:22,6036
DA:23,6036
DA:24,6036
DA:25,6036
DA:26,284980
DA:27,284980
DA:28,284980
DA:29,0
DA:30,0
DA:32,284980
DA:35,6036
DA:36,0
DA:39,0
DA:41,6036
DA:43,1
LF:19
LH:15
BRDA:23,0,0,6036
BRDA:23,0,1,6036
BRDA:23,0,2,0
BRDA:28,1,0,0
BRDA:28,1,1,284980
BRDA:35,2,0,0
BRDA:35,2,1,6036
BRF:7
BRH:4
end_of_record
TN:
SF:/home/travis/build/DSI-HUG/dejajs-components/src/common/core/diacritics/index.ts
FNF:0
FNH:0
DA:9,1
LF:1
LH:1
BRF:0
BRH:0
end_of_record
TN:
SF:/home/travis/build/DSI-HUG/dejajs-components/src/common/core/events/cancelable-event.ts
FN:11,(anonymous_5)
FNF:1
FNH:1
FNDA:1,(anonymous_5)
DA:9,1
DA:11,1
DA:12,0
DA:13,1
LF:4
LH:3
BRDA:11,0,0,0
BRDA:11,0,1,0
BRDA:11,0,2,0
BRF:3
BRH:0
end_of_record
TN:
SF:/home/travis/build/DSI-HUG/dejajs-components/src/common/core/events/index.ts
FNF:0
FNH:0
DA:9,1
LF:1
LH:1
BRF:0
BRH:0
end_of_record
TN:
SF:/home/travis/build/DSI-HUG/dejajs-components/src/common/core/form/index.ts
FN:23,(anonymous_2)
FNF:1
FNH:1
FNDA:1,(anonymous_2)
DA:9,1
DA:10,1
DA:11,1
DA:23,1
DA:25,1
DA:26,1
LF:6
LH:6
BRF:0
BRH:0
end_of_record
TN:
SF:/home/travis/build/DSI-HUG/dejajs-components/src/common/core/form/pending-onfocus.directive.ts
FN:17,(anonymous_2)
FN:21,PendingOnFocusDirective
FN:25,(anonymous_4)
FN:27,(anonymous_5)
FN:28,(anonymous_6)
FN:29,(anonymous_7)
FN:32,(anonymous_8)
FN:37,(anonymous_9)
FN:42,(anonymous_10)
FNF:9
FNH:1
FNDA:1,(anonymous_2)
FNDA:0,PendingOnFocusDirective
FNDA:0,(anonymous_4)
FNDA:0,(anonymous_5)
FNDA:0,(anonymous_6)
FNDA:0,(anonymous_7)
FNDA:0,(anonymous_8)
FNDA:0,(anonymous_9)
FNDA:0,(anonymous_10)
DA:9,1
DA:10,1
DA:11,1
DA:12,1
DA:17,1
DA:18,0
DA:19,0
DA:21,0
DA:25,1
DA:26,0
DA:27,0
DA:28,0
DA:29,0
DA:32,1
DA:33,0
DA:37,1
DA:38,0
DA:42,1
DA:43,0
DA:44,0
DA:46,1
LF:21
LH:10
BRF:0
BRH:0
end_of_record
TN:
SF:/home/travis/build/DSI-HUG/dejajs-components/src/common/core/form/validate-onblur.directive.ts
FN:15,(anonymous_2)
FN:19,ValidateOnBlurDirective
FN:24,(anonymous_4)
FN:32,(anonymous_5)
FNF:4
FNH:1
FNDA:1,(anonymous_2)
FNDA:0,ValidateOnBlurDirective
FNDA:0,(anonymous_4)
FNDA:0,(anonymous_5)
DA:9,1
DA:10,1
DA:15,1
DA:19,0
DA:24,1
DA:25,0
DA:26,0
DA:27,0
DA:28,0
DA:32,1
DA:33,0
DA:34,0
DA:35,0
DA:37,1
LF:14
LH:6
BRF:0
BRH:0
end_of_record
TN:
SF:/home/travis/build/DSI-HUG/dejajs-components/src/common/core/graphics/circle.ts
FN:12,(anonymous_0)
FN:42,Circle
FN:22,(anonymous_2)
FN:37,(anonymous_3)
FN:47,(anonymous_4)
FN:52,(anonymous_5)
FN:57,(anonymous_6)
FN:65,(anonymous_7)
FN:70,(anonymous_8)
FNF:9
FNH:9
FNDA:1,(anonymous_0)
FNDA:5,Circle
FNDA:2,(anonymous_2)
FNDA:4,(anonymous_3)
FNDA:3,(anonymous_4)
FNDA:1,(anonymous_5)
FNDA:2,(anonymous_6)
FNDA:1,(anonymous_7)
FNDA:1,(anonymous_8)
DA:9,1
DA:10,1
DA:12,1
DA:22,1
DA:23,2
DA:24,1
DA:25,1
DA:26,1
DA:27,1
DA:28,1
DA:30,2
DA:32,2
DA:33,2
DA:37,1
DA:38,4
DA:42,5
DA:47,1
DA:48,3
DA:52,1
DA:53,1
DA:57,1
DA:58,2
DA:59,2
DA:61,2
DA:65,1
DA:66,1
DA:70,1
DA:71,1
DA:73,1
LF:29
LH:29
BRDA:23,0,0,1
BRDA:23,0,1,1
BRDA:38,1,0,4
BRDA:38,1,1,4
BRDA:38,1,2,4
BRF:5
BRH:5
end_of_record
TN:
SF:/home/travis/build/DSI-HUG/dejajs-components/src/common/core/graphics/color-event.ts
FN:11,(anonymous_5)
FN:14,ColorEvent
FNF:2
FNH:2
FNDA:1,(anonymous_5)
FNDA:1,ColorEvent
DA:11,1
DA:15,1
DA:16,1
DA:18,1
LF:4
LH:4
BRDA:15,0,0,1
BRDA:15,0,1,0
BRF:2
BRH:1
end_of_record
TN:
SF:/home/travis/build/DSI-HUG/dejajs-components/src/common/core/graphics/color.ts
FN:14,(anonymous_0)
FN:270,Color
FN:164,(anonymous_2)
FN:168,(anonymous_3)
FN:177,(anonymous_4)
FN:210,(anonymous_5)
FN:250,(anonymous_6)
FN:277,(anonymous_7)
FN:281,(anonymous_8)
FN:285,(anonymous_9)
FN:289,(anonymous_10)
FN:293,(anonymous_11)
FN:302,(anonymous_12)
FN:310,(anonymous_13)
FN:314,(anonymous_14)
FN:318,(anonymous_15)
FN:319,(anonymous_16)
FN:333,(anonymous_17)
FNF:18
FNH:18
FNDA:1,(anonymous_0)
FNDA:448,Color
FNDA:433,(anonymous_2)
FNDA:2,(anonymous_3)
FNDA:3,(anonymous_4)
FNDA:430,(anonymous_5)
FNDA:9,(anonymous_6)
FNDA:773,(anonymous_7)
FNDA:408,(anonymous_8)
FNDA:342,(anonymous_9)
FNDA:69,(anonymous_10)
FNDA:4,(anonymous_11)
FNDA:3,(anonymous_12)
FNDA:278,(anonymous_13)
FNDA:1,(anonymous_14)
FNDA:49,(anonymous_15)
FNDA:141,(anonymous_16)
FNDA:2,(anonymous_17)
DA:14,1
DA:20,1
DA:164,1
DA:165,433
DA:168,1
DA:173,2
DA:174,1
DA:177,1
DA:178,3
DA:179,0
DA:181,3
DA:182,0
DA:184,3
DA:185,0
DA:187,3
DA:188,1
DA:190,2
DA:191,1
DA:193,1
DA:196,1
DA:197,1
DA:199,1
DA:200,1
DA:201,1
DA:204,2
DA:210,1
DA:211,430
DA:212,1
DA:219,429
DA:220,429
DA:222,1
DA:223,1
DA:224,1
DA:225,1
DA:227,1
DA:228,1
DA:229,1
DA:230,1
DA:231,1
DA:233,426
DA:234,426
DA:235,426
DA:236,426
DA:238,1
DA:239,1
DA:240,1
DA:241,1
DA:242,1
DA:244,0
DA:247,429
DA:250,1
DA:251,9
DA:252,1
DA:253,8
DA:254,1
DA:255,7
DA:256,4
DA:258,3
DA:259,3
DA:260,2
DA:263,1
DA:264,1
DA:265,1
DA:271,448
DA:272,448
DA:273,448
DA:274,448
DA:277,1
DA:278,773
DA:281,1
DA:282,408
DA:285,1
DA:286,342
DA:289,1
DA:290,69
DA:293,1
DA:294,4
DA:295,1
DA:297,3
DA:298,3
DA:299,3
DA:302,1
DA:303,3
DA:304,1
DA:306,2
DA:307,2
DA:310,1
DA:311,278
DA:314,1
DA:315,1
DA:318,1
DA:319,49
DA:320,141
DA:321,141
DA:324,49
DA:325,3
DA:326,46
DA:327,3
DA:329,43
DA:333,1
DA:334,2
DA:335,2
DA:336,2
DA:338,2
DA:339,2
DA:340,2
DA:341,2
DA:342,2
DA:344,2
DA:345,1
DA:347,1
DA:348,1
DA:350,1
DA:351,0
DA:352,1
DA:353,0
DA:355,1
DA:358,1
DA:361,2
DA:363,1
LF:120
LH:114
BRDA:165,0,0,433
BRDA:165,0,1,220
BRDA:165,0,2,220
BRDA:165,0,3,41
BRDA:165,0,4,8
BRDA:165,0,5,7
BRDA:173,1,0,1
BRDA:173,1,1,1
BRDA:178,2,0,0
BRDA:178,2,1,3
BRDA:181,3,0,0
BRDA:181,3,1,3
BRDA:184,4,0,0
BRDA:184,4,1,3
BRDA:187,5,0,1
BRDA:187,5,1,2
BRDA:190,6,0,1
BRDA:190,6,1,1
BRDA:196,7,0,1
BRDA:196,7,1,0
BRDA:211,8,0,1
BRDA:211,8,1,429
BRDA:211,9,0,430
BRDA:211,9,1,429
BRDA:219,10,0,429
BRDA:219,10,1,0
BRDA:221,11,0,1
BRDA:221,11,1,1
BRDA:221,11,2,426
BRDA:221,11,3,1
BRDA:221,11,4,0
BRDA:251,12,0,1
BRDA:251,12,1,8
BRDA:251,13,0,9
BRDA:251,13,1,8
BRDA:253,14,0,1
BRDA:253,14,1,7
BRDA:255,15,0,4
BRDA:255,15,1,3
BRDA:259,16,0,2
BRDA:259,16,1,1
BRDA:264,17,0,1
BRDA:264,17,1,0
BRDA:294,18,0,1
BRDA:294,18,1,3
BRDA:298,19,0,1
BRDA:298,19,1,2
BRDA:303,20,0,1
BRDA:303,20,1,2
BRDA:311,21,0,278
BRDA:311,21,1,271
BRDA:311,21,2,271
BRDA:324,22,0,3
BRDA:324,22,1,46
BRDA:326,23,0,3
BRDA:326,23,1,43
BRDA:344,24,0,1
BRDA:344,24,1,1
BRDA:348,25,0,0
BRDA:348,25,1,1
BRDA:350,26,0,0
BRDA:350,26,1,1
BRDA:350,27,0,1
BRDA:350,27,1,0
BRDA:351,28,0,0
BRDA:351,28,1,0
BRDA:352,29,0,0
BRDA:352,29,1,1
BRF:68
BRH:55
end_of_record
TN:
SF:/home/travis/build/DSI-HUG/dejajs-components/src/common/core/graphics/directions.ts
FN:9,(anonymous_0)
FNF:1
FNH:1
FNDA:1,(anonymous_0)
DA:9,1
DA:10,1
DA:11,1
DA:12,1
DA:13,1
DA:14,1
DA:15,1
DA:16,1
DA:17,1
LF:9
LH:9
BRDA:9,0,0,1
BRDA:9,0,1,1
BRF:2
BRH:2
end_of_record
TN:
SF:/home/travis/build/DSI-HUG/dejajs-components/src/common/core/graphics/index.ts
FNF:0
FNH:0
DA:9,1
DA:10,1
DA:11,1
DA:12,1
DA:13,1
DA:14,1
DA:15,1
DA:16,1
LF:8
LH:8
BRF:0
BRH:0
end_of_record
TN:
SF:/home/travis/build/DSI-HUG/dejajs-components/src/common/core/graphics/position.ts
FN:9,(anonymous_0)
FN:17,Position
FN:13,(anonymous_2)
FN:22,(anonymous_3)
FN:29,(anonymous_4)
FN:33,(anonymous_5)
FN:37,(anonymous_6)
FNF:7
FNH:7
FNDA:1,(anonymous_0)
FNDA:188,Position
FNDA:5,(anonymous_2)
FNDA:3,(anonymous_3)
FNDA:1,(anonymous_4)
FNDA:3,(anonymous_5)
FNDA:5,(anonymous_6)
DA:9,1
DA:13,1
DA:14,5
DA:18,188
DA:19,188
DA:22,1
DA:23,3
DA:29,1
DA:30,1
DA:33,1
DA:34,3
DA:37,1
DA:38,5
DA:40,1
LF:14
LH:14
BRDA:18,0,0,188
BRDA:18,0,1,75
BRDA:19,1,0,188
BRDA:19,1,1,78
BRDA:14,2,0,5
BRDA:14,2,1,5
BRDA:38,3,0,5
BRDA:38,3,1,5
BRDA:38,4,0,5
BRDA:38,4,1,1
BRF:10
BRH:10
end_of_record
TN:
SF:/home/travis/build/DSI-HUG/dejajs-components/src/common/core/graphics/rect.ts
FN:11,(anonymous_0)
FN:23,(anonymous_1)
FN:56,Rect
FN:29,(anonymous_3)
FN:33,(anonymous_4)
FN:37,(anonymous_5)
FN:48,(anonymous_6)
FN:52,(anonymous_7)
FN:75,(anonymous_8)
FN:71,(anonymous_9)
FN:83,(anonymous_10)
FN:79,(anonymous_11)
FN:87,(anonymous_12)
FN:91,(anonymous_13)
FN:100,(anonymous_14)
FN:107,(anonymous_15)
FN:111,(anonymous_16)
FN:115,(anonymous_17)
FN:122,(anonymous_18)
FN:126,(anonymous_19)
FN:130,(anonymous_20)
FN:144,(anonymous_21)
FNF:22
FNH:22
FNDA:1,(anonymous_0)
FNDA:1,(anonymous_1)
FNDA:4122,Rect
FNDA:677,(anonymous_3)
FNDA:5,(anonymous_4)
FNDA:1,(anonymous_5)
FNDA:579,(anonymous_6)
FNDA:2,(anonymous_7)
FNDA:54269,(anonymous_8)
FNDA:7,(anonymous_9)
FNDA:36881,(anonymous_10)
FNDA:7,(anonymous_11)
FNDA:1,(anonymous_12)
FNDA:99,(anonymous_13)
FNDA:2,(anonymous_14)
FNDA:4,(anonymous_15)
FNDA:13,(anonymous_16)
FNDA:21489,(anonymous_17)
FNDA:557,(anonymous_18)
FNDA:538,(anonymous_19)
FNDA:2,(anonymous_20)
FNDA:1,(anonymous_21)
DA:9,1
DA:11,1
DA:12,1
DA:13,1
DA:23,1
DA:29,1
DA:30,677
DA:33,1
DA:34,5
DA:37,1
DA:38,1
DA:39,1
DA:40,1
DA:48,1
DA:49,579
DA:52,1
DA:53,2
DA:57,4122
DA:58,45
DA:59,45
DA:60,45
DA:61,45
DA:62,45
DA:64,4077
DA:65,4077
DA:66,4077
DA:67,4077
DA:71,1
DA:72,7
DA:76,54269
DA:79,1
DA:80,7
DA:84,36881
DA:87,1
DA:88,1
DA:91,1
DA:92,99
DA:100,1
DA:101,2
DA:107,1
DA:108,4
DA:111,1
DA:112,13
DA:115,1
DA:116,21489
DA:122,1
DA:123,557
DA:126,1
DA:127,538
DA:130,1
DA:131,2
DA:144,1
DA:145,1
DA:147,1
LF:54
LH:54
BRDA:11,0,0,1
BRDA:11,0,1,1
BRDA:57,1,0,45
BRDA:57,1,1,4077
BRDA:58,2,0,45
BRDA:58,2,1,0
BRDA:59,3,0,45
BRDA:59,3,1,13
BRDA:60,4,0,45
BRDA:60,4,1,15
BRDA:61,5,0,27
BRDA:61,5,1,18
BRDA:61,6,0,18
BRDA:61,6,1,0
BRDA:62,7,0,27
BRDA:62,7,1,18
BRDA:62,8,0,18
BRDA:62,8,1,0
BRDA:64,9,0,4077
BRDA:64,9,1,653
BRDA:65,10,0,4077
BRDA:65,10,1,505
BRDA:66,11,0,4077
BRDA:66,11,1,2
BRDA:67,12,0,4077
BRDA:67,12,1,2
BRDA:30,13,0,677
BRDA:30,13,1,442
BRDA:30,13,2,442
BRDA:30,13,3,414
BRDA:30,13,4,353
BRDA:30,13,5,345
BRDA:44,14,0,0
BRDA:44,14,1,1
BRDA:101,15,0,2
BRDA:101,15,1,2
BRDA:101,15,2,2
BRDA:101,15,3,2
BRDA:108,16,0,4
BRDA:108,16,1,4
BRDA:108,16,2,2
BRDA:108,16,3,2
BRDA:112,17,0,13
BRDA:112,17,1,13
BRDA:112,17,2,10
BRDA:112,17,3,9
BRDA:116,18,0,21489
BRDA:116,18,1,15893
BRDA:116,18,2,11894
BRDA:116,18,3,8069
BRDA:123,19,0,557
BRDA:123,19,1,556
BRF:52
BRH:48
end_of_record
TN:
SF:/home/travis/build/DSI-HUG/dejajs-components/src/common/core/graphics/size.ts
FN:9,(anonymous_0)
FN:17,Size
FN:13,(anonymous_2)
FN:22,(anonymous_3)
FNF:4
FNH:4
FNDA:1,(anonymous_0)
FNDA:20,Size
FNDA:1,(anonymous_2)
FNDA:1,(anonymous_3)
DA:9,1
DA:13,1
DA:14,1
DA:18,20
DA:19,20
DA:22,1
DA:23,1
DA:25,1
LF:8
LH:8
BRDA:18,0,0,20
BRDA:18,0,1,0
BRDA:19,1,0,20
BRDA:19,1,1,0
BRDA:14,2,0,1
BRDA:14,2,1,1
BRF:6
BRH:4
end_of_record
TN:
SF:/home/travis/build/DSI-HUG/dejajs-components/src/common/core/graphics/unit-value.ts
FN:9,(anonymous_0)
FN:17,UnitValue
FN:13,(anonymous_2)
FN:28,(anonymous_3)
FN:32,(anonymous_4)
FN:36,(anonymous_5)
FNF:6
FNH:6
FNDA:1,(anonymous_0)
FNDA:126,UnitValue
FNDA:2,(anonymous_2)
FNDA:1,(anonymous_3)
FNDA:1,(anonymous_4)
FNDA:125,(anonymous_5)
DA:9,1
DA:13,1
DA:14,2
DA:18,126
DA:19,123
DA:20,123
DA:21,123
DA:23,3
DA:24,3
DA:28,1
DA:29,1
DA:32,1
DA:33,1
DA:36,1
DA:37,125
DA:39,1
LF:16
LH:16
BRDA:18,0,0,123
BRDA:18,0,1,3
BRDA:20,1,0,123
BRDA:20,1,1,123
BRDA:20,1,2,123
BRDA:21,2,0,123
BRDA:21,2,1,123
BRDA:21,2,2,123
BRDA:14,3,0,2
BRDA:14,3,1,2
BRDA:37,4,0,125
BRDA:37,4,1,124
BRDA:37,4,2,124
BRF:13
BRH:13
end_of_record
TN:
SF:/home/travis/build/DSI-HUG/dejajs-components/src/common/core/grouping/grouping.service.ts
FN:23,(anonymous_0)
FN:31,(anonymous_2)
FN:39,(anonymous_3)
FN:39,(anonymous_4)
FN:49,(anonymous_5)
FN:51,(anonymous_6)
FN:54,(anonymous_7)
FN:56,(anonymous_8)
FN:62,(anonymous_9)
FN:77,(anonymous_10)
FN:81,(anonymous_11)
FN:83,(anonymous_12)
FN:84,(anonymous_13)
FN:101,(anonymous_14)
FN:110,(anonymous_15)
FN:110,(anonymous_16)
FN:111,(anonymous_17)
FN:111,(anonymous_18)
FN:112,(anonymous_19)
FN:122,(anonymous_20)
FNF:20
FNH:18
FNDA:28,(anonymous_0)
FNDA:54,(anonymous_2)
FNDA:26,(anonymous_3)
FNDA:26,(anonymous_4)
FNDA:6,(anonymous_5)
FNDA:63,(anonymous_6)
FNDA:0,(anonymous_7)
FNDA:63,(anonymous_8)
FNDA:63,(anonymous_9)
FNDA:0,(anonymous_10)
FNDA:89,(anonymous_11)
FNDA:89,(anonymous_12)
FNDA:24189,(anonymous_13)
FNDA:1434,(anonymous_14)
FNDA:89,(anonymous_15)
FNDA:645,(anonymous_16)
FNDA:89,(anonymous_17)
FNDA:645,(anonymous_18)
FNDA:89,(anonymous_19)
FNDA:6,(anonymous_20)
DA:9,1
DA:10,1
DA:11,1
DA:12,1
DA:13,1
DA:14,1
DA:15,1
DA:16,1
DA:17,1
DA:19,1
DA:23,1
DA:31,72
DA:32,54
DA:33,1
DA:36,53
DA:38,21
DA:39,26
DA:40,21
DA:43,32
DA:44,32
DA:46,26
DA:49,6
DA:50,6
DA:52,63
DA:53,63
DA:54,0
DA:56,63
DA:57,63
DA:58,63
DA:64,63
DA:65,63
DA:70,6
DA:77,1
DA:78,0
DA:81,89
DA:82,89
DA:83,89
DA:85,24189
DA:87,24189
DA:88,3
DA:91,24189
DA:92,6
DA:95,24189
DA:97,24189
DA:98,645
DA:99,645
DA:101,1434
DA:104,645
DA:107,24189
DA:108,24189
DA:110,645
DA:111,645
DA:113,89
DA:114,1
DA:115,1
DA:117,88
DA:122,1
DA:123,6
DA:124,0
DA:126,6
DA:127,3
DA:128,3
DA:129,3
DA:133,1
LF:64
LH:61
BRDA:31,0,0,18
BRDA:31,0,1,36
BRDA:32,1,0,1
BRDA:32,1,1,53
BRDA:32,2,0,54
BRDA:32,2,1,54
BRDA:32,2,2,53
BRDA:36,3,0,21
BRDA:36,3,1,32
BRDA:44,4,0,26
BRDA:44,4,1,6
BRDA:53,5,0,0
BRDA:53,5,1,63
BRDA:53,6,0,63
BRDA:53,6,1,63
BRDA:85,7,0,3
BRDA:85,7,1,24186
BRDA:87,8,0,3
BRDA:87,8,1,24186
BRDA:91,9,0,6
BRDA:91,9,1,24183
BRDA:97,10,0,645
BRDA:97,10,1,23544
BRDA:98,11,0,168
BRDA:98,11,1,477
BRDA:98,12,0,0
BRDA:98,12,1,168
BRDA:111,13,0,645
BRDA:111,13,1,3
BRDA:111,13,2,642
BRDA:113,14,0,1
BRDA:113,14,1,88
BRDA:123,15,0,0
BRDA:123,15,1,6
BRDA:126,16,0,3
BRDA:126,16,1,3
BRDA:127,17,0,3
BRDA:127,17,1,0
BRDA:128,18,0,3
BRDA:128,18,1,0
BRF:40
BRH:35
end_of_record
TN:
SF:/home/travis/build/DSI-HUG/dejajs-components/src/common/core/grouping/index.ts
FN:19,(anonymous_2)
FNF:1
FNH:1
FNDA:1,(anonymous_2)
DA:9,1
DA:10,1
DA:11,1
DA:19,1
DA:23,1
LF:5
LH:5
BRF:0
BRH:0
end_of_record
TN:
SF:/home/travis/build/DSI-HUG/dejajs-components/src/common/core/item-list/index.ts
FN:24,(anonymous_2)
FNF:1
FNH:1
FNDA:41,(anonymous_2)
DA:9,1
DA:10,1
DA:11,1
DA:24,1
DA:26,1
DA:29,1
DA:30,1
DA:31,1
DA:32,1
DA:33,1
LF:10
LH:10
BRF:0
BRH:0
end_of_record
TN:
SF:/home/travis/build/DSI-HUG/dejajs-components/src/common/core/item-list/item-event.ts
FN:11,(anonymous_0)
FNF:1
FNH:1
FNDA:1,(anonymous_0)
DA:11,1
DA:14,1
LF:2
LH:2
BRF:0
BRH:0
end_of_record
TN:
SF:/home/travis/build/DSI-HUG/dejajs-components/src/common/core/item-list/item-list-base.ts
FN:33,(anonymous_0)
FN:36,(anonymous_1)
FN:82,ItemListBase
FN:87,(anonymous_3)
FN:88,(anonymous_4)
FN:113,(anonymous_5)
FN:129,(anonymous_6)
FN:133,(anonymous_7)
FN:137,(anonymous_8)
FN:141,(anonymous_9)
FN:145,(anonymous_10)
FN:149,(anonymous_11)
FN:153,(anonymous_12)
FN:160,(anonymous_13)
FN:167,(anonymous_14)
FN:171,(anonymous_15)
FN:178,(anonymous_16)
FN:188,(anonymous_17)
FN:198,(anonymous_18)
FN:210,(anonymous_19)
FN:222,(anonymous_20)
FN:232,(anonymous_21)
FN:239,(anonymous_22)
FN:247,(anonymous_23)
FN:254,(anonymous_24)
FN:261,(anonymous_25)
FN:268,(anonymous_26)
FN:275,(anonymous_27)
FN:283,(anonymous_28)
FN:292,(anonymous_29)
FN:297,(anonymous_30)
FN:302,(anonymous_31)
FN:318,(anonymous_32)
FN:318,(anonymous_33)
FN:325,(anonymous_34)
FN:327,(anonymous_35)
FN:334,(anonymous_36)
FN:336,(anonymous_37)
FN:342,(anonymous_38)
FN:346,(anonymous_39)
FN:347,(anonymous_40)
FN:348,(anonymous_41)
FN:362,(anonymous_42)
FN:364,(anonymous_43)
FN:364,(anonymous_44)
FN:370,(anonymous_45)
FN:376,(anonymous_46)
FN:384,(anonymous_47)
FN:397,(anonymous_48)
FN:402,(anonymous_49)
FN:410,(anonymous_50)
FN:414,(anonymous_51)
FN:418,(anonymous_52)
FN:423,(anonymous_53)
FN:427,(anonymous_54)
FN:428,(anonymous_55)
FN:431,(anonymous_56)
FN:440,(anonymous_57)
FN:442,(anonymous_58)
FN:451,(anonymous_59)
FN:458,(anonymous_60)
FN:465,(anonymous_61)
FN:476,(anonymous_62)
FN:477,(anonymous_63)
FN:487,(anonymous_64)
FN:497,(anonymous_65)
FN:507,(anonymous_66)
FN:514,(anonymous_67)
FN:518,(anonymous_68)
FN:523,(anonymous_69)
FN:530,(anonymous_70)
FN:540,(anonymous_71)
FN:549,(anonymous_72)
FN:556,(anonymous_73)
FN:563,(anonymous_74)
FN:573,(anonymous_75)
FN:582,(anonymous_76)
FN:587,(anonymous_77)
FN:592,(anonymous_78)
FN:598,(anonymous_79)
FN:606,(anonymous_80)
FN:621,(anonymous_81)
FN:624,(anonymous_82)
FN:632,(anonymous_83)
FN:641,(anonymous_84)
FN:649,(anonymous_85)
FN:656,(anonymous_86)
FN:661,(anonymous_87)
FN:668,(anonymous_88)
FN:676,(anonymous_89)
FN:684,(anonymous_90)
FN:692,(anonymous_91)
FN:701,(anonymous_92)
FN:706,(anonymous_93)
FN:708,(anonymous_94)
FN:712,(anonymous_95)
FN:713,(anonymous_96)
FN:743,(anonymous_97)
FN:745,(anonymous_98)
FN:754,(anonymous_99)
FN:759,(anonymous_100)
FN:763,(anonymous_101)
FN:765,(anonymous_102)
FN:801,(anonymous_103)
FN:813,(anonymous_104)
FN:814,(anonymous_105)
FNF:106
FNH:91
FNDA:6,(anonymous_0)
FNDA:1,(anonymous_1)
FNDA:40,ItemListBase
FNDA:199,(anonymous_3)
FNDA:199,(anonymous_4)
FNDA:25,(anonymous_5)
FNDA:975,(anonymous_6)
FNDA:1208,(anonymous_7)
FNDA:195,(anonymous_8)
FNDA:287,(anonymous_9)
FNDA:368,(anonymous_10)
FNDA:9141,(anonymous_11)
FNDA:0,(anonymous_12)
FNDA:60,(anonymous_13)
FNDA:0,(anonymous_14)
FNDA:40,(anonymous_15)
FNDA:1,(anonymous_16)
FNDA:14,(anonymous_17)
FNDA:14,(anonymous_18)
FNDA:0,(anonymous_19)
FNDA:37572,(anonymous_20)
FNDA:262,(anonymous_21)
FNDA:47,(anonymous_22)
FNDA:12,(anonymous_23)
FNDA:12,(anonymous_24)
FNDA:12,(anonymous_25)
FNDA:12,(anonymous_26)
FNDA:12,(anonymous_27)
FNDA:18719,(anonymous_28)
FNDA:40,(anonymous_29)
FNDA:0,(anonymous_30)
FNDA:1,(anonymous_31)
FNDA:1,(anonymous_32)
FNDA:1,(anonymous_33)
FNDA:7,(anonymous_34)
FNDA:7,(anonymous_35)
FNDA:2,(anonymous_36)
FNDA:2,(anonymous_37)
FNDA:5,(anonymous_38)
FNDA:0,(anonymous_39)
FNDA:0,(anonymous_40)
FNDA:0,(anonymous_41)
FNDA:1,(anonymous_42)
FNDA:1,(anonymous_43)
FNDA:1,(anonymous_44)
FNDA:10,(anonymous_45)
FNDA:6,(anonymous_46)
FNDA:73,(anonymous_47)
FNDA:18,(anonymous_48)
FNDA:1,(anonymous_49)
FNDA:0,(anonymous_50)
FNDA:375,(anonymous_51)
FNDA:402,(anonymous_52)
FNDA:26,(anonymous_53)
FNDA:32,(anonymous_54)
FNDA:2047,(anonymous_55)
FNDA:22,(anonymous_56)
FNDA:5,(anonymous_57)
FNDA:5,(anonymous_58)
FNDA:14,(anonymous_59)
FNDA:2980,(anonymous_60)
FNDA:54,(anonymous_61)
FNDA:121,(anonymous_62)
FNDA:119,(anonymous_63)
FNDA:14,(anonymous_64)
FNDA:14,(anonymous_65)
FNDA:14,(anonymous_66)
FNDA:0,(anonymous_67)
FNDA:39,(anonymous_68)
FNDA:2363,(anonymous_69)
FNDA:6,(anonymous_70)
FNDA:14,(anonymous_71)
FNDA:1,(anonymous_72)
FNDA:43,(anonymous_73)
FNDA:40,(anonymous_74)
FNDA:17,(anonymous_75)
FNDA:17,(anonymous_76)
FNDA:1,(anonymous_77)
FNDA:0,(anonymous_78)
FNDA:84,(anonymous_79)
FNDA:0,(anonymous_80)
FNDA:18,(anonymous_81)
FNDA:18,(anonymous_82)
FNDA:16,(anonymous_83)
FNDA:8,(anonymous_84)
FNDA:25,(anonymous_85)
FNDA:22,(anonymous_86)
FNDA:18181,(anonymous_87)
FNDA:31,(anonymous_88)
FNDA:18184,(anonymous_89)
FNDA:14,(anonymous_90)
FNDA:51,(anonymous_91)
FNDA:197,(anonymous_92)
FNDA:0,(anonymous_93)
FNDA:0,(anonymous_94)
FNDA:0,(anonymous_95)
FNDA:0,(anonymous_96)
FNDA:84,(anonymous_97)
FNDA:84,(anonymous_98)
FNDA:54,(anonymous_99)
FNDA:44,(anonymous_100)
FNDA:32,(anonymous_101)
FNDA:18136,(anonymous_102)
FNDA:2705,(anonymous_103)
FNDA:43,(anonymous_104)
FNDA:41,(anonymous_105)
DA:9,1
DA:11,1
DA:12,1
DA:13,1
DA:14,1
DA:15,1
DA:16,1
DA:17,1
DA:18,1
DA:19,1
DA:20,1
DA:21,1
DA:26,1
DA:29,1
DA:31,1
DA:33,1
DA:36,1
DA:37,40
DA:39,40
DA:40,40
DA:43,40
DA:49,40
DA:51,40
DA:54,40
DA:55,40
DA:56,40
DA:57,40
DA:58,40
DA:59,40
DA:60,40
DA:77,40
DA:78,40
DA:82,40
DA:84,40
DA:86,40
DA:87,199
DA:89,199
DA:90,199
DA:91,0
DA:92,0
DA:93,0
DA:94,0
DA:95,0
DA:97,199
DA:98,199
DA:99,199
DA:100,199
DA:101,199
DA:104,199
DA:105,111
DA:106,62
DA:107,62
DA:108,62
DA:109,37
DA:111,25
DA:114,25
DA:120,199
DA:123,199
DA:124,159
DA:129,1
DA:130,975
DA:133,1
DA:134,1208
DA:137,1
DA:138,195
DA:141,1
DA:142,287
DA:145,1
DA:146,368
DA:149,1
DA:150,9141
DA:153,1
DA:154,0
DA:160,1
DA:161,60
DA:167,1
DA:168,0
DA:171,1
DA:172,40
DA:178,1
DA:179,1
DA:180,1
DA:181,1
DA:188,1
DA:189,14
DA:190,14
DA:191,14
DA:198,1
DA:199,14
DA:200,4
DA:203,14
DA:204,1
DA:207,13
DA:210,1
DA:211,0
DA:212,0
DA:213,0
DA:216,0
DA:222,1
DA:223,37572
DA:224,40
DA:226,37572
DA:232,1
DA:233,262
DA:239,1
DA:240,47
DA:241,47
DA:247,1
DA:248,12
DA:254,1
DA:255,12
DA:261,1
DA:262,12
DA:268,1
DA:269,12
DA:275,1
DA:276,12
DA:283,1
DA:284,18719
DA:292,1
DA:293,40
DA:297,1
DA:298,0
DA:302,1
DA:303,1
DA:305,1
DA:306,1
DA:310,0
DA:311,0
DA:313,0
DA:314,0
DA:316,1
DA:318,1
DA:325,7
DA:326,7
DA:327,7
DA:334,2
DA:335,2
DA:336,2
DA:342,5
DA:343,5
DA:344,5
DA:345,0
DA:346,0
DA:347,0
DA:349,0
DA:350,0
DA:353,5
DA:362,1
DA:363,1
DA:364,1
DA:370,1
DA:371,10
DA:372,10
DA:376,1
DA:377,6
DA:378,6
DA:384,1
DA:385,73
DA:386,73
DA:387,0
DA:389,73
DA:390,0
DA:392,73
DA:393,73
DA:397,1
DA:398,18
DA:402,1
DA:403,1
DA:410,1
DA:411,0
DA:414,1
DA:415,375
DA:418,1
DA:420,402
DA:424,26
DA:427,1
DA:428,2047
DA:431,1
DA:432,22
DA:440,5
DA:441,5
DA:442,5
DA:451,1
DA:452,14
DA:453,14
DA:454,14
DA:458,1
DA:459,2980
DA:465,54
DA:466,54
DA:467,14
DA:468,14
DA:470,54
DA:471,54
DA:472,54
DA:473,54
DA:474,54
DA:475,54
DA:476,121
DA:478,119
DA:479,119
DA:487,1
DA:488,14
DA:489,0
DA:491,14
DA:497,1
DA:498,14
DA:499,0
DA:501,14
DA:507,1
DA:508,14
DA:514,1
DA:515,0
DA:518,1
DA:519,39
DA:520,39
DA:523,1
DA:524,2363
DA:530,1
DA:531,6
DA:532,4
DA:534,6
DA:540,1
DA:541,14
DA:542,14
DA:549,1
DA:550,1
DA:556,1
DA:557,43
DA:563,1
DA:564,40
DA:565,17
DA:567,40
DA:573,17
DA:576,17
DA:577,12
DA:579,5
DA:582,17
DA:583,17
DA:587,1
DA:588,1
DA:592,1
DA:593,0
DA:594,0
DA:598,1
DA:599,84
DA:600,1
DA:605,1
DA:606,0
DA:608,1
DA:612,83
DA:621,1
DA:622,18
DA:623,18
DA:624,18
DA:632,1
DA:633,16
DA:634,16
DA:641,1
DA:642,8
DA:649,1
DA:650,25
DA:656,1
DA:657,22
DA:661,1
DA:662,18181
DA:668,1
DA:669,31
DA:670,31
DA:671,14
DA:676,1
DA:677,18184
DA:684,1
DA:685,14
DA:692,1
DA:693,51
DA:694,51
DA:701,1
DA:702,197
DA:706,1
DA:707,0
DA:708,0
DA:712,1
DA:713,0
DA:714,0
DA:715,0
DA:718,0
DA:719,0
DA:720,0
DA:721,0
DA:723,0
DA:724,0
DA:725,0
DA:726,0
DA:727,0
DA:729,0
DA:730,0
DA:734,0
DA:743,84
DA:744,84
DA:746,84
DA:747,82
DA:749,84
DA:750,84
DA:754,1
DA:755,54
DA:759,1
DA:760,44
DA:763,32
DA:764,32
DA:765,32
DA:766,18136
DA:768,18136
DA:770,18136
DA:771,18136
DA:773,18136
DA:774,0
DA:775,0
DA:777,0
DA:778,0
DA:782,18136
DA:783,18136
DA:785,18136
DA:786,0
DA:790,18136
DA:791,18136
DA:792,0
DA:794,18136
DA:797,18136
DA:801,1
DA:802,2705
DA:803,0
DA:804,2705
DA:805,2085
DA:806,620
DA:807,0
DA:809,620
DA:813,43
DA:814,43
DA:815,41
DA:816,16
DA:818,41
DA:819,41
DA:820,41
DA:821,41
DA:822,41
DA:823,41
DA:826,43
DA:827,28
DA:828,28
DA:829,12
DA:830,16
DA:831,12
DA:832,12
DA:833,10
DA:835,4
DA:836,0
DA:840,43
DA:842,1
LF:360
LH:304
BRDA:90,0,0,0
BRDA:90,0,1,199
BRDA:104,1,0,111
BRDA:104,1,1,88
BRDA:105,2,0,62
BRDA:105,2,1,49
BRDA:108,3,0,37
BRDA:108,3,1,25
BRDA:123,4,0,159
BRDA:123,4,1,40
BRDA:180,5,0,1
BRDA:180,5,1,0
BRDA:190,6,0,14
BRDA:190,6,1,0
BRDA:199,7,0,18
BRDA:199,7,1,18
BRDA:199,7,2,17
BRDA:199,7,3,17
BRDA:199,7,4,4
BRDA:203,8,0,1
BRDA:203,8,1,13
BRDA:203,9,0,14
BRDA:203,9,1,14
BRDA:212,10,0,0
BRDA:212,10,1,0
BRDA:223,11,0,40
BRDA:223,11,1,37532
BRDA:303,12,0,1
BRDA:303,12,1,0
BRDA:305,13,0,1
BRDA:305,13,1,0
BRDA:310,14,0,0
BRDA:310,14,1,0
BRDA:311,15,0,0
BRDA:311,15,1,0
BRDA:343,16,0,2
BRDA:343,16,1,3
BRDA:344,17,0,0
BRDA:344,17,1,5
BRDA:346,18,0,0
BRDA:346,18,1,0
BRDA:346,18,2,0
BRDA:386,19,0,0
BRDA:386,19,1,73
BRDA:387,20,0,0
BRDA:387,20,1,0
BRDA:389,21,0,0
BRDA:389,21,1,73
BRDA:420,22,0,402
BRDA:420,22,1,98
BRDA:428,23,0,2047
BRDA:428,23,1,0
BRDA:432,24,0,22
BRDA:432,24,1,13
BRDA:453,25,0,14
BRDA:453,25,1,0
BRDA:459,26,0,2980
BRDA:459,26,1,0
BRDA:466,27,0,14
BRDA:466,27,1,40
BRDA:471,28,0,54
BRDA:471,28,1,0
BRDA:488,29,0,0
BRDA:488,29,1,14
BRDA:488,30,0,14
BRDA:488,30,1,11
BRDA:498,31,0,0
BRDA:498,31,1,14
BRDA:498,32,0,14
BRDA:498,32,1,11
BRDA:531,33,0,4
BRDA:531,33,1,2
BRDA:531,34,0,6
BRDA:531,34,1,4
BRDA:541,35,0,2
BRDA:541,35,1,12
BRDA:550,36,0,1
BRDA:550,36,1,0
BRDA:550,37,0,1
BRDA:550,37,1,1
BRDA:564,38,0,17
BRDA:564,38,1,23
BRDA:576,39,0,12
BRDA:576,39,1,5
BRDA:582,40,0,17
BRDA:582,40,1,17
BRDA:599,41,0,1
BRDA:599,41,1,83
BRDA:599,42,0,84
BRDA:599,42,1,84
BRDA:599,43,0,84
BRDA:599,43,1,80
BRDA:605,44,0,0
BRDA:605,44,1,1
BRDA:613,45,0,83
BRDA:613,45,1,81
BRDA:642,46,0,8
BRDA:642,46,1,8
BRDA:642,46,2,0
BRDA:650,47,0,25
BRDA:650,47,1,25
BRDA:662,48,0,18181
BRDA:662,48,1,18068
BRDA:670,49,0,14
BRDA:670,49,1,17
BRDA:677,50,0,18184
BRDA:677,50,1,2
BRDA:693,51,0,11
BRDA:693,51,1,40
BRDA:693,52,0,40
BRDA:693,52,1,40
BRDA:714,53,0,0
BRDA:714,53,1,0
BRDA:723,54,0,0
BRDA:723,54,1,0
BRDA:726,55,0,0
BRDA:726,55,1,0
BRDA:746,56,0,82
BRDA:746,56,1,2
BRDA:755,57,0,54
BRDA:755,57,1,0
BRDA:764,58,0,32
BRDA:764,58,1,0
BRDA:773,59,0,0
BRDA:773,59,1,18136
BRDA:777,60,0,0
BRDA:777,60,1,0
BRDA:785,61,0,0
BRDA:785,61,1,18136
BRDA:791,62,0,0
BRDA:791,62,1,18136
BRDA:794,63,0,18136
BRDA:794,63,1,18103
BRDA:802,64,0,0
BRDA:802,64,1,2705
BRDA:804,65,0,2085
BRDA:804,65,1,620
BRDA:806,66,0,0
BRDA:806,66,1,620
BRDA:807,67,0,0
BRDA:807,67,1,0
BRDA:809,68,0,0
BRDA:809,68,1,620
BRDA:809,69,0,620
BRDA:809,69,1,516
BRDA:815,70,0,16
BRDA:815,70,1,25
BRDA:826,71,0,28
BRDA:826,71,1,15
BRDA:828,72,0,12
BRDA:828,72,1,16
BRDA:828,73,0,28
BRDA:828,73,1,16
BRDA:829,74,0,12
BRDA:829,74,1,0
BRDA:830,75,0,12
BRDA:830,75,1,4
BRDA:830,76,0,16
BRDA:830,76,1,12
BRDA:832,77,0,10
BRDA:832,77,1,2
BRDA:832,78,0,12
BRDA:832,78,1,11
BRDA:833,79,0,9
BRDA:833,79,1,1
BRDA:835,80,0,0
BRDA:835,80,1,4
BRDA:835,81,0,4
BRDA:835,81,1,0
BRF:169
BRH:120
end_of_record
TN:
SF:/home/travis/build/DSI-HUG/dejajs-components/src/common/core/item-list/item-list.service.ts
FN:34,(anonymous_0)
FN:1263,(anonymous_2)
FN:1265,(anonymous_3)
FN:91,(anonymous_4)
FN:93,(anonymous_5)
FN:98,(anonymous_6)
FN:114,(anonymous_7)
FN:121,(anonymous_8)
FN:140,(anonymous_9)
FN:147,(anonymous_10)
FN:154,(anonymous_11)
FN:161,(anonymous_12)
FN:168,(anonymous_13)
FN:176,(anonymous_14)
FN:191,(anonymous_15)
FN:183,(anonymous_16)
FN:205,(anonymous_17)
FN:198,(anonymous_18)
FN:215,(anonymous_19)
FN:210,(anonymous_20)
FN:219,(anonymous_21)
FN:228,(anonymous_22)
FN:223,(anonymous_23)
FN:235,(anonymous_24)
FN:255,(anonymous_25)
FN:272,(anonymous_26)
FN:279,(anonymous_27)
FN:284,(anonymous_28)
FN:292,(anonymous_29)
FN:300,(anonymous_30)
FN:301,(anonymous_31)
FN:307,(anonymous_32)
FN:317,(anonymous_33)
FN:324,(anonymous_34)
FN:334,(anonymous_35)
FN:343,(anonymous_36)
FN:352,(anonymous_37)
FN:357,(anonymous_38)
FN:358,(anonymous_39)
FN:375,(anonymous_40)
FN:392,(anonymous_41)
FN:430,(anonymous_42)
FN:431,(anonymous_43)
FN:513,(anonymous_44)
FN:515,(anonymous_45)
FN:515,(anonymous_46)
FN:516,(anonymous_47)
FN:517,(anonymous_48)
FN:525,(anonymous_49)
FN:544,(anonymous_50)
FN:546,(anonymous_51)
FN:547,(anonymous_52)
FN:557,(anonymous_53)
FN:559,(anonymous_54)
FN:560,(anonymous_55)
FN:570,(anonymous_56)
FN:572,(anonymous_57)
FN:573,(anonymous_58)
FN:574,(anonymous_59)
FN:575,(anonymous_60)
FN:586,(anonymous_61)
FN:588,(anonymous_62)
FN:589,(anonymous_63)
FN:590,(anonymous_64)
FN:591,(anonymous_65)
FN:601,(anonymous_66)
FN:608,(anonymous_67)
FN:610,(anonymous_68)
FN:625,(anonymous_69)
FN:641,(anonymous_70)
FN:653,(anonymous_71)
FN:654,(anonymous_72)
FN:654,(anonymous_73)
FN:655,(anonymous_74)
FN:660,(anonymous_75)
FN:660,(anonymous_76)
FN:668,(anonymous_77)
FN:670,(anonymous_78)
FN:671,(anonymous_79)
FN:683,(anonymous_80)
FN:685,(anonymous_81)
FN:686,(anonymous_82)
FN:696,(anonymous_83)
FN:698,(anonymous_84)
FN:699,(anonymous_85)
FN:700,(anonymous_86)
FN:710,(anonymous_87)
FN:712,(anonymous_88)
FN:713,(anonymous_89)
FN:714,(anonymous_90)
FN:715,(anonymous_91)
FN:729,(anonymous_92)
FN:731,(anonymous_93)
FN:732,(anonymous_94)
FN:733,(anonymous_95)
FN:734,(anonymous_96)
FN:737,(anonymous_97)
FN:750,(anonymous_98)
FN:788,(anonymous_99)
FN:795,(anonymous_100)
FN:802,(anonymous_101)
FN:803,(anonymous_102)
FN:813,(anonymous_103)
FN:824,(anonymous_104)
FN:825,(anonymous_105)
FN:839,(anonymous_106)
FN:840,(anonymous_107)
FN:841,(anonymous_108)
FN:848,(anonymous_109)
FN:875,(anonymous_110)
FN:881,(anonymous_111)
FN:883,(anonymous_112)
FN:888,(anonymous_113)
FN:914,(anonymous_114)
FN:944,(anonymous_115)
FN:969,(anonymous_116)
FN:985,(anonymous_117)
FN:993,(anonymous_118)
FN:1003,(anonymous_119)
FN:1013,(anonymous_120)
FN:1023,(anonymous_121)
FN:1035,(anonymous_122)
FN:1046,(anonymous_123)
FN:1049,(anonymous_124)
FN:1093,(anonymous_125)
FN:1095,(anonymous_126)
FN:1123,(anonymous_127)
FN:1135,(anonymous_128)
FN:1146,(anonymous_129)
FN:1148,(anonymous_130)
FN:1170,(anonymous_131)
FN:1182,(anonymous_132)
FN:1192,(anonymous_133)
FN:1199,(anonymous_134)
FN:1206,(anonymous_135)
FN:1209,(anonymous_136)
FN:1216,(anonymous_137)
FN:1217,(anonymous_138)
FN:1218,(anonymous_139)
FN:1232,(anonymous_140)
FN:1232,(anonymous_141)
FN:1237,(anonymous_142)
FN:1246,(anonymous_143)
FN:1247,(anonymous_144)
FN:1288,(anonymous_145)
FN:1293,(anonymous_146)
FN:1294,(anonymous_147)
FN:1306,(anonymous_148)
FN:1311,(anonymous_149)
FN:1312,(anonymous_150)
FN:1321,(anonymous_151)
FN:1333,(anonymous_152)
FN:1338,(anonymous_153)
FN:1341,(anonymous_154)
FN:1353,(anonymous_155)
FN:1358,(anonymous_156)
FNF:156
FNH:140
FNDA:44,(anonymous_0)
FNDA:138749,(anonymous_2)
FNDA:693745,(anonymous_3)
FNDA:277498,(anonymous_4)
FNDA:310098,(anonymous_5)
FNDA:244898,(anonymous_6)
FNDA:26742,(anonymous_7)
FNDA:2606,(anonymous_8)
FNDA:12,(anonymous_9)
FNDA:12,(anonymous_10)
FNDA:12,(anonymous_11)
FNDA:12,(anonymous_12)
FNDA:12,(anonymous_13)
FNDA:66,(anonymous_14)
FNDA:106859,(anonymous_15)
FNDA:68,(anonymous_16)
FNDA:157,(anonymous_17)
FNDA:55,(anonymous_18)
FNDA:1,(anonymous_19)
FNDA:68,(anonymous_20)
FNDA:54,(anonymous_21)
FNDA:515,(anonymous_22)
FNDA:57,(anonymous_23)
FNDA:40,(anonymous_24)
FNDA:17,(anonymous_25)
FNDA:0,(anonymous_26)
FNDA:75,(anonymous_27)
FNDA:3,(anonymous_28)
FNDA:4,(anonymous_29)
FNDA:3,(anonymous_30)
FNDA:13,(anonymous_31)
FNDA:7,(anonymous_32)
FNDA:14,(anonymous_33)
FNDA:15,(anonymous_34)
FNDA:14,(anonymous_35)
FNDA:24719,(anonymous_36)
FNDA:277498,(anonymous_37)
FNDA:0,(anonymous_38)
FNDA:0,(anonymous_39)
FNDA:0,(anonymous_40)
FNDA:0,(anonymous_41)
FNDA:0,(anonymous_42)
FNDA:0,(anonymous_43)
FNDA:5,(anonymous_44)
FNDA:5,(anonymous_45)
FNDA:10190,(anonymous_46)
FNDA:5,(anonymous_47)
FNDA:5,(anonymous_48)
FNDA:1,(anonymous_49)
FNDA:3,(anonymous_50)
FNDA:114,(anonymous_51)
FNDA:114,(anonymous_52)
FNDA:2,(anonymous_53)
FNDA:76,(anonymous_54)
FNDA:76,(anonymous_55)
FNDA:114,(anonymous_56)
FNDA:114,(anonymous_57)
FNDA:114,(anonymous_58)
FNDA:114,(anonymous_59)
FNDA:114,(anonymous_60)
FNDA:77,(anonymous_61)
FNDA:77,(anonymous_62)
FNDA:77,(anonymous_63)
FNDA:77,(anonymous_64)
FNDA:77,(anonymous_65)
FNDA:294,(anonymous_66)
FNDA:47,(anonymous_67)
FNDA:39,(anonymous_68)
FNDA:28,(anonymous_69)
FNDA:18,(anonymous_70)
FNDA:18,(anonymous_71)
FNDA:18,(anonymous_72)
FNDA:2031,(anonymous_73)
FNDA:18,(anonymous_74)
FNDA:18,(anonymous_75)
FNDA:18,(anonymous_76)
FNDA:16,(anonymous_77)
FNDA:16,(anonymous_78)
FNDA:16,(anonymous_79)
FNDA:34,(anonymous_80)
FNDA:2042,(anonymous_81)
FNDA:2042,(anonymous_82)
FNDA:44,(anonymous_83)
FNDA:2041,(anonymous_84)
FNDA:2041,(anonymous_85)
FNDA:2041,(anonymous_86)
FNDA:2042,(anonymous_87)
FNDA:2042,(anonymous_88)
FNDA:2042,(anonymous_89)
FNDA:2042,(anonymous_90)
FNDA:2042,(anonymous_91)
FNDA:2041,(anonymous_92)
FNDA:2041,(anonymous_93)
FNDA:2041,(anonymous_94)
FNDA:2041,(anonymous_95)
FNDA:2041,(anonymous_96)
FNDA:6,(anonymous_97)
FNDA:5,(anonymous_98)
FNDA:1,(anonymous_99)
FNDA:1,(anonymous_100)
FNDA:0,(anonymous_101)
FNDA:0,(anonymous_102)
FNDA:7,(anonymous_103)
FNDA:2,(anonymous_104)
FNDA:2,(anonymous_105)
FNDA:0,(anonymous_106)
FNDA:0,(anonymous_107)
FNDA:0,(anonymous_108)
FNDA:0,(anonymous_109)
FNDA:140,(anonymous_110)
FNDA:1,(anonymous_111)
FNDA:12,(anonymous_112)
FNDA:83,(anonymous_113)
FNDA:83,(anonymous_114)
FNDA:0,(anonymous_115)
FNDA:6,(anonymous_116)
FNDA:6,(anonymous_117)
FNDA:39,(anonymous_118)
FNDA:6,(anonymous_119)
FNDA:6012,(anonymous_120)
FNDA:9,(anonymous_121)
FNDA:64,(anonymous_122)
FNDA:118,(anonymous_123)
FNDA:6126,(anonymous_124)
FNDA:834,(anonymous_125)
FNDA:51177,(anonymous_126)
FNDA:62,(anonymous_127)
FNDA:56,(anonymous_128)
FNDA:678,(anonymous_129)
FNDA:43025,(anonymous_130)
FNDA:43025,(anonymous_131)
FNDA:43025,(anonymous_132)
FNDA:43025,(anonymous_133)
FNDA:1,(anonymous_134)
FNDA:128,(anonymous_135)
FNDA:109,(anonymous_136)
FNDA:214,(anonymous_137)
FNDA:60546,(anonymous_138)
FNDA:138730,(anonymous_139)
FNDA:109,(anonymous_140)
FNDA:0,(anonymous_141)
FNDA:109,(anonymous_142)
FNDA:672,(anonymous_143)
FNDA:90841,(anonymous_144)
FNDA:83,(anonymous_145)
FNDA:64,(anonymous_146)
FNDA:64,(anonymous_147)
FNDA:64,(anonymous_148)
FNDA:56,(anonymous_149)
FNDA:56,(anonymous_150)
FNDA:0,(anonymous_151)
FNDA:56,(anonymous_152)
FNDA:46,(anonymous_153)
FNDA:9,(anonymous_154)
FNDA:1139,(anonymous_155)
FNDA:87768,(anonymous_156)
DA:9,1
DA:10,1
DA:11,1
DA:12,1
DA:13,1
DA:14,1
DA:15,1
DA:16,1
DA:17,1
DA:18,1
DA:19,1
DA:20,1
DA:22,1
DA:24,1
DA:26,1
DA:34,44
DA:35,1
DA:36,1
DA:37,1
DA:40,43
DA:46,43
DA:74,43
DA:91,1
DA:93,310098
DA:95,277498
DA:96,244898
DA:97,244898
DA:98,244898
DA:99,244898
DA:101,244898
DA:102,244898
DA:106,32600
DA:114,1
DA:115,26742
DA:116,0
DA:118,26742
DA:119,2606
DA:120,2606
DA:121,2606
DA:122,2606
DA:124,2606
DA:125,1979
DA:129,24763
DA:130,24032
DA:131,731
DA:132,731
DA:140,1
DA:141,12
DA:147,1
DA:148,12
DA:154,1
DA:155,12
DA:161,1
DA:162,12
DA:168,1
DA:169,12
DA:176,1
DA:177,66
DA:183,1
DA:184,68
DA:185,68
DA:192,106859
DA:198,1
DA:199,55
DA:206,157
DA:210,1
DA:211,68
DA:216,1
DA:219,1
DA:220,54
DA:223,1
DA:224,57
DA:225,57
DA:229,515
DA:235,40
DA:236,40
DA:237,0
DA:238,0
DA:239,40
DA:240,23
DA:241,23
DA:242,23
DA:243,23
DA:244,23
DA:246,17
DA:247,17
DA:248,17
DA:249,17
DA:250,0
DA:251,0
DA:254,17
DA:256,17
DA:257,17
DA:259,17
DA:260,17
DA:261,17
DA:262,17
DA:264,0
DA:265,0
DA:266,0
DA:272,1
DA:273,0
DA:279,1
DA:280,75
DA:284,1
DA:285,3
DA:292,1
DA:293,4
DA:300,3
DA:301,13
DA:307,1
DA:308,7
DA:309,4
DA:311,7
DA:317,1
DA:318,14
DA:324,1
DA:325,15
DA:326,5
DA:328,15
DA:334,1
DA:335,14
DA:343,1
DA:344,24719
DA:352,1
DA:353,277498
DA:357,1
DA:358,0
DA:359,0
DA:360,0
DA:361,0
DA:364,0
DA:365,0
DA:366,0
DA:367,0
DA:371,0
DA:375,0
DA:376,0
DA:377,0
DA:378,0
DA:379,0
DA:381,0
DA:382,0
DA:383,0
DA:384,0
DA:385,0
DA:386,0
DA:387,0
DA:389,0
DA:392,0
DA:393,0
DA:394,0
DA:395,0
DA:396,0
DA:400,0
DA:401,0
DA:402,0
DA:403,0
DA:409,0
DA:412,0
DA:415,0
DA:417,0
DA:418,0
DA:421,0
DA:424,0
DA:425,0
DA:430,1
DA:431,0
DA:432,0
DA:434,0
DA:435,0
DA:438,0
DA:439,0
DA:440,0
DA:441,0
DA:444,0
DA:445,0
DA:447,0
DA:448,0
DA:450,0
DA:451,0
DA:452,0
DA:453,0
DA:454,0
DA:455,0
DA:458,0
DA:460,0
DA:461,0
DA:462,0
DA:463,0
DA:464,0
DA:465,0
DA:466,0
DA:467,0
DA:473,0
DA:475,0
DA:476,0
DA:477,0
DA:478,0
DA:479,0
DA:480,0
DA:483,0
DA:485,0
DA:486,0
DA:487,0
DA:488,0
DA:489,0
DA:490,0
DA:491,0
DA:492,0
DA:496,0
DA:497,0
DA:498,0
DA:499,0
DA:505,0
DA:513,5
DA:514,5
DA:515,10190
DA:516,5
DA:517,5
DA:525,1
DA:526,1
DA:527,1
DA:528,0
DA:531,1
DA:532,1
DA:533,0
DA:536,1
DA:537,1
DA:544,3
DA:545,3
DA:546,114
DA:548,114
DA:549,114
DA:557,2
DA:558,2
DA:559,76
DA:561,76
DA:562,76
DA:570,114
DA:571,114
DA:572,114
DA:573,114
DA:574,114
DA:576,114
DA:578,114
DA:586,77
DA:587,77
DA:588,77
DA:589,77
DA:590,77
DA:592,77
DA:594,77
DA:601,1
DA:602,294
DA:608,1
DA:609,47
DA:610,47
DA:611,39
DA:614,47
DA:615,47
DA:616,0
DA:619,47
DA:625,1
DA:626,28
DA:627,0
DA:630,28
DA:631,28
DA:633,28
DA:641,18
DA:642,18
DA:643,11
DA:647,18
DA:648,18
DA:649,0
DA:652,18
DA:653,18
DA:654,2031
DA:656,18
DA:657,0
DA:660,18
DA:668,16
DA:669,16
DA:670,16
DA:672,16
DA:673,0
DA:675,16
DA:683,34
DA:684,34
DA:685,2042
DA:687,2042
DA:688,2042
DA:696,44
DA:697,44
DA:698,2041
DA:699,2041
DA:701,2041
DA:702,2041
DA:710,2042
DA:711,2042
DA:712,2042
DA:713,2042
DA:714,2042
DA:716,2042
DA:717,0
DA:720,2042
DA:721,2042
DA:729,2041
DA:730,2041
DA:731,2041
DA:732,2041
DA:733,2041
DA:735,2041
DA:736,2041
DA:737,6
DA:738,5
DA:739,4
DA:750,1
DA:751,5
DA:753,5
DA:754,5
DA:755,0
DA:758,5
DA:759,5
DA:760,1
DA:762,5
DA:763,5
DA:764,15
DA:765,15
DA:766,5
DA:770,5
DA:772,10
DA:773,10
DA:774,1
DA:775,0
DA:777,1
DA:781,5
DA:788,1
DA:789,1
DA:790,0
DA:793,1
DA:796,1
DA:797,1
DA:800,1
DA:801,0
DA:802,0
DA:803,0
DA:805,1
DA:813,1
DA:814,7
DA:815,7
DA:816,7
DA:817,7
DA:824,1
DA:825,2
DA:826,2
DA:827,2
DA:830,2
DA:831,2
DA:832,2
DA:839,1
DA:840,0
DA:841,0
DA:842,0
DA:843,0
DA:847,0
DA:848,0
DA:849,0
DA:854,0
DA:855,0
DA:856,0
DA:857,0
DA:858,0
DA:863,0
DA:867,0
DA:870,0
DA:875,1
DA:876,140
DA:877,140
DA:881,1
DA:882,1
DA:883,12
DA:888,83
DA:889,83
DA:894,83
DA:895,4
DA:896,4
DA:897,4
DA:898,4
DA:900,0
DA:903,0
DA:904,0
DA:905,0
DA:910,83
DA:911,83
DA:912,83
DA:914,83
DA:916,83
DA:917,0
DA:919,0
DA:922,0
DA:923,0
DA:924,0
DA:925,0
DA:926,0
DA:927,0
DA:928,0
DA:929,0
DA:931,0
DA:934,0
DA:935,0
DA:938,0
DA:939,0
DA:940,0
DA:941,0
DA:943,0
DA:944,0
DA:945,0
DA:948,83
DA:949,83
DA:950,83
DA:951,83
DA:954,83
DA:955,83
DA:957,83
DA:960,83
DA:962,6
DA:964,6
DA:965,6
DA:968,6
DA:970,6
DA:971,2
DA:974,6
DA:976,0
DA:978,0
DA:979,0
DA:982,6
DA:983,6
DA:985,6
DA:988,77
DA:993,1
DA:994,39
DA:1003,1
DA:1004,6
DA:1013,1
DA:1014,6012
DA:1015,6012
DA:1023,1
DA:1024,9
DA:1035,64
DA:1036,64
DA:1037,2
DA:1040,62
DA:1041,62
DA:1042,62
DA:1044,62
DA:1046,4
DA:1048,118
DA:1049,118
DA:1050,6126
DA:1051,6126
DA:1052,114
DA:1053,114
DA:1054,114
DA:1055,74
DA:1056,0
DA:1058,74
DA:1059,74
DA:1060,0
DA:1065,6012
DA:1066,267
DA:1067,267
DA:1068,75
DA:1070,267
DA:1072,267
DA:1073,267
DA:1075,267
DA:1077,267
DA:1078,0
DA:1080,5745
DA:1081,0
DA:1086,118
DA:1089,4
DA:1093,58
DA:1094,834
DA:1095,834
DA:1096,51177
DA:1098,47125
DA:1099,47125
DA:1102,47125
DA:1106,51177
DA:1107,24
DA:1111,51177
DA:1112,776
DA:1113,776
DA:1119,58
DA:1122,62
DA:1124,62
DA:1125,10
DA:1135,56
DA:1136,56
DA:1137,2
DA:1140,54
DA:1141,54
DA:1142,54
DA:1143,54
DA:1144,54
DA:1146,54
DA:1147,678
DA:1149,43025
DA:1150,26
DA:1154,43025
DA:1156,43025
DA:1158,43025
DA:1159,43025
DA:1162,43025
DA:1166,43025
DA:1167,24
DA:1171,43025
DA:1172,624
DA:1173,624
DA:1174,624
DA:1176,42401
DA:1181,54
DA:1183,43025
DA:1184,10190
DA:1187,43025
DA:1188,38949
DA:1190,43025
DA:1193,43025
DA:1194,43025
DA:1199,1
DA:1200,1
DA:1201,1
DA:1202,1
DA:1203,1
DA:1206,128
DA:1207,128
DA:1209,109
DA:1211,62
DA:1212,0
DA:1215,62
DA:1216,62
DA:1217,214
DA:1218,138730
DA:1219,60546
DA:1220,109
DA:1221,109
DA:1223,60546
DA:1224,152
DA:1229,62
DA:1232,109
DA:1234,62
DA:1237,109
DA:1240,66
DA:1242,66
DA:1243,2
DA:1246,64
DA:1247,672
DA:1248,90841
DA:1249,10
DA:1251,90841
DA:1252,608
DA:1257,64
DA:1260,126
DA:1263,43
DA:1265,693745
DA:1267,138749
DA:1268,0
DA:1269,138749
DA:1270,0
DA:1271,138749
DA:1272,0
DA:1274,138749
DA:1275,0
DA:1276,138749
DA:1277,0
DA:1278,138749
DA:1279,0
DA:1280,138749
DA:1281,0
DA:1283,138749
DA:1288,83
DA:1289,83
DA:1290,19
DA:1292,64
DA:1293,64
DA:1300,64
DA:1301,64
DA:1306,64
DA:1307,64
DA:1308,8
DA:1310,56
DA:1311,56
DA:1313,56
DA:1315,0
DA:1316,0
DA:1319,0
DA:1320,0
DA:1321,0
DA:1322,0
DA:1323,0
DA:1328,56
DA:1333,56
DA:1334,56
DA:1335,1
DA:1336,55
DA:1337,46
DA:1338,46
DA:1339,9
DA:1340,9
DA:1342,9
DA:1344,0
DA:1346,9
DA:1349,0
DA:1353,1139
DA:1354,1139
DA:1355,83
DA:1358,1056
DA:1359,87768
DA:1360,950
DA:1361,950
DA:1365,1
LF:623
LH:450
BRDA:1267,0,0,0
BRDA:1267,0,1,138749
BRDA:1267,1,0,138749
BRDA:1267,1,1,138749
BRDA:1269,2,0,0
BRDA:1269,2,1,138749
BRDA:1269,3,0,138749
BRDA:1269,3,1,138749
BRDA:1271,4,0,0
BRDA:1271,4,1,138749
BRDA:1271,5,0,138749
BRDA:1271,5,1,0
BRDA:1274,6,0,0
BRDA:1274,6,1,138749
BRDA:1276,7,0,0
BRDA:1276,7,1,138749
BRDA:1278,8,0,0
BRDA:1278,8,1,138749
BRDA:1278,9,0,138749
BRDA:1278,9,1,122180
BRDA:1280,10,0,0
BRDA:1280,10,1,138749
BRDA:1280,11,0,138749
BRDA:1280,11,1,122180
BRDA:95,12,0,244898
BRDA:95,12,1,32600
BRDA:97,13,0,244360
BRDA:97,13,1,538
BRDA:97,14,0,244898
BRDA:97,14,1,244360
BRDA:99,15,0,244898
BRDA:99,15,1,244898
BRDA:101,16,0,244898
BRDA:101,16,1,0
BRDA:102,17,0,0
BRDA:102,17,1,244898
BRDA:106,18,0,0
BRDA:106,18,1,32600
BRDA:106,19,0,0
BRDA:106,19,1,32600
BRDA:115,20,0,0
BRDA:115,20,1,26742
BRDA:118,21,0,2606
BRDA:118,21,1,24136
BRDA:120,22,0,477
BRDA:120,22,1,2129
BRDA:120,23,0,2606
BRDA:120,23,1,477
BRDA:122,24,0,2606
BRDA:122,24,1,2606
BRDA:124,25,0,1979
BRDA:124,25,1,627
BRDA:125,26,0,0
BRDA:125,26,1,1979
BRDA:129,27,0,24032
BRDA:129,27,1,731
BRDA:130,28,0,24032
BRDA:130,28,1,0
BRDA:131,29,0,731
BRDA:131,29,1,0
BRDA:184,30,0,68
BRDA:184,30,1,62
BRDA:220,31,0,54
BRDA:220,31,1,54
BRDA:236,32,0,0
BRDA:236,32,1,40
BRDA:239,33,0,23
BRDA:239,33,1,17
BRDA:249,34,0,0
BRDA:249,34,1,17
BRDA:256,35,0,17
BRDA:256,35,1,0
BRDA:260,36,0,17
BRDA:260,36,1,17
BRDA:293,37,0,4
BRDA:293,37,1,0
BRDA:301,38,0,3
BRDA:301,38,1,0
BRDA:308,39,0,4
BRDA:308,39,1,3
BRDA:325,40,0,5
BRDA:325,40,1,10
BRDA:359,41,0,0
BRDA:359,41,1,0
BRDA:359,42,0,0
BRDA:359,42,1,0
BRDA:366,43,0,0
BRDA:366,43,1,0
BRDA:379,44,0,0
BRDA:379,44,1,0
BRDA:383,45,0,0
BRDA:383,45,1,0
BRDA:386,46,0,0
BRDA:386,46,1,0
BRDA:395,47,0,0
BRDA:395,47,1,0
BRDA:400,48,0,0
BRDA:400,48,1,0
BRDA:402,49,0,0
BRDA:402,49,1,0
BRDA:415,50,0,0
BRDA:415,50,1,0
BRDA:417,51,0,0
BRDA:417,51,1,0
BRDA:417,52,0,0
BRDA:417,52,1,0
BRDA:432,53,0,0
BRDA:432,53,1,0
BRDA:434,54,0,0
BRDA:434,54,1,0
BRDA:438,55,0,0
BRDA:438,55,1,0
BRDA:439,56,0,0
BRDA:439,56,1,0
BRDA:447,57,0,0
BRDA:447,57,1,0
BRDA:447,58,0,0
BRDA:447,58,1,0
BRDA:448,59,0,0
BRDA:448,59,1,0
BRDA:453,60,0,0
BRDA:453,60,1,0
BRDA:458,61,0,0
BRDA:458,61,1,0
BRDA:462,62,0,0
BRDA:462,62,1,0
BRDA:465,63,0,0
BRDA:465,63,1,0
BRDA:473,64,0,0
BRDA:473,64,1,0
BRDA:478,65,0,0
BRDA:478,65,1,0
BRDA:483,66,0,0
BRDA:483,66,1,0
BRDA:487,67,0,0
BRDA:487,67,1,0
BRDA:490,68,0,0
BRDA:490,68,1,0
BRDA:497,69,0,0
BRDA:497,69,1,0
BRDA:515,70,0,10190
BRDA:515,70,1,190
BRDA:517,71,0,2
BRDA:517,71,1,3
BRDA:527,72,0,0
BRDA:527,72,1,1
BRDA:527,73,0,1
BRDA:527,73,1,1
BRDA:532,74,0,0
BRDA:532,74,1,1
BRDA:532,75,0,1
BRDA:532,75,1,1
BRDA:536,76,0,1
BRDA:536,76,1,0
BRDA:536,77,0,0
BRDA:536,77,1,0
BRDA:537,78,0,1
BRDA:537,78,1,0
BRDA:545,79,0,3
BRDA:545,79,1,0
BRDA:558,80,0,2
BRDA:558,80,1,0
BRDA:573,81,0,0
BRDA:573,81,1,114
BRDA:589,82,0,0
BRDA:589,82,1,77
BRDA:602,83,0,294
BRDA:602,83,1,0
BRDA:609,84,0,47
BRDA:609,84,1,0
BRDA:615,85,0,0
BRDA:615,85,1,47
BRDA:626,86,0,0
BRDA:626,86,1,28
BRDA:642,87,0,11
BRDA:642,87,1,7
BRDA:648,88,0,0
BRDA:648,88,1,18
BRDA:648,89,0,18
BRDA:648,89,1,18
BRDA:656,90,0,0
BRDA:656,90,1,18
BRDA:669,91,0,16
BRDA:669,91,1,0
BRDA:672,92,0,0
BRDA:672,92,1,16
BRDA:684,93,0,34
BRDA:684,93,1,0
BRDA:697,94,0,44
BRDA:697,94,1,0
BRDA:713,95,0,0
BRDA:713,95,1,2042
BRDA:716,96,0,0
BRDA:716,96,1,2042
BRDA:732,97,0,0
BRDA:732,97,1,2041
BRDA:736,98,0,5
BRDA:736,98,1,2036
BRDA:736,99,0,2041
BRDA:736,99,1,2041
BRDA:738,100,0,4
BRDA:738,100,1,1
BRDA:754,101,0,0
BRDA:754,101,1,5
BRDA:754,102,0,5
BRDA:754,102,1,5
BRDA:758,103,0,5
BRDA:758,103,1,0
BRDA:759,104,0,1
BRDA:759,104,1,4
BRDA:759,105,0,5
BRDA:759,105,1,4
BRDA:765,106,0,5
BRDA:765,106,1,10
BRDA:773,107,0,1
BRDA:773,107,1,9
BRDA:774,108,0,0
BRDA:774,108,1,1
BRDA:789,109,0,0
BRDA:789,109,1,1
BRDA:800,110,0,0
BRDA:800,110,1,1
BRDA:800,111,0,1
BRDA:800,111,1,1
BRDA:825,112,0,2
BRDA:825,112,1,0
BRDA:826,113,0,2
BRDA:826,113,1,0
BRDA:842,114,0,0
BRDA:842,114,1,0
BRDA:847,115,0,0
BRDA:847,115,1,0
BRDA:857,116,0,0
BRDA:857,116,1,0
BRDA:882,117,0,1
BRDA:882,117,1,0
BRDA:894,118,0,4
BRDA:894,118,1,79
BRDA:895,119,0,4
BRDA:895,119,1,0
BRDA:904,120,0,0
BRDA:904,120,1,0
BRDA:910,121,0,83
BRDA:910,121,1,4
BRDA:910,122,0,83
BRDA:910,122,1,1
BRDA:911,123,0,83
BRDA:911,123,1,83
BRDA:911,123,2,79
BRDA:911,123,3,77
BRDA:916,124,0,0
BRDA:916,124,1,83
BRDA:916,125,0,83
BRDA:916,125,1,0
BRDA:916,125,2,0
BRDA:917,126,0,0
BRDA:917,126,1,0
BRDA:925,127,0,0
BRDA:925,127,1,0
BRDA:928,128,0,0
BRDA:928,128,1,0
BRDA:939,129,0,0
BRDA:939,129,1,0
BRDA:951,130,0,83
BRDA:951,130,1,0
BRDA:960,131,0,6
BRDA:960,131,1,77
BRDA:964,132,0,6
BRDA:964,132,1,0
BRDA:964,133,0,6
BRDA:964,133,1,2
BRDA:964,133,2,0
BRDA:970,134,0,2
BRDA:970,134,1,4
BRDA:970,135,0,6
BRDA:970,135,1,4
BRDA:974,136,0,0
BRDA:974,136,1,6
BRDA:1004,137,0,0
BRDA:1004,137,1,6
BRDA:1014,138,0,0
BRDA:1014,138,1,6012
BRDA:1014,139,0,12
BRDA:1014,139,1,6000
BRDA:1015,140,0,6012
BRDA:1015,140,1,6012
BRDA:1024,141,0,9
BRDA:1024,141,1,0
BRDA:1036,142,0,2
BRDA:1036,142,1,62
BRDA:1044,143,0,4
BRDA:1044,143,1,58
BRDA:1048,144,0,118
BRDA:1048,144,1,0
BRDA:1051,145,0,114
BRDA:1051,145,1,6012
BRDA:1053,146,0,114
BRDA:1053,146,1,114
BRDA:1054,147,0,74
BRDA:1054,147,1,40
BRDA:1055,148,0,0
BRDA:1055,148,1,74
BRDA:1055,149,0,74
BRDA:1055,149,1,0
BRDA:1058,150,0,3
BRDA:1058,150,1,71
BRDA:1058,151,0,0
BRDA:1058,151,1,3
BRDA:1058,152,0,0
BRDA:1058,152,1,71
BRDA:1059,153,0,0
BRDA:1059,153,1,74
BRDA:1065,154,0,267
BRDA:1065,154,1,5745
BRDA:1067,155,0,75
BRDA:1067,155,1,192
BRDA:1070,156,0,267
BRDA:1070,156,1,0
BRDA:1070,157,0,267
BRDA:1070,157,1,267
BRDA:1070,157,2,267
BRDA:1070,158,0,267
BRDA:1070,158,1,0
BRDA:1077,159,0,0
BRDA:1077,159,1,267
BRDA:1080,160,0,0
BRDA:1080,160,1,5745
BRDA:1089,161,0,4
BRDA:1089,161,1,0
BRDA:1089,162,0,4
BRDA:1089,162,1,0
BRDA:1094,163,0,834
BRDA:1094,163,1,0
BRDA:1096,164,0,47125
BRDA:1096,164,1,4052
BRDA:1096,165,0,51177
BRDA:1096,165,1,47125
BRDA:1096,165,2,47125
BRDA:1096,166,0,47125
BRDA:1096,166,1,24
BRDA:1106,167,0,24
BRDA:1106,167,1,51153
BRDA:1111,168,0,776
BRDA:1111,168,1,50401
BRDA:1113,169,0,776
BRDA:1113,169,1,776
BRDA:1113,169,2,699
BRDA:1124,170,0,10
BRDA:1124,170,1,52
BRDA:1136,171,0,2
BRDA:1136,171,1,54
BRDA:1147,172,0,678
BRDA:1147,172,1,0
BRDA:1149,173,0,26
BRDA:1149,173,1,42999
BRDA:1156,174,0,43025
BRDA:1156,174,1,0
BRDA:1156,175,0,43025
BRDA:1156,175,1,43025
BRDA:1156,175,2,43025
BRDA:1156,176,0,43025
BRDA:1156,176,1,24
BRDA:1166,177,0,24
BRDA:1166,177,1,43001
BRDA:1171,178,0,624
BRDA:1171,178,1,42401
BRDA:1174,179,0,624
BRDA:1174,179,1,624
BRDA:1183,180,0,10190
BRDA:1183,180,1,32835
BRDA:1187,181,0,38949
BRDA:1187,181,1,4076
BRDA:1190,182,0,24732
BRDA:1190,182,1,18293
BRDA:1207,183,0,62
BRDA:1207,183,1,66
BRDA:1207,184,0,128
BRDA:1207,184,1,77
BRDA:1211,185,0,0
BRDA:1211,185,1,62
BRDA:1219,186,0,109
BRDA:1219,186,1,60437
BRDA:1223,187,0,152
BRDA:1223,187,1,60394
BRDA:1242,188,0,2
BRDA:1242,188,1,64
BRDA:1248,189,0,10
BRDA:1248,189,1,90831
BRDA:1251,190,0,608
BRDA:1251,190,1,90233
BRDA:1289,191,0,19
BRDA:1289,191,1,64
BRDA:1289,192,0,83
BRDA:1289,192,1,19
BRDA:1307,193,0,8
BRDA:1307,193,1,56
BRDA:1307,194,0,64
BRDA:1307,194,1,9
BRDA:1313,195,0,0
BRDA:1313,195,1,56
BRDA:1313,196,0,56
BRDA:1313,196,1,1
BRDA:1313,196,2,0
BRDA:1320,197,0,0
BRDA:1320,197,1,0
BRDA:1322,198,0,0
BRDA:1322,198,1,0
BRDA:1322,199,0,0
BRDA:1322,199,1,0
BRDA:1334,200,0,1
BRDA:1334,200,1,55
BRDA:1334,201,0,56
BRDA:1334,201,1,1
BRDA:1336,202,0,46
BRDA:1336,202,1,9
BRDA:1336,203,0,55
BRDA:1336,203,1,11
BRDA:1339,204,0,9
BRDA:1339,204,1,0
BRDA:1342,205,0,0
BRDA:1342,205,1,9
BRDA:1342,206,0,9
BRDA:1342,206,1,0
BRDA:1342,206,2,0
BRDA:1354,207,0,83
BRDA:1354,207,1,1056
BRDA:1359,208,0,950
BRDA:1359,208,1,86818
BRF:428
BRH:263
end_of_record
TN:
SF:/home/travis/build/DSI-HUG/dejajs-components/src/common/core/item-list/item.component.ts
FN:16,(anonymous_2)
FN:25,(anonymous_4)
FN:21,(anonymous_5)
FNF:3
FNH:2
FNDA:102,(anonymous_2)
FNDA:101,(anonymous_4)
FNDA:0,(anonymous_5)
DA:9,1
DA:10,1
DA:16,1
DA:17,1
DA:18,1
DA:21,2
DA:22,0
DA:26,101
DA:29,1
LF:9
LH:8
BRF:0
BRH:0
end_of_record
TN:
SF:/home/travis/build/DSI-HUG/dejajs-components/src/common/core/item-list/items-event.ts
FN:11,(anonymous_0)
FNF:1
FNH:1
FNDA:1,(anonymous_0)
DA:11,1
DA:14,1
LF:2
LH:2
BRF:0
BRH:0
end_of_record
TN:
SF:/home/travis/build/DSI-HUG/dejajs-components/src/common/core/item-list/viewport.service.ts
FN:27,(anonymous_2)
FN:34,(anonymous_3)
FN:43,(anonymous_4)
FN:109,ViewPortService
FN:116,(anonymous_6)
FN:120,(anonymous_7)
FN:124,(anonymous_8)
FN:167,(anonymous_9)
FN:178,(anonymous_10)
FN:264,(anonymous_11)
FN:267,(anonymous_12)
FN:268,(anonymous_13)
FN:276,(anonymous_14)
FN:288,(anonymous_15)
FN:290,(anonymous_16)
FN:295,(anonymous_17)
FN:318,(anonymous_18)
FN:388,(anonymous_19)
FN:400,(anonymous_20)
FN:420,(anonymous_21)
FN:426,(anonymous_22)
FN:446,(anonymous_23)
FN:457,(anonymous_24)
FN:463,(anonymous_25)
FN:486,(anonymous_26)
FN:491,(anonymous_27)
FN:493,(anonymous_28)
FN:495,(anonymous_29)
FN:499,(anonymous_30)
FN:507,(anonymous_31)
FN:508,(anonymous_32)
FN:509,(anonymous_33)
FN:522,(anonymous_34)
FN:530,(anonymous_35)
FN:539,(anonymous_36)
FN:543,(anonymous_37)
FN:554,(anonymous_38)
FN:555,(anonymous_39)
FN:556,(anonymous_40)
FN:565,(anonymous_41)
FN:567,(anonymous_42)
FN:582,(anonymous_43)
FN:592,(anonymous_44)
FN:609,(anonymous_45)
FN:613,(anonymous_46)
FN:616,(anonymous_47)
FN:621,(anonymous_48)
FN:97,(anonymous_49)
FN:101,(anonymous_50)
FN:105,(anonymous_51)
FN:624,(anonymous_52)
FN:625,(anonymous_53)
FN:628,(anonymous_54)
FN:632,(anonymous_55)
FN:636,(anonymous_56)
FNF:55
FNH:48
FNDA:1,(anonymous_2)
FNDA:1,(anonymous_3)
FNDA:1,(anonymous_4)
FNDA:56,ViewPortService
FNDA:33,(anonymous_6)
FNDA:381,(anonymous_7)
FNDA:133,(anonymous_8)
FNDA:42,(anonymous_9)
FNDA:51327,(anonymous_10)
FNDA:8,(anonymous_11)
FNDA:8,(anonymous_12)
FNDA:8,(anonymous_13)
FNDA:8,(anonymous_14)
FNDA:171,(anonymous_15)
FNDA:8,(anonymous_16)
FNDA:1,(anonymous_17)
FNDA:0,(anonymous_18)
FNDA:169,(anonymous_19)
FNDA:168,(anonymous_20)
FNDA:168,(anonymous_21)
FNDA:2,(anonymous_22)
FNDA:168,(anonymous_23)
FNDA:198,(anonymous_24)
FNDA:7,(anonymous_25)
FNDA:161,(anonymous_26)
FNDA:0,(anonymous_27)
FNDA:0,(anonymous_28)
FNDA:0,(anonymous_29)
FNDA:0,(anonymous_30)
FNDA:75,(anonymous_31)
FNDA:75,(anonymous_32)
FNDA:75,(anonymous_33)
FNDA:222,(anonymous_34)
FNDA:114,(anonymous_35)
FNDA:75,(anonymous_36)
FNDA:55,(anonymous_37)
FNDA:181,(anonymous_38)
FNDA:8,(anonymous_39)
FNDA:8000,(anonymous_40)
FNDA:140,(anonymous_41)
FNDA:134,(anonymous_42)
FNDA:27,(anonymous_43)
FNDA:3,(anonymous_44)
FNDA:134,(anonymous_45)
FNDA:134,(anonymous_46)
FNDA:0,(anonymous_47)
FNDA:245,(anonymous_48)
FNDA:8505,(anonymous_49)
FNDA:188,(anonymous_50)
FNDA:0,(anonymous_51)
FNDA:55,(anonymous_52)
FNDA:165,(anonymous_53)
FNDA:3,(anonymous_54)
FNDA:18,(anonymous_55)
FNDA:106,(anonymous_56)
DA:9,1
DA:10,1
DA:11,1
DA:12,1
DA:13,1
DA:14,1
DA:15,1
DA:16,1
DA:17,1
DA:18,1
DA:19,1
DA:20,1
DA:21,1
DA:22,1
DA:23,1
DA:27,1
DA:28,1
DA:29,1
DA:30,1
DA:31,1
DA:34,1
DA:35,1
DA:36,1
DA:43,1
DA:44,1
DA:48,56
DA:49,56
DA:50,56
DA:51,56
DA:52,56
DA:53,56
DA:54,56
DA:55,56
DA:58,56
DA:60,56
DA:61,56
DA:64,56
DA:76,56
DA:88,56
DA:90,56
DA:91,56
DA:92,56
DA:93,56
DA:95,56
DA:97,1
DA:98,8505
DA:101,1
DA:102,188
DA:105,1
DA:106,0
DA:109,56
DA:110,56
DA:116,56
DA:117,33
DA:120,56
DA:121,381
DA:124,56
DA:126,133
DA:127,133
DA:129,133
DA:133,133
DA:134,92
DA:135,0
DA:136,0
DA:137,92
DA:138,10
DA:139,10
DA:140,10
DA:142,82
DA:143,82
DA:147,41
DA:148,41
DA:149,41
DA:152,133
DA:154,133
DA:167,56
DA:169,42
DA:172,42
DA:173,42
DA:174,42
DA:177,42
DA:178,41
DA:179,51327
DA:181,51327
DA:182,1
DA:183,1
DA:186,51327
DA:187,2433
DA:188,40
DA:190,2393
DA:194,51327
DA:195,779
DA:196,779
DA:199,51327
DA:200,3172
DA:201,41
DA:204,48155
DA:209,1
DA:210,1
DA:211,2038
DA:212,2038
DA:214,2038
DA:215,1
DA:218,2038
DA:219,21
DA:220,14
DA:221,14
DA:223,14
DA:224,1
DA:225,1
DA:228,7
DA:229,7
DA:232,2017
DA:237,42
DA:238,0
DA:239,0
DA:244,0
DA:251,42
DA:264,56
DA:266,8
DA:268,8
DA:270,8
DA:271,0
DA:274,8
DA:275,8
DA:277,8
DA:279,8
DA:280,21
DA:281,21
DA:282,21
DA:283,21
DA:284,21
DA:288,171
DA:290,8
DA:295,56
DA:296,1
DA:300,1
DA:302,1
DA:314,1
DA:315,0
DA:316,0
DA:318,0
DA:321,1
DA:322,1
DA:323,100
DA:324,100
DA:326,100
DA:327,0
DA:328,0
DA:331,100
DA:333,100
DA:334,1
DA:337,100
DA:338,1
DA:343,0
DA:344,0
DA:345,0
DA:346,0
DA:347,0
DA:348,0
DA:350,0
DA:351,0
DA:354,0
DA:355,0
DA:356,0
DA:357,0
DA:358,0
DA:359,0
DA:362,0
DA:366,0
DA:370,1
DA:371,1
DA:373,1
DA:385,1
DA:388,56
DA:390,169
DA:391,1
DA:394,168
DA:395,168
DA:396,33
DA:399,168
DA:401,168
DA:402,53
DA:404,115
DA:407,168
DA:409,1
DA:411,26
DA:413,8
DA:415,133
DA:417,0
DA:421,168
DA:422,133
DA:423,133
DA:425,2
DA:426,2
DA:427,131
DA:430,33
DA:434,98
DA:436,0
DA:444,133
DA:448,168
DA:452,56
DA:456,56
DA:457,198
DA:458,198
DA:459,198
DA:460,198
DA:461,38
DA:462,38
DA:463,7
DA:466,38
DA:467,38
DA:468,11
DA:469,11
DA:470,27
DA:471,10
DA:472,10
DA:477,198
DA:481,56
DA:485,56
DA:487,161
DA:488,161
DA:489,73
DA:490,0
DA:492,0
DA:493,0
DA:495,0
DA:498,73
DA:499,0
DA:502,161
DA:506,56
DA:507,75
DA:508,75
DA:510,75
DA:511,11
DA:513,11
DA:515,64
DA:521,56
DA:523,222
DA:524,222
DA:529,56
DA:531,114
DA:532,114
DA:537,56
DA:539,75
DA:542,56
DA:544,55
DA:545,4
DA:546,4
DA:547,4
DA:553,56
DA:554,181
DA:555,8
DA:557,8000
DA:561,56
DA:565,140
DA:567,134
DA:569,134
DA:570,101
DA:572,134
DA:573,134
DA:574,134
DA:575,134
DA:579,27
DA:581,27
DA:584,27
DA:586,27
DA:587,24
DA:588,0
DA:590,3
DA:591,3
DA:592,3
DA:593,3
DA:594,3
DA:596,3
DA:597,0
DA:599,0
DA:602,27
DA:605,107
DA:606,107
DA:609,134
DA:611,134
DA:615,134
DA:617,0
DA:621,245
DA:624,1
DA:625,165
DA:628,1
DA:629,3
DA:632,1
DA:633,18
DA:636,1
DA:637,106
DA:639,1
LF:294
LH:255
BRDA:27,0,0,1
BRDA:27,0,1,1
BRDA:34,1,0,1
BRDA:34,1,1,1
BRDA:117,2,0,0
BRDA:117,2,1,33
BRDA:121,3,0,2
BRDA:121,3,1,379
BRDA:133,4,0,92
BRDA:133,4,1,41
BRDA:133,5,0,133
BRDA:133,5,1,133
BRDA:133,5,2,51
BRDA:134,6,0,0
BRDA:134,6,1,92
BRDA:137,7,0,10
BRDA:137,7,1,82
BRDA:177,8,0,41
BRDA:177,8,1,1
BRDA:177,9,0,42
BRDA:177,9,1,42
BRDA:177,9,2,2
BRDA:179,10,0,51327
BRDA:179,10,1,16778
BRDA:181,11,0,1
BRDA:181,11,1,51326
BRDA:181,12,0,51327
BRDA:181,12,1,51327
BRDA:186,13,0,2433
BRDA:186,13,1,48894
BRDA:187,14,0,40
BRDA:187,14,1,2393
BRDA:194,15,0,779
BRDA:194,15,1,50548
BRDA:194,16,0,51327
BRDA:194,16,1,48934
BRDA:199,17,0,3172
BRDA:199,17,1,48155
BRDA:200,18,0,41
BRDA:200,18,1,3131
BRDA:200,19,0,3172
BRDA:200,19,1,3131
BRDA:200,20,0,3172
BRDA:200,20,1,3158
BRDA:212,21,0,2038
BRDA:212,21,1,38
BRDA:214,22,0,1
BRDA:214,22,1,2037
BRDA:218,23,0,21
BRDA:218,23,1,2017
BRDA:219,24,0,14
BRDA:219,24,1,7
BRDA:223,25,0,1
BRDA:223,25,1,13
BRDA:223,26,0,14
BRDA:223,26,1,13
BRDA:237,27,0,0
BRDA:237,27,1,42
BRDA:237,28,0,42
BRDA:237,28,1,42
BRDA:237,28,2,2
BRDA:237,28,3,0
BRDA:238,29,0,0
BRDA:238,29,1,0
BRDA:257,30,0,42
BRDA:257,30,1,29
BRDA:268,31,0,8
BRDA:268,31,1,8
BRDA:270,32,0,0
BRDA:270,32,1,8
BRDA:283,33,0,21
BRDA:283,33,1,0
BRDA:288,34,0,171
BRDA:288,34,1,150
BRDA:290,35,0,8
BRDA:290,35,1,8
BRDA:314,36,0,0
BRDA:314,36,1,1
BRDA:314,37,0,1
BRDA:314,37,1,0
BRDA:321,38,0,1
BRDA:321,38,1,0
BRDA:321,39,0,1
BRDA:321,39,1,1
BRDA:321,39,2,0
BRDA:326,40,0,0
BRDA:326,40,1,100
BRDA:326,41,0,100
BRDA:326,41,1,100
BRDA:333,42,0,1
BRDA:333,42,1,99
BRDA:333,43,0,100
BRDA:333,43,1,1
BRDA:337,44,0,1
BRDA:337,44,1,99
BRDA:337,45,0,100
BRDA:337,45,1,7
BRDA:337,46,0,7
BRDA:337,46,1,7
BRDA:350,47,0,0
BRDA:350,47,1,0
BRDA:354,48,0,0
BRDA:354,48,1,0
BRDA:355,49,0,0
BRDA:355,49,1,0
BRDA:357,50,0,0
BRDA:357,50,1,0
BRDA:370,51,0,1
BRDA:370,51,1,1
BRDA:371,52,0,1
BRDA:371,52,1,0
BRDA:390,53,0,1
BRDA:390,53,1,168
BRDA:390,54,0,169
BRDA:390,54,1,169
BRDA:394,55,0,168
BRDA:394,55,1,127
BRDA:395,56,0,33
BRDA:395,56,1,135
BRDA:401,57,0,53
BRDA:401,57,1,115
BRDA:408,58,0,1
BRDA:408,58,1,26
BRDA:408,58,2,8
BRDA:408,58,3,133
BRDA:408,58,4,0
BRDA:421,59,0,133
BRDA:421,59,1,35
BRDA:423,60,0,2
BRDA:423,60,1,131
BRDA:423,61,0,133
BRDA:423,61,1,132
BRDA:427,62,0,33
BRDA:427,62,1,98
BRDA:427,63,0,131
BRDA:427,63,1,98
BRDA:427,63,2,98
BRDA:427,63,3,80
BRDA:427,64,0,80
BRDA:427,64,1,72
BRDA:434,65,0,0
BRDA:434,65,1,98
BRDA:434,66,0,98
BRDA:434,66,1,8
BRDA:460,67,0,38
BRDA:460,67,1,160
BRDA:460,68,0,198
BRDA:460,68,1,198
BRDA:460,68,2,38
BRDA:460,68,3,38
BRDA:462,69,0,2
BRDA:462,69,1,36
BRDA:466,70,0,38
BRDA:466,70,1,0
BRDA:467,71,0,11
BRDA:467,71,1,27
BRDA:467,72,0,38
BRDA:467,72,1,36
BRDA:470,73,0,10
BRDA:470,73,1,17
BRDA:470,74,0,27
BRDA:470,74,1,25
BRDA:488,75,0,73
BRDA:488,75,1,88
BRDA:489,76,0,0
BRDA:489,76,1,73
BRDA:498,77,0,0
BRDA:498,77,1,73
BRDA:507,78,0,75
BRDA:507,78,1,61
BRDA:510,79,0,11
BRDA:510,79,1,64
BRDA:523,80,0,88
BRDA:523,80,1,134
BRDA:531,81,0,0
BRDA:531,81,1,114
BRDA:544,82,0,4
BRDA:544,82,1,51
BRDA:554,83,0,181
BRDA:554,83,1,181
BRDA:554,83,2,106
BRDA:569,84,0,101
BRDA:569,84,1,33
BRDA:572,85,0,134
BRDA:572,85,1,116
BRDA:572,85,2,106
BRDA:574,86,0,27
BRDA:574,86,1,107
BRDA:575,87,0,27
BRDA:575,87,1,107
BRDA:575,88,0,134
BRDA:575,88,1,134
BRDA:575,88,2,133
BRDA:575,88,3,123
BRDA:586,89,0,24
BRDA:586,89,1,3
BRDA:587,90,0,0
BRDA:587,90,1,24
BRDA:590,91,0,3
BRDA:590,91,1,0
BRDA:593,92,0,3
BRDA:593,92,1,3
BRDA:596,93,0,0
BRDA:596,93,1,3
BRDA:599,94,0,0
BRDA:599,94,1,0
BRDA:605,95,0,107
BRDA:605,95,1,107
BRDA:637,96,0,106
BRDA:637,96,1,32
BRF:210
BRH:177
end_of_record
TN:
SF:/home/travis/build/DSI-HUG/dejajs-components/src/common/core/media/index.ts
FN:21,(anonymous_2)
FNF:1
FNH:1
FNDA:34,(anonymous_2)
DA:9,1
DA:10,1
DA:11,1
DA:21,1
DA:23,1
LF:5
LH:5
BRF:0
BRH:0
end_of_record
TN:
SF:/home/travis/build/DSI-HUG/dejajs-components/src/common/core/media/media.service.ts
FN:18,(anonymous_2)
FN:22,MediaService
FN:24,(anonymous_4)
FN:25,(anonymous_5)
FN:29,(anonymous_6)
FNF:5
FNH:5
FNDA:1,(anonymous_2)
FNDA:21,MediaService
FNDA:70,(anonymous_4)
FNDA:70,(anonymous_5)
FNDA:14,(anonymous_6)
DA:9,1
DA:10,1
DA:11,1
DA:12,1
DA:13,1
DA:14,1
DA:15,1
DA:18,1
DA:20,21
DA:22,21
DA:23,21
DA:24,70
DA:25,70
DA:29,1
DA:30,14
DA:32,1
LF:16
LH:16
BRDA:25,0,0,70
BRDA:25,0,1,70
BRF:2
BRH:2
end_of_record
TN:
SF:/home/travis/build/DSI-HUG/dejajs-components/src/common/core/overlay/connection-position-pair.ts
FN:11,(anonymous_5)
FN:12,(anonymous_7)
FN:15,(anonymous_8)
FN:37,(anonymous_9)
FNF:4
FNH:4
FNDA:253,(anonymous_5)
FNDA:87,(anonymous_7)
FNDA:252,(anonymous_8)
FNDA:55,(anonymous_9)
DA:9,1
DA:11,1
DA:12,1
DA:13,87
DA:14,87
DA:15,87
DA:16,252
DA:17,252
DA:18,0
DA:21,252
DA:26,252
DA:31,252
DA:34,87
DA:37,1
DA:38,55
DA:40,1
LF:16
LH:15
BRDA:17,0,0,0
BRDA:17,0,1,252
BRF:2
BRH:1
end_of_record
TN:
SF:/home/travis/build/DSI-HUG/dejajs-components/src/common/core/overlay/index.ts
FNF:0
FNH:0
DA:9,1
LF:1
LH:1
BRF:0
BRH:0
end_of_record
TN:
SF:/home/travis/build/DSI-HUG/dejajs-components/src/common/core/pipes/index.ts
FN:32,(anonymous_2)
FNF:1
FNH:1
FNDA:1,(anonymous_2)
DA:9,1
DA:10,1
DA:11,1
DA:12,1
DA:13,1
DA:14,1
DA:32,1
DA:34,1
DA:35,1
DA:36,1
DA:37,1
DA:38,1
LF:12
LH:12
BRF:0
BRH:0
end_of_record
TN:
SF:/home/travis/build/DSI-HUG/dejajs-components/src/common/core/pipes/keys.pipe.ts
FN:16,(anonymous_1)
FN:22,(anonymous_3)
FN:23,(anonymous_4)
FNF:3
FNH:1
FNDA:1,(anonymous_1)
FNDA:0,(anonymous_3)
FNDA:0,(anonymous_4)
DA:9,1
DA:16,1
DA:22,1
DA:23,0
DA:25,1
LF:5
LH:4
BRF:0
BRH:0
end_of_record
TN:
SF:/home/travis/build/DSI-HUG/dejajs-components/src/common/core/pipes/moment.pipe.ts
FN:18,(anonymous_1)
FN:25,(anonymous_3)
FNF:2
FNH:1
FNDA:1,(anonymous_1)
FNDA:0,(anonymous_3)
DA:9,1
DA:10,1
DA:11,1
DA:18,1
DA:25,1
DA:26,0
DA:28,1
LF:7
LH:6
BRDA:11,0,0,1
BRDA:11,0,1,1
BRF:2
BRH:2
end_of_record
TN:
SF:/home/travis/build/DSI-HUG/dejajs-components/src/common/core/pipes/safe-html.pipe.ts
FN:18,(anonymous_2)
FN:19,SafeHTMLPipe
FN:23,(anonymous_4)
FNF:3
FNH:1
FNDA:1,(anonymous_2)
FNDA:0,SafeHTMLPipe
FNDA:0,(anonymous_4)
DA:9,1
DA:10,1
DA:18,1
DA:19,0
DA:20,0
DA:23,1
DA:24,0
DA:26,1
LF:8
LH:5
BRF:0
BRH:0
end_of_record
TN:
SF:/home/travis/build/DSI-HUG/dejajs-components/src/common/core/pipes/safe-style.pipe.ts
FN:18,(anonymous_2)
FN:19,SafeStylePipe
FN:23,(anonymous_4)
FNF:3
FNH:1
FNDA:1,(anonymous_2)
FNDA:0,SafeStylePipe
FNDA:0,(anonymous_4)
DA:9,1
DA:10,1
DA:18,1
DA:19,0
DA:20,0
DA:23,1
DA:24,0
DA:26,1
LF:8
LH:5
BRF:0
BRH:0
end_of_record
TN:
SF:/home/travis/build/DSI-HUG/dejajs-components/src/common/core/pipes/time-ago.pipe.ts
FN:22,(anonymous_2)
FN:30,TimeAgoPipe
FN:32,(anonymous_4)
FN:33,(anonymous_5)
FN:38,(anonymous_6)
FN:40,(anonymous_7)
FN:42,(anonymous_8)
FN:48,(anonymous_9)
FN:52,(anonymous_10)
FN:67,(anonymous_11)
FN:80,(anonymous_12)
FN:84,(anonymous_13)
FNF:12
FNH:8
FNDA:1,(anonymous_2)
FNDA:1,TimeAgoPipe
FNDA:3,(anonymous_4)
FNDA:3,(anonymous_5)
FNDA:0,(anonymous_6)
FNDA:0,(anonymous_7)
FNDA:0,(anonymous_8)
FNDA:0,(anonymous_9)
FNDA:3,(anonymous_10)
FNDA:3,(anonymous_11)
FNDA:3,(anonymous_12)
FNDA:6,(anonymous_13)
DA:9,1
DA:10,1
DA:11,1
DA:12,1
DA:13,1
DA:14,1
DA:15,1
DA:16,1
DA:18,1
DA:19,1
DA:22,1
DA:27,1
DA:28,1
DA:30,1
DA:31,1
DA:32,3
DA:34,3
DA:35,3
DA:36,3
DA:39,0
DA:40,0
DA:41,0
DA:42,0
DA:48,1
DA:49,0
DA:52,1
DA:53,3
DA:54,3
DA:55,3
DA:56,3
DA:57,3
DA:58,3
DA:61,0
DA:64,3
DA:67,1
DA:68,3
DA:69,3
DA:70,1
DA:71,2
DA:72,1
DA:73,1
DA:74,1
DA:76,0
DA:80,1
DA:81,3
DA:84,1
DA:85,6
DA:86,2
DA:87,4
DA:88,4
DA:90,0
DA:93,1
LF:52
LH:44
BRDA:19,0,0,1
BRDA:19,0,1,1
BRDA:39,1,0,0
BRDA:39,1,1,0
BRDA:39,2,0,0
BRDA:39,2,1,0
BRDA:53,3,0,3
BRDA:53,3,1,0
BRDA:69,4,0,1
BRDA:69,4,1,2
BRDA:71,5,0,1
BRDA:71,5,1,1
BRDA:73,6,0,1
BRDA:73,6,1,0
BRDA:81,7,0,3
BRDA:81,7,1,0
BRDA:85,8,0,2
BRDA:85,8,1,4
BRDA:87,9,0,4
BRDA:87,9,1,0
BRF:20
BRH:12
end_of_record
TN:
SF:/home/travis/build/DSI-HUG/dejajs-components/src/common/core/slimscroll/index.ts
FN:20,(anonymous_2)
FNF:1
FNH:1
FNDA:1,(anonymous_2)
DA:9,1
DA:10,1
DA:20,1
DA:22,1
LF:4
LH:4
BRF:0
BRH:0
end_of_record
TN:
SF:/home/travis/build/DSI-HUG/dejajs-components/src/common/core/slimscroll/slimscroll.directive.ts
FN:120,(anonymous_3)
FN:137,DejaSlimScrollDirective
FN:143,(anonymous_5)
FN:147,(anonymous_6)
FN:154,(anonymous_7)
FN:159,(anonymous_8)
FN:164,(anonymous_9)
FN:169,(anonymous_10)
FN:174,(anonymous_11)
FN:179,(anonymous_12)
FN:184,(anonymous_13)
FN:189,(anonymous_14)
FN:194,(anonymous_15)
FN:199,(anonymous_16)
FN:204,(anonymous_17)
FN:209,(anonymous_18)
FN:214,(anonymous_19)
FN:219,(anonymous_20)
FN:224,(anonymous_21)
FN:229,(anonymous_22)
FN:234,(anonymous_23)
FN:239,(anonymous_24)
FN:244,(anonymous_25)
FN:249,(anonymous_26)
FN:254,(anonymous_27)
FN:259,(anonymous_28)
FN:264,(anonymous_29)
FN:269,(anonymous_30)
FN:274,(anonymous_31)
FN:278,(anonymous_32)
FN:287,(anonymous_33)
FN:290,(anonymous_34)
FN:304,(anonymous_35)
FN:316,(anonymous_36)
FN:345,(anonymous_37)
FN:347,(anonymous_38)
FN:348,(anonymous_39)
FN:350,(anonymous_40)
FN:354,(anonymous_41)
FN:379,(anonymous_42)
FN:385,(anonymous_43)
FN:386,(anonymous_44)
FN:395,(anonymous_45)
FN:438,(anonymous_46)
FN:448,(anonymous_47)
FN:466,(anonymous_48)
FN:533,(anonymous_49)
FN:545,(anonymous_50)
FN:554,(anonymous_51)
FN:576,(anonymous_52)
FN:577,(anonymous_53)
FN:580,(anonymous_54)
FN:581,(anonymous_55)
FN:584,(anonymous_56)
FN:589,(anonymous_57)
FN:595,(anonymous_58)
FN:602,(anonymous_59)
FNF:57
FNH:1
FNDA:1,(anonymous_3)
FNDA:0,DejaSlimScrollDirective
FNDA:0,(anonymous_5)
FNDA:0,(anonymous_6)
FNDA:0,(anonymous_7)
FNDA:0,(anonymous_8)
FNDA:0,(anonymous_9)
FNDA:0,(anonymous_10)
FNDA:0,(anonymous_11)
FNDA:0,(anonymous_12)
FNDA:0,(anonymous_13)
FNDA:0,(anonymous_14)
FNDA:0,(anonymous_15)
FNDA:0,(anonymous_16)
FNDA:0,(anonymous_17)
FNDA:0,(anonymous_18)
FNDA:0,(anonymous_19)
FNDA:0,(anonymous_20)
FNDA:0,(anonymous_21)
FNDA:0,(anonymous_22)
FNDA:0,(anonymous_23)
FNDA:0,(anonymous_24)
FNDA:0,(anonymous_25)
FNDA:0,(anonymous_26)
FNDA:0,(anonymous_27)
FNDA:0,(anonymous_28)
FNDA:0,(anonymous_29)
FNDA:0,(anonymous_30)
FNDA:0,(anonymous_31)
FNDA:0,(anonymous_32)
FNDA:0,(anonymous_33)
FNDA:0,(anonymous_34)
FNDA:0,(anonymous_35)
FNDA:0,(anonymous_36)
FNDA:0,(anonymous_37)
FNDA:0,(anonymous_38)
FNDA:0,(anonymous_39)
FNDA:0,(anonymous_40)
FNDA:0,(anonymous_41)
FNDA:0,(anonymous_42)
FNDA:0,(anonymous_43)
FNDA:0,(anonymous_44)
FNDA:0,(anonymous_45)
FNDA:0,(anonymous_46)
FNDA:0,(anonymous_47)
FNDA:0,(anonymous_48)
FNDA:0,(anonymous_49)
FNDA:0,(anonymous_50)
FNDA:0,(anonymous_51)
FNDA:0,(anonymous_52)
FNDA:0,(anonymous_53)
FNDA:0,(anonymous_54)
FNDA:0,(anonymous_55)
FNDA:0,(anonymous_56)
FNDA:0,(anonymous_57)
FNDA:0,(anonymous_58)
FNDA:0,(anonymous_59)
DA:13,1
DA:14,1
DA:90,1
DA:120,1
DA:130,0
DA:131,0
DA:134,0
DA:137,0
DA:139,0
DA:140,0
DA:143,1
DA:144,0
DA:147,1
DA:148,0
DA:149,0
DA:154,1
DA:155,0
DA:159,2
DA:160,0
DA:164,2
DA:165,0
DA:169,2
DA:170,0
DA:174,2
DA:175,0
DA:179,2
DA:180,0
DA:184,2
DA:185,0
DA:189,2
DA:190,0
DA:194,2
DA:195,0
DA:199,2
DA:200,0
DA:204,2
DA:205,0
DA:209,2
DA:210,0
DA:214,2
DA:215,0
DA:219,2
DA:220,0
DA:224,2
DA:225,0
DA:229,2
DA:230,0
DA:234,2
DA:235,0
DA:239,2
DA:240,0
DA:244,2
DA:245,0
DA:249,2
DA:250,0
DA:254,2
DA:255,0
DA:259,2
DA:260,0
DA:264,2
DA:265,0
DA:269,2
DA:270,0
DA:274,2
DA:275,0
DA:278,1
DA:280,0
DA:281,0
DA:283,0
DA:287,1
DA:288,0
DA:290,0
DA:291,0
DA:292,0
DA:294,0
DA:296,0
DA:297,0
DA:298,0
DA:304,1
DA:305,0
DA:306,0
DA:309,0
DA:310,0
DA:313,0
DA:316,1
DA:318,0
DA:319,0
DA:322,0
DA:323,0
DA:324,0
DA:326,0
DA:327,0
DA:330,0
DA:331,0
DA:333,0
DA:337,0
DA:338,0
DA:340,0
DA:341,0
DA:345,1
DA:346,0
DA:347,0
DA:348,0
DA:350,0
DA:354,1
DA:356,0
DA:357,0
DA:361,0
DA:363,0
DA:365,0
DA:369,0
DA:371,0
DA:372,0
DA:375,0
DA:376,0
DA:379,1
DA:381,0
DA:382,0
DA:383,0
DA:385,0
DA:387,0
DA:388,0
DA:389,0
DA:395,1
DA:396,0
DA:397,0
DA:398,0
DA:400,0
DA:402,0
DA:405,0
DA:411,0
DA:414,0
DA:418,0
DA:419,0
DA:421,0
DA:422,0
DA:423,0
DA:424,0
DA:425,0
DA:429,0
DA:432,0
DA:435,0
DA:438,1
DA:440,0
DA:441,0
DA:444,0
DA:445,0
DA:448,1
DA:449,0
DA:452,0
DA:453,0
DA:454,0
DA:455,0
DA:456,0
DA:457,0
DA:458,0
DA:459,0
DA:460,0
DA:461,0
DA:466,1
DA:468,0
DA:469,0
DA:470,0
DA:471,0
DA:472,0
DA:473,0
DA:476,0
DA:477,0
DA:478,0
DA:481,0
DA:482,0
DA:483,0
DA:484,0
DA:485,0
DA:486,0
DA:487,0
DA:488,0
DA:489,0
DA:490,0
DA:491,0
DA:492,0
DA:495,0
DA:496,0
DA:497,0
DA:498,0
DA:499,0
DA:500,0
DA:501,0
DA:502,0
DA:503,0
DA:504,0
DA:505,0
DA:506,0
DA:507,0
DA:510,0
DA:511,0
DA:512,0
DA:514,0
DA:515,0
DA:519,0
DA:520,0
DA:522,0
DA:524,0
DA:526,0
DA:530,0
DA:531,0
DA:533,0
DA:534,0
DA:537,0
DA:538,0
DA:539,0
DA:540,0
DA:542,0
DA:543,0
DA:545,0
DA:546,0
DA:547,0
DA:548,0
DA:549,0
DA:550,0
DA:554,0
DA:555,0
DA:558,0
DA:559,0
DA:560,0
DA:561,0
DA:563,0
DA:565,0
DA:566,0
DA:569,0
DA:570,0
DA:572,0
DA:576,0
DA:577,0
DA:580,0
DA:581,0
DA:584,0
DA:585,0
DA:586,0
DA:587,0
DA:589,0
DA:590,0
DA:591,0
DA:595,0
DA:596,0
DA:598,0
DA:602,0
DA:604,0
DA:605,0
DA:607,0
DA:609,0
DA:611,0
DA:612,0
DA:616,0
DA:619,0
DA:622,0
DA:624,0
DA:625,0
DA:629,0
DA:632,0
DA:634,1
LF:261
LH:43
BRDA:148,0,0,0
BRDA:148,0,1,0
BRDA:160,1,0,0
BRDA:160,1,1,0
BRDA:165,2,0,0
BRDA:165,2,1,0
BRDA:170,3,0,0
BRDA:170,3,1,0
BRDA:175,4,0,0
BRDA:175,4,1,0
BRDA:180,5,0,0
BRDA:180,5,1,0
BRDA:185,6,0,0
BRDA:185,6,1,0
BRDA:190,7,0,0
BRDA:190,7,1,0
BRDA:195,8,0,0
BRDA:195,8,1,0
BRDA:200,9,0,0
BRDA:200,9,1,0
BRDA:205,10,0,0
BRDA:205,10,1,0
BRDA:210,11,0,0
BRDA:210,11,1,0
BRDA:215,12,0,0
BRDA:215,12,1,0
BRDA:220,13,0,0
BRDA:220,13,1,0
BRDA:225,14,0,0
BRDA:225,14,1,0
BRDA:230,15,0,0
BRDA:230,15,1,0
BRDA:235,16,0,0
BRDA:235,16,1,0
BRDA:240,17,0,0
BRDA:240,17,1,0
BRDA:245,18,0,0
BRDA:245,18,1,0
BRDA:250,19,0,0
BRDA:250,19,1,0
BRDA:255,20,0,0
BRDA:255,20,1,0
BRDA:260,21,0,0
BRDA:260,21,1,0
BRDA:265,22,0,0
BRDA:265,22,1,0
BRDA:270,23,0,0
BRDA:270,23,1,0
BRDA:275,24,0,0
BRDA:275,24,1,0
BRDA:280,25,0,0
BRDA:280,25,1,0
BRDA:280,26,0,0
BRDA:280,26,1,0
BRDA:291,27,0,0
BRDA:291,27,1,0
BRDA:296,28,0,0
BRDA:296,28,1,0
BRDA:305,29,0,0
BRDA:305,29,1,0
BRDA:309,30,0,0
BRDA:309,30,1,0
BRDA:318,31,0,0
BRDA:318,31,1,0
BRDA:323,32,0,0
BRDA:323,32,1,0
BRDA:326,33,0,0
BRDA:326,33,1,0
BRDA:330,34,0,0
BRDA:330,34,1,0
BRDA:330,34,2,0
BRDA:331,35,0,0
BRDA:331,35,1,0
BRDA:337,36,0,0
BRDA:337,36,1,0
BRDA:337,37,0,0
BRDA:337,37,1,0
BRDA:340,38,0,0
BRDA:340,38,1,0
BRDA:346,39,0,0
BRDA:346,39,1,0
BRDA:361,40,0,0
BRDA:361,40,1,0
BRDA:369,41,0,0
BRDA:369,41,1,0
BRDA:381,42,0,0
BRDA:381,42,1,0
BRDA:387,43,0,0
BRDA:387,43,1,0
BRDA:387,44,0,0
BRDA:387,44,1,0
BRDA:387,44,2,0
BRDA:387,45,0,0
BRDA:387,45,1,0
BRDA:395,46,0,0
BRDA:395,46,1,0
BRDA:400,47,0,0
BRDA:400,47,1,0
BRDA:411,48,0,0
BRDA:411,48,1,0
BRDA:421,49,0,0
BRDA:421,49,1,0
BRDA:440,50,0,0
BRDA:440,50,1,0
BRDA:444,51,0,0
BRDA:444,51,1,0
BRDA:452,52,0,0
BRDA:452,52,1,0
BRDA:452,53,0,0
BRDA:452,53,1,0
BRDA:458,54,0,0
BRDA:458,54,1,0
BRDA:487,55,0,0
BRDA:487,55,1,0
BRDA:503,56,0,0
BRDA:503,56,1,0
BRDA:510,57,0,0
BRDA:510,57,1,0
BRDA:522,58,0,0
BRDA:522,58,1,0
BRDA:547,59,0,0
BRDA:547,59,1,0
BRDA:549,60,0,0
BRDA:549,60,1,0
BRDA:596,61,0,0
BRDA:596,61,1,0
BRDA:604,62,0,0
BRDA:604,62,1,0
BRDA:607,63,0,0
BRDA:607,63,1,0
BRDA:622,64,0,0
BRDA:622,64,1,0
BRF:132
BRH:0
end_of_record
TN:
SF:/home/travis/build/DSI-HUG/dejajs-components/src/common/core/sorting/index.ts
FN:18,(anonymous_2)
FNF:1
FNH:1
FNDA:12,(anonymous_2)
DA:9,1
DA:10,1
DA:11,1
DA:18,1
DA:21,1
DA:22,1
DA:23,1
LF:7
LH:7
BRF:0
BRH:0
end_of_record
TN:
SF:/home/travis/build/DSI-HUG/dejajs-components/src/common/core/sorting/sort-indicator.component.ts
FN:17,(anonymous_2)
FNF:1
FNH:1
FNDA:2,(anonymous_2)
DA:9,1
DA:17,1
DA:18,1
DA:19,1
LF:4
LH:4
BRF:0
BRH:0
end_of_record
TN:
SF:/home/travis/build/DSI-HUG/dejajs-components/src/common/core/sorting/sort-order.model.ts
FN:10,(anonymous_0)
FNF:1
FNH:1
FNDA:1,(anonymous_0)
DA:10,1
DA:12,1
DA:14,1
LF:3
LH:3
BRDA:10,0,0,1
BRDA:10,0,1,1
BRF:2
BRH:2
end_of_record
TN:
SF:/home/travis/build/DSI-HUG/dejajs-components/src/common/core/sorting/sorting.service.ts
FN:20,(anonymous_0)
FN:26,(anonymous_2)
FN:35,(anonymous_3)
FN:56,(anonymous_4)
FN:59,(anonymous_5)
FN:60,(anonymous_6)
FN:65,(anonymous_7)
FN:70,(anonymous_8)
FNF:8
FNH:8
FNDA:25,(anonymous_0)
FNDA:30,(anonymous_2)
FNDA:30,(anonymous_3)
FNDA:14,(anonymous_4)
FNDA:14,(anonymous_5)
FNDA:55,(anonymous_6)
FNDA:12,(anonymous_7)
FNDA:55,(anonymous_8)
DA:9,1
DA:10,1
DA:11,1
DA:12,1
DA:13,1
DA:14,1
DA:15,1
DA:17,1
DA:20,1
DA:26,1
DA:27,30
DA:35,1
DA:36,30
DA:37,29
DA:38,29
DA:39,29
DA:40,42
DA:41,42
DA:42,42
DA:43,15
DA:47,30
DA:56,14
DA:57,14
DA:58,14
DA:59,14
DA:61,55
DA:62,43
DA:64,12
DA:66,12
DA:67,12
DA:71,55
DA:72,55
DA:75,1
LF:33
LH:33
BRDA:36,0,0,29
BRDA:36,0,1,1
BRDA:36,1,0,30
BRDA:36,1,1,30
BRDA:37,2,0,13
BRDA:37,2,1,16
BRDA:42,3,0,15
BRDA:42,3,1,27
BRDA:57,4,0,14
BRDA:57,4,1,0
BRDA:61,5,0,43
BRDA:61,5,1,12
BRDA:61,6,0,55
BRDA:61,6,1,55
BRF:14
BRH:13
end_of_record
TN:
SF:/home/travis/build/DSI-HUG/dejajs-components/src/common/core/style/index.ts
FNF:0
FNH:0
DA:9,1
DA:10,1
LF:2
LH:2
BRF:0
BRH:0
end_of_record
TN:
SF:/home/travis/build/DSI-HUG/dejajs-components/src/common/core/style/material-color.ts
FN:11,(anonymous_5)
FNF:1
FNH:1
FNDA:1,(anonymous_5)
DA:9,1
DA:11,1
DA:13,0
DA:14,1
LF:4
LH:3
BRDA:11,0,0,0
BRDA:11,0,1,0
BRDA:11,0,2,0
BRF:3
BRH:0
end_of_record
TN:
SF:/home/travis/build/DSI-HUG/dejajs-components/src/common/core/style/material-colors.ts
FN:14,(anonymous_1)
FN:13,MaterialColors
FN:253,(anonymous_3)
FN:256,(anonymous_4)
FN:261,(anonymous_5)
FN:271,(anonymous_6)
FN:274,(anonymous_7)
FN:276,(anonymous_8)
FN:287,(anonymous_9)
FNF:9
FNH:5
FNDA:1,(anonymous_1)
FNDA:2,MaterialColors
FNDA:2,(anonymous_3)
FNDA:38,(anonymous_4)
FNDA:384,(anonymous_5)
FNDA:0,(anonymous_6)
FNDA:0,(anonymous_7)
FNDA:0,(anonymous_8)
FNDA:0,(anonymous_9)
DA:9,1
DA:10,1
DA:11,1
DA:14,1
DA:20,2
DA:253,2
DA:254,2
DA:255,2
DA:256,2
DA:257,38
DA:258,38
DA:259,38
DA:260,38
DA:261,38
DA:262,384
DA:263,384
DA:264,384
DA:268,2
DA:271,1
DA:272,0
DA:273,0
DA:274,0
DA:275,0
DA:276,0
DA:277,0
DA:278,0
DA:280,0
DA:284,0
DA:287,1
DA:288,0
DA:289,0
DA:290,0
DA:292,0
DA:293,0
DA:294,0
DA:296,1
LF:36
LH:21
BRDA:254,0,0,2
BRDA:254,0,1,0
BRDA:272,1,0,0
BRDA:272,1,1,0
BRDA:277,2,0,0
BRDA:277,2,1,0
BRF:6
BRH:1
end_of_record
TN:
SF:/home/travis/build/DSI-HUG/dejajs-components/src/common/core/text-metrics/index.ts
FN:17,(anonymous_2)
FNF:1
FNH:1
FNDA:32,(anonymous_2)
DA:9,1
DA:10,1
DA:11,1
DA:17,1
DA:19,1
LF:5
LH:5
BRF:0
BRH:0
end_of_record
TN:
SF:/home/travis/build/DSI-HUG/dejajs-components/src/common/core/text-metrics/text-metrics.service.ts
FN:23,(anonymous_2)
FN:33,DejaTextMetricsService
FN:37,(anonymous_4)
FN:48,(anonymous_5)
FN:60,(anonymous_6)
FN:80,(anonymous_7)
FN:83,(anonymous_8)
FN:101,(anonymous_9)
FN:103,(anonymous_10)
FN:121,(anonymous_11)
FN:123,(anonymous_12)
FN:124,(anonymous_13)
FN:133,(anonymous_14)
FN:134,(anonymous_15)
FN:135,(anonymous_16)
FNF:15
FNH:15
FNDA:1,(anonymous_2)
FNDA:8,DejaTextMetricsService
FNDA:3,(anonymous_4)
FNDA:3,(anonymous_5)
FNDA:773,(anonymous_6)
FNDA:1,(anonymous_7)
FNDA:2,(anonymous_8)
FNDA:2,(anonymous_9)
FNDA:2,(anonymous_10)
FNDA:2,(anonymous_11)
FNDA:4,(anonymous_12)
FNDA:2,(anonymous_13)
FNDA:510,(anonymous_14)
FNDA:508,(anonymous_15)
FNDA:34,(anonymous_16)
DA:9,1
DA:10,1
DA:11,1
DA:12,1
DA:13,1
DA:14,1
DA:15,1
DA:16,1
DA:17,1
DA:23,1
DA:25,8
DA:27,8
DA:33,8
DA:34,8
DA:38,3
DA:39,3
DA:40,765
DA:41,765
DA:43,3
DA:48,1
DA:49,3
DA:60,1
DA:61,773
DA:62,773
DA:64,773
DA:65,773
DA:66,773
DA:67,773
DA:69,773
DA:80,1
DA:81,1
DA:83,1
DA:84,2
DA:85,2
DA:86,2
DA:90,1
DA:101,2
DA:102,2
DA:104,2
DA:105,2
DA:109,2
DA:121,1
DA:122,2
DA:123,4
DA:126,2
DA:127,2
DA:128,2
DA:129,2
DA:130,2
DA:131,2
DA:132,2
DA:133,510
DA:134,508
DA:135,2
DA:136,34
DA:137,34
DA:138,202
DA:141,202
DA:143,34
DA:144,6
DA:145,6
DA:146,6
DA:148,28
DA:149,28
DA:151,34
DA:152,2
DA:157,2
DA:160,1
LF:68
LH:68
BRDA:64,0,0,773
BRDA:64,0,1,7
BRDA:85,1,0,2
BRDA:85,1,1,0
BRDA:106,2,0,0
BRDA:106,2,1,2
BRDA:130,3,0,2
BRDA:130,3,1,0
BRDA:141,4,0,202
BRDA:141,4,1,0
BRDA:143,5,0,6
BRDA:143,5,1,28
BRDA:148,6,0,26
BRDA:148,6,1,2
BRDA:151,7,0,2
BRDA:151,7,1,32
BRF:16
BRH:12
end_of_record
TN:
SF:/home/travis/build/DSI-HUG/dejajs-components/src/common/core/validation/child-validator.directive.ts
FN:22,(anonymous_1)
FN:25,(anonymous_3)
FN:16,(anonymous_4)
FNF:3
FNH:3
FNDA:39,(anonymous_1)
FNDA:44,(anonymous_3)
FNDA:51,(anonymous_4)
DA:9,1
DA:10,1
DA:16,51
DA:22,1
DA:25,1
DA:26,44
DA:28,1
LF:7
LH:7
BRDA:26,0,0,44
BRDA:26,0,1,21
BRF:2
BRH:2
end_of_record
TN:
SF:/home/travis/build/DSI-HUG/dejajs-components/src/common/core/validation/index.ts
FN:26,(anonymous_2)
FNF:1
FNH:1
FNDA:41,(anonymous_2)
DA:9,1
DA:10,1
DA:11,1
DA:12,1
DA:26,1
DA:29,1
DA:30,1
LF:7
LH:7
BRF:0
BRH:0
end_of_record
TN:
SF:/home/travis/build/DSI-HUG/dejajs-components/src/common/core/validation/validation-messages.ts
FN:10,(anonymous_0)
FN:17,(anonymous_2)
FNF:2
FNH:2
FNDA:2,(anonymous_0)
FNDA:5,(anonymous_2)
DA:10,1
DA:11,1
DA:17,1
DA:18,5
DA:20,1
LF:5
LH:5
BRF:0
BRH:0
end_of_record
TN:
SF:/home/travis/build/DSI-HUG/dejajs-components/src/common/global-event/global-event-emmitter.ts
FN:11,(anonymous_0)
FN:23,(anonymous_2)
FN:27,(anonymous_3)
FN:31,(anonymous_4)
FN:35,(anonymous_5)
FN:68,(anonymous_6)
FN:83,(anonymous_7)
FN:88,(anonymous_8)
FN:92,(anonymous_9)
FN:96,(anonymous_10)
FN:14,(anonymous_11)
FNF:11
FNH:9
FNDA:2,(anonymous_0)
FNDA:1,(anonymous_2)
FNDA:0,(anonymous_3)
FNDA:0,(anonymous_4)
FNDA:1,(anonymous_5)
FNDA:69,(anonymous_6)
FNDA:1,(anonymous_7)
FNDA:1,(anonymous_8)
FNDA:1,(anonymous_9)
FNDA:1,(anonymous_10)
FNDA:70,(anonymous_11)
DA:11,2
DA:14,1
DA:15,70
DA:16,1
DA:18,70
DA:21,1
DA:23,1
DA:24,1
DA:27,1
DA:28,0
DA:31,1
DA:32,0
DA:35,1
DA:36,1
DA:39,1
DA:40,0
DA:41,0
DA:45,1
DA:46,1
DA:47,0
DA:51,1
DA:52,0
DA:53,0
DA:58,1
DA:59,1
DA:60,1
DA:61,1
DA:62,1
DA:65,1
DA:68,69
DA:69,69
DA:70,69
DA:72,69
DA:73,62
DA:75,62
DA:76,1
[...]
FNDA:17,(anonymous_28)
FNDA:32,(anonymous_29)
FNDA:32,(anonymous_30)
FNDA:26,(anonymous_31)
FNDA:2,(anonymous_32)
FNDA:70,(anonymous_33)
FNDA:13,(anonymous_34)
FNDA:355,(anonymous_35)
FNDA:24,(anonymous_36)
FNDA:625,(anonymous_37)
FNDA:22,(anonymous_38)
FNDA:2,(anonymous_39)
FNDA:22,(anonymous_40)
FNDA:3,(anonymous_41)
FNDA:26,(anonymous_42)
FNDA:199,(anonymous_43)
FNDA:13,(anonymous_44)
FNDA:13,(anonymous_45)
FNDA:26,(anonymous_46)
FNDA:2,(anonymous_47)
FNDA:13,(anonymous_48)
FNDA:16,(anonymous_49)
FNDA:21,(anonymous_50)
FNDA:2,(anonymous_51)
FNDA:13,(anonymous_52)
FNDA:196,(anonymous_53)
FNDA:37,(anonymous_54)
FNDA:5,(anonymous_55)
FNDA:13,(anonymous_56)
FNDA:4165,(anonymous_57)
FNDA:39,(anonymous_58)
FNDA:31,(anonymous_59)
FNDA:38,(anonymous_60)
FNDA:13,(anonymous_61)
FNDA:5,(anonymous_62)
FNDA:13,(anonymous_63)
FNDA:1,(anonymous_64)
FNDA:15,(anonymous_65)
FNDA:24,(anonymous_66)
FNDA:13,(anonymous_67)
FNDA:68,(anonymous_68)
FNDA:13,(anonymous_69)
FNDA:13,(anonymous_70)
FNDA:13,(anonymous_71)
FNDA:18,(anonymous_72)
FNDA:18,(anonymous_73)
FNDA:17,(anonymous_74)
FNDA:11,(anonymous_75)
FNDA:11,(anonymous_76)
FNDA:11,(anonymous_77)
FNDA:11,(anonymous_78)
FNDA:11,(anonymous_79)
FNDA:8,(anonymous_80)
FNDA:8,(anonymous_81)
FNDA:353,(anonymous_82)
FNDA:4,(anonymous_83)
FNDA:712,(anonymous_84)
FNDA:12,(anonymous_85)
FNDA:76,(anonymous_86)
FNDA:2023,(anonymous_87)
FNDA:30,(anonymous_88)
FNDA:5098,(anonymous_89)
FNDA:341,(anonymous_90)
FNDA:2,(anonymous_91)
FNDA:450,(anonymous_92)
FNDA:155,(anonymous_93)
FNDA:155,(anonymous_94)
FNDA:1,(anonymous_95)
FNDA:1,(anonymous_96)
FNDA:17,(anonymous_97)
FNDA:5,(anonymous_98)
FNDA:5,(anonymous_99)
FNDA:1,(anonymous_100)
FNDA:2,(anonymous_101)
FNDA:2,(anonymous_102)
FNDA:2,(anonymous_103)
FNDA:2,(anonymous_104)
FNDA:27,(anonymous_105)
FNDA:9,(anonymous_106)
FNDA:26,(anonymous_107)
FNDA:36,(anonymous_108)
FNDA:26,(anonymous_109)
FNDA:11,(anonymous_110)
FNDA:13,(anonymous_111)
FNDA:13,(anonymous_112)
FNDA:13,(anonymous_113)
FNDA:13,(anonymous_114)
FNDA:22,(anonymous_115)
FNDA:22,(anonymous_116)
FNDA:22,(anonymous_117)
FNDA:22,(anonymous_118)
FNDA:22,(anonymous_119)
FNDA:22,(anonymous_120)
FNDA:19,(anonymous_121)
FNDA:1,(anonymous_122)
FNDA:1,(anonymous_123)
FNDA:22,(anonymous_124)
FNDA:5,(anonymous_125)
FNDA:5,(anonymous_126)
FNDA:5,(anonymous_127)
FNDA:5,(anonymous_128)
FNDA:5,(anonymous_129)
FNDA:5,(anonymous_130)
FNDA:15,(anonymous_131)
FNDA:5,(anonymous_132)
FNDA:8,(anonymous_133)
FNDA:6,(anonymous_134)
FNDA:1,(anonymous_135)
FNDA:3,(anonymous_136)
FNDA:3,(anonymous_137)
FNDA:5,(anonymous_138)
FNDA:5,(anonymous_139)
FNDA:0,(anonymous_140)
FNDA:1,(anonymous_141)
FNDA:1,(anonymous_142)
FNDA:1,(anonymous_143)
FNDA:1979,(anonymous_144)
FNDA:0,(anonymous_145)
FNDA:0,(anonymous_146)
FNDA:195,(anonymous_147)
FNDA:0,(anonymous_148)
FNDA:0,(anonymous_149)
FNDA:0,(anonymous_150)
FNDA:0,(anonymous_151)
FNDA:0,(anonymous_152)
FNDA:0,(anonymous_153)
FNDA:27,(anonymous_154)
FNDA:0,(anonymous_155)
FNDA:0,(anonymous_156)
FNDA:18,(anonymous_157)
FNDA:18,(anonymous_158)
FNDA:18,(anonymous_159)
FNDA:9,(anonymous_160)
FNDA:9,(anonymous_161)
FNDA:55,(anonymous_162)
FNDA:55,(anonymous_163)
FNDA:1990,(anonymous_164)
DA:9,1
DA:10,1
DA:11,1
DA:12,1
DA:13,1
DA:14,1
DA:15,1
DA:16,1
DA:17,1
DA:18,1
DA:19,1
DA:20,1
DA:21,1
DA:22,1
DA:23,1
DA:24,1
DA:25,1
DA:26,1
DA:28,1
DA:29,1
DA:30,1
DA:31,1
DA:34,1
DA:35,1
DA:40,1
DA:41,1
DA:42,1
DA:43,1
DA:45,1
DA:48,1
DA:61,1
DA:63,1
DA:65,1
DA:67,26
DA:69,1
DA:71,1
DA:73,1
DA:75,1
DA:77,1
DA:79,1
DA:81,26
DA:83,1
DA:85,26
DA:87,26
DA:89,26
DA:91,26
DA:93,26
DA:96,1
DA:99,26
DA:100,26
DA:102,26
DA:105,1
DA:106,1
DA:107,1
DA:108,1
DA:109,1
DA:110,1
DA:111,1
DA:115,26
DA:116,26
DA:117,26
DA:118,26
DA:119,26
DA:120,26
DA:121,26
DA:122,26
DA:124,26
DA:128,26
DA:129,26
DA:130,26
DA:131,26
DA:132,26
DA:134,26
DA:135,26
DA:137,26
DA:138,5
DA:141,26
DA:142,31
DA:144,31
DA:146,26
DA:147,22
DA:148,22
DA:151,2
DA:152,2
DA:155,26
DA:156,28
DA:159,2
DA:160,2
DA:161,2
DA:164,26
DA:165,1
DA:168,1
DA:169,1
DA:171,1
DA:174,26
DA:175,15
DA:176,15
DA:177,15
DA:178,15
DA:180,26
DA:181,17
DA:182,17
DA:183,5
DA:184,0
DA:185,0
DA:186,0
DA:188,5
DA:189,5
DA:192,17
DA:193,0
DA:195,17
DA:197,17
DA:198,17
DA:200,26
DA:201,32
DA:203,32
DA:204,32
DA:207,26
DA:209,26
DA:212,2
DA:213,26
DA:216,1
DA:217,2
DA:222,2
DA:223,13
DA:227,70
DA:232,2
DA:233,24
DA:237,355
DA:242,2
DA:243,22
DA:247,625
DA:252,2
DA:253,22
DA:257,2
DA:262,2
DA:263,26
DA:268,3
DA:269,1
DA:270,1
DA:271,1
DA:274,2
DA:279,2
DA:280,13
DA:285,199
DA:290,2
DA:291,13
DA:300,2
DA:301,26
DA:306,2
DA:307,13
DA:312,2
DA:317,2
DA:318,16
DA:323,2
DA:324,21
DA:331,2
DA:332,13
DA:339,2
DA:347,2
DA:348,37
DA:356,196
DA:361,2
DA:362,13
DA:363,13
DA:364,2
DA:370,5
DA:374,1
DA:375,4165
DA:380,2
DA:381,31
DA:386,39
DA:391,2
DA:392,13
DA:393,2
DA:399,38
DA:404,2
DA:405,13
DA:406,13
DA:412,5
DA:413,5
DA:418,2
DA:419,15
DA:420,4
DA:426,1
DA:427,1
DA:432,2
DA:433,13
DA:434,2
DA:440,24
DA:445,2
DA:446,13
DA:447,13
DA:448,13
DA:454,68
DA:459,2
DA:460,13
DA:465,2
DA:466,13
DA:470,18
DA:471,2
DA:472,18
DA:473,18
DA:475,18
DA:477,1
DA:478,1
DA:479,1
DA:481,17
DA:491,2
DA:492,11
DA:493,11
DA:500,2
DA:501,11
DA:508,2
DA:509,11
DA:516,2
DA:517,11
DA:524,2
DA:525,11
DA:529,8
DA:530,2
DA:531,8
DA:533,8
DA:539,2
DA:540,4
DA:541,4
DA:545,353
DA:550,2
DA:551,12
DA:552,1
DA:557,712
DA:560,2
DA:561,76
DA:562,70
DA:566,1
DA:567,30
DA:568,30
DA:572,2023
DA:575,1
DA:576,5098
DA:579,1
DA:580,341
DA:583,1
DA:584,2
DA:587,1
DA:588,450
DA:591,1
DA:592,155
DA:595,1
DA:596,155
DA:600,1
DA:601,1
DA:605,1
DA:606,1
DA:607,1
DA:610,1
DA:611,17
DA:614,1
DA:615,5
DA:618,1
DA:619,5
DA:622,1
DA:623,1
DA:628,2
DA:629,2
DA:630,2
DA:634,1
DA:635,2
DA:639,1
DA:640,27
DA:644,1
DA:645,9
DA:648,1
DA:649,26
DA:650,3
DA:651,3
DA:652,3
DA:653,3
DA:654,36
DA:658,36
DA:659,0
DA:661,36
DA:663,3
DA:664,3
DA:665,0
DA:667,3
DA:669,0
DA:670,0
DA:674,26
DA:677,26
DA:680,26
DA:681,11
DA:683,11
DA:687,26
DA:688,13
DA:689,13
DA:690,13
DA:691,13
DA:697,13
DA:698,13
DA:700,13
DA:702,26
DA:703,26
DA:704,23
DA:705,23
DA:708,26
DA:709,22
DA:711,22
DA:712,22
DA:721,22
DA:724,22
DA:725,19
DA:726,19
DA:727,19
DA:730,22
DA:732,22
DA:733,22
DA:735,4
DA:736,1
DA:737,3
DA:738,2
DA:739,2
DA:741,4
DA:742,4
DA:745,3
DA:746,1
DA:747,2
DA:748,2
DA:749,2
DA:751,3
DA:752,3
DA:755,2
DA:756,2
DA:757,1
DA:758,1
DA:759,1
DA:760,1
DA:762,2
DA:763,2
DA:766,2
DA:767,2
DA:768,1
DA:769,1
DA:770,1
DA:771,1
DA:773,2
DA:774,2
DA:777,2
DA:778,2
DA:779,2
DA:780,1
DA:781,1
DA:782,1
DA:783,1
DA:785,2
DA:787,2
DA:790,6
DA:791,6
DA:792,6
DA:793,1
DA:794,5
DA:795,4
DA:796,4
DA:798,6
DA:800,6
DA:803,2
DA:804,2
DA:805,0
DA:808,2
DA:809,2
DA:810,2
DA:811,0
DA:812,2
DA:813,1
DA:814,1
DA:815,0
DA:817,1
DA:818,1
DA:823,2
DA:826,1
DA:827,1
DA:828,1
DA:829,0
DA:830,1
DA:831,1
DA:832,1
DA:837,1
DA:840,0
DA:844,22
DA:845,22
DA:846,22
DA:847,22
DA:848,22
DA:852,26
DA:853,26
DA:854,23
DA:855,23
DA:856,23
DA:860,26
DA:861,5
DA:862,5
DA:864,5
DA:865,0
DA:866,0
DA:870,5
DA:871,5
DA:878,5
DA:879,5
DA:880,5
DA:883,5
DA:884,5
DA:886,5
DA:889,5
DA:890,5
DA:891,5
DA:892,15
DA:893,15
DA:894,15
DA:895,5
DA:898,10
DA:899,10
DA:903,5
DA:904,5
DA:910,0
DA:914,26
DA:917,8
DA:918,8
DA:919,0
DA:920,0
DA:923,8
DA:924,1
DA:927,7
DA:928,7
DA:929,7
DA:930,1
DA:933,6
DA:934,6
DA:937,6
DA:938,6
DA:940,6
DA:941,5
DA:943,1
DA:945,1
DA:946,1
DA:947,4
DA:948,3
DA:949,0
DA:952,3
DA:953,3
DA:954,3
DA:956,3
DA:961,5
DA:963,5
DA:966,5
DA:968,5
DA:969,5
DA:970,5
DA:971,0
DA:974,5
DA:975,5
DA:976,0
DA:979,5
DA:980,1
DA:983,4
DA:985,0
DA:988,4
DA:989,0
DA:990,0
DA:991,0
DA:994,4
DA:995,2
DA:996,1
DA:999,1
DA:1000,1
DA:1003,1
DA:1004,1
DA:1006,1
DA:1007,1
DA:1012,4
DA:1016,1979
DA:1017,1979
DA:1018,1416
DA:1021,563
DA:1023,0
DA:1024,0
DA:1025,0
DA:1026,0
DA:1029,0
DA:1030,0
DA:1031,0
DA:1033,0
DA:1034,0
DA:1035,0
DA:1043,195
DA:1044,195
DA:1045,135
DA:1048,60
DA:1049,0
DA:1050,0
DA:1053,0
DA:1054,0
DA:1055,0
DA:1059,0
DA:1061,0
DA:1062,0
DA:1063,0
DA:1065,0
DA:1067,0
DA:1072,0
DA:1073,0
DA:1076,60
DA:1080,0
DA:1081,0
DA:1082,0
DA:1083,0
DA:1085,0
DA:1090,1
DA:1091,0
DA:1093,0
DA:1098,0
DA:1099,0
DA:1100,0
DA:1104,1
DA:1105,27
DA:1107,27
DA:1109,27
DA:1110,22
DA:1112,22
DA:1117,22
DA:1118,0
DA:1119,0
DA:1120,0
DA:1123,22
DA:1126,5
DA:1128,5
DA:1133,5
DA:1134,0
DA:1135,0
DA:1137,5
DA:1141,27
DA:1142,27
DA:1145,18
DA:1146,18
DA:1147,18
DA:1149,18
DA:1151,18
DA:1152,18
DA:1155,9
DA:1156,9
DA:1157,0
DA:1159,9
DA:1162,9
DA:1167,55
DA:1168,55
DA:1169,55
DA:1172,1
DA:1173,1990
DA:1174,1990
DA:1175,10
DA:1177,1990
DA:1178,2
DA:1180,1990
DA:1181,129
DA:1183,1990
DA:1184,17
DA:1186,1990
DA:1187,182
DA:1189,1990
DA:1190,2
DA:1192,1990
DA:1193,896
DA:1195,1990
DA:1197,1
LF:573
LH:509
BRDA:135,0,0,26
BRDA:135,0,1,26
BRDA:137,1,0,5
BRDA:137,1,1,21
BRDA:177,2,0,15
BRDA:177,2,1,12
BRDA:177,2,2,3
BRDA:177,2,3,1
BRDA:177,2,4,2
BRDA:182,3,0,5
BRDA:182,3,1,12
BRDA:183,4,0,0
BRDA:183,4,1,5
BRDA:184,5,0,0
BRDA:184,5,1,0
BRDA:185,6,0,0
BRDA:185,6,1,0
BRDA:186,7,0,0
BRDA:186,7,1,0
BRDA:186,7,2,0
BRDA:189,8,0,5
BRDA:189,8,1,5
BRDA:189,8,2,5
BRDA:192,9,0,0
BRDA:192,9,1,17
BRDA:198,10,0,15
BRDA:198,10,1,2
BRDA:198,11,0,17
BRDA:198,11,1,8
BRDA:198,11,2,2
BRDA:237,12,0,355
BRDA:237,12,1,45
BRDA:268,13,0,1
BRDA:268,13,1,2
BRDA:270,14,0,1
BRDA:270,14,1,1
BRDA:363,15,0,2
BRDA:363,15,1,11
BRDA:392,16,0,2
BRDA:392,16,1,11
BRDA:413,17,0,5
BRDA:413,17,1,5
BRDA:405,18,0,13
BRDA:405,18,1,0
BRDA:427,19,0,1
BRDA:427,19,1,1
BRDA:419,20,0,4
BRDA:419,20,1,11
BRDA:433,21,0,2
BRDA:433,21,1,11
BRDA:446,22,0,13
BRDA:446,22,1,0
BRDA:475,23,0,1
BRDA:475,23,1,17
BRDA:475,24,0,18
BRDA:475,24,1,1
BRDA:541,25,0,4
BRDA:541,25,1,2
BRDA:551,26,0,1
BRDA:551,26,1,11
BRDA:561,27,0,70
BRDA:561,27,1,6
BRDA:576,28,0,5098
BRDA:576,28,1,5098
BRDA:580,29,0,341
BRDA:580,29,1,341
BRDA:584,30,0,2
BRDA:584,30,1,2
BRDA:588,31,0,450
BRDA:588,31,1,450
BRDA:592,32,0,155
BRDA:592,32,1,155
BRDA:596,33,0,155
BRDA:596,33,1,155
BRDA:601,34,0,0
BRDA:601,34,1,1
BRDA:649,35,0,3
BRDA:649,35,1,23
BRDA:649,36,0,26
BRDA:649,36,1,26
BRDA:649,36,2,26
BRDA:658,37,0,0
BRDA:658,37,1,36
BRDA:664,38,0,0
BRDA:664,38,1,3
BRDA:667,39,0,0
BRDA:667,39,1,3
BRDA:680,40,0,11
BRDA:680,40,1,15
BRDA:680,41,0,26
BRDA:680,41,1,26
BRDA:680,41,2,15
BRDA:703,42,0,23
BRDA:703,42,1,3
BRDA:711,43,0,22
BRDA:711,43,1,22
BRDA:712,44,0,22
BRDA:712,44,1,18
BRDA:712,44,2,15
BRDA:712,44,3,13
BRDA:712,44,4,11
BRDA:712,44,5,9
BRDA:712,44,6,3
BRDA:712,44,7,1
BRDA:730,45,0,22
BRDA:730,45,1,0
BRDA:732,46,0,22
BRDA:732,46,1,22
BRDA:734,47,0,4
BRDA:734,47,1,3
BRDA:734,47,2,2
BRDA:734,47,3,2
BRDA:734,47,4,2
BRDA:734,47,5,6
BRDA:734,47,6,2
BRDA:734,47,7,1
BRDA:734,47,8,0
BRDA:735,48,0,1
BRDA:735,48,1,3
BRDA:737,49,0,2
BRDA:737,49,1,1
BRDA:745,50,0,1
BRDA:745,50,1,2
BRDA:747,51,0,2
BRDA:747,51,1,0
BRDA:756,52,0,1
BRDA:756,52,1,1
BRDA:758,53,0,1
BRDA:758,53,1,0
BRDA:767,54,0,1
BRDA:767,54,1,1
BRDA:769,55,0,1
BRDA:769,55,1,0
BRDA:778,56,0,2
BRDA:778,56,1,0
BRDA:779,57,0,1
BRDA:779,57,1,1
BRDA:781,58,0,1
BRDA:781,58,1,0
BRDA:791,59,0,6
BRDA:791,59,1,0
BRDA:792,60,0,1
BRDA:792,60,1,5
BRDA:794,61,0,4
BRDA:794,61,1,1
BRDA:804,62,0,0
BRDA:804,62,1,2
BRDA:804,63,0,2
BRDA:804,63,1,0
BRDA:804,63,2,0
BRDA:809,64,0,2
BRDA:809,64,1,0
BRDA:810,65,0,0
BRDA:810,65,1,2
BRDA:812,66,0,1
BRDA:812,66,1,1
BRDA:814,67,0,0
BRDA:814,67,1,1
BRDA:814,68,0,1
BRDA:814,68,1,1
BRDA:827,69,0,1
BRDA:827,69,1,0
BRDA:828,70,0,0
BRDA:828,70,1,1
BRDA:830,71,0,1
BRDA:830,71,1,0
BRDA:844,72,0,22
BRDA:844,72,1,0
BRDA:853,73,0,23
BRDA:853,73,1,3
BRDA:864,74,0,0
BRDA:864,74,1,5
BRDA:864,75,0,5
BRDA:864,75,1,5
BRDA:870,76,0,5
BRDA:870,76,1,5
BRDA:871,77,0,5
BRDA:871,77,1,0
BRDA:871,77,2,0
BRDA:871,77,3,0
BRDA:883,78,0,5
BRDA:883,78,1,0
BRDA:884,79,0,5
BRDA:884,79,1,0
BRDA:892,80,0,15
BRDA:892,80,1,0
BRDA:892,81,0,15
BRDA:892,81,1,15
BRDA:894,82,0,5
BRDA:894,82,1,10
BRDA:903,83,0,5
BRDA:903,83,1,0
BRDA:918,84,0,0
BRDA:918,84,1,8
BRDA:923,85,0,1
BRDA:923,85,1,7
BRDA:929,86,0,1
BRDA:929,86,1,6
BRDA:934,87,0,6
BRDA:934,87,1,6
BRDA:940,88,0,5
BRDA:940,88,1,1
BRDA:940,89,0,6
BRDA:940,89,1,0
BRDA:940,89,2,6
BRDA:940,89,3,6
BRDA:940,89,4,2
BRDA:940,89,5,5
BRDA:940,89,6,0
BRDA:941,90,0,1
BRDA:941,90,1,4
BRDA:941,91,0,5
BRDA:941,91,1,2
BRDA:947,92,0,3
BRDA:947,92,1,1
BRDA:948,93,0,0
BRDA:948,93,1,3
BRDA:948,94,0,3
BRDA:948,94,1,2
BRDA:970,95,0,0
BRDA:970,95,1,5
BRDA:975,96,0,0
BRDA:975,96,1,5
BRDA:975,97,0,5
BRDA:975,97,1,5
BRDA:979,98,0,1
BRDA:979,98,1,4
BRDA:983,99,0,0
BRDA:983,99,1,4
BRDA:988,100,0,0
BRDA:988,100,1,4
BRDA:988,101,0,4
BRDA:988,101,1,0
BRDA:988,101,2,0
BRDA:994,102,0,2
BRDA:994,102,1,2
BRDA:995,103,0,1
BRDA:995,103,1,1
BRDA:1003,104,0,1
BRDA:1003,104,1,0
BRDA:1003,105,0,1
BRDA:1003,105,1,1
BRDA:1017,106,0,1416
BRDA:1017,106,1,563
BRDA:1017,107,0,1979
BRDA:1017,107,1,563
BRDA:1017,107,2,0
BRDA:1030,108,0,0
BRDA:1030,108,1,0
BRDA:1044,109,0,135
BRDA:1044,109,1,60
BRDA:1044,110,0,195
BRDA:1044,110,1,60
BRDA:1049,111,0,0
BRDA:1049,111,1,0
BRDA:1054,112,0,0
BRDA:1054,112,1,0
BRDA:1061,113,0,0
BRDA:1061,113,1,0
BRDA:1061,114,0,0
BRDA:1061,114,1,0
BRDA:1098,115,0,0
BRDA:1098,115,1,0
BRDA:1109,116,0,22
BRDA:1109,116,1,5
BRDA:1117,117,0,0
BRDA:1117,117,1,22
BRDA:1119,118,0,0
BRDA:1119,118,1,0
BRDA:1120,119,0,0
BRDA:1120,119,1,0
BRDA:1126,120,0,5
BRDA:1126,120,1,4
BRDA:1133,121,0,0
BRDA:1133,121,1,5
BRDA:1135,122,0,0
BRDA:1135,122,1,0
BRDA:1147,123,0,18
BRDA:1147,123,1,0
BRDA:1156,124,0,0
BRDA:1156,124,1,9
BRDA:1156,125,0,9
BRDA:1156,125,1,5
BRDA:1174,126,0,10
BRDA:1174,126,1,1980
BRDA:1177,127,0,2
BRDA:1177,127,1,1988
BRDA:1177,128,0,1990
BRDA:1177,128,1,1989
BRDA:1180,129,0,129
BRDA:1180,129,1,1861
BRDA:1183,130,0,17
BRDA:1183,130,1,1973
BRDA:1186,131,0,182
BRDA:1186,131,1,1808
BRDA:1189,132,0,2
BRDA:1189,132,1,1988
BRDA:1192,133,0,896
BRDA:1192,133,1,1094
BRDA:1192,134,0,1990
BRDA:1192,134,1,1861
BRF:301
BRH:226
end_of_record
TN:
SF:/home/travis/build/DSI-HUG/dejajs-components/src/component/viewport/index.ts
FN:26,(anonymous_2)
FNF:1
FNH:1
FNDA:17,(anonymous_2)
DA:9,1
DA:10,1
DA:11,1
DA:12,1
DA:26,1
DA:28,1
LF:6
LH:6
BRF:0
BRH:0
end_of_record
TN:
SF:/home/travis/build/DSI-HUG/dejajs-components/src/component/viewport/viewport.component.ts
FN:29,(anonymous_2)
FN:41,(anonymous_3)
FN:187,DejaViewPortComponent
FN:189,(anonymous_5)
FN:191,(anonymous_6)
FN:198,(anonymous_7)
FN:199,(anonymous_8)
FN:224,(anonymous_9)
FN:250,(anonymous_10)
FN:258,(anonymous_11)
FN:259,(anonymous_12)
FN:264,(anonymous_13)
FN:276,(anonymous_14)
FN:277,(anonymous_15)
FN:286,(anonymous_16)
FN:288,(anonymous_17)
FN:294,(anonymous_18)
FN:297,(anonymous_19)
FN:315,(anonymous_20)
FN:316,(anonymous_21)
FN:325,(anonymous_22)
FN:328,(anonymous_23)
FN:334,(anonymous_24)
FN:337,(anonymous_25)
FN:356,(anonymous_26)
FN:53,(anonymous_27)
FN:57,(anonymous_28)
FN:78,(anonymous_29)
FN:83,(anonymous_30)
FN:89,(anonymous_31)
FN:90,(anonymous_32)
FN:97,(anonymous_33)
FN:110,(anonymous_34)
FN:120,(anonymous_35)
FN:135,(anonymous_36)
FN:129,(anonymous_37)
FN:140,(anonymous_38)
FN:144,(anonymous_39)
FN:145,(anonymous_40)
FN:146,(anonymous_41)
FN:147,(anonymous_42)
FN:152,(anonymous_43)
FN:154,(anonymous_44)
FN:167,(anonymous_45)
FN:161,(anonymous_46)
FN:183,(anonymous_47)
FN:179,(anonymous_48)
FN:363,(anonymous_49)
FN:376,(anonymous_50)
FN:381,(anonymous_51)
FN:393,(anonymous_52)
FN:397,(anonymous_53)
FN:402,(anonymous_54)
FNF:53
FNH:38
FNDA:1,(anonymous_2)
FNDA:1,(anonymous_3)
FNDA:16,DejaViewPortComponent
FNDA:16,(anonymous_5)
FNDA:1,(anonymous_6)
FNDA:46,(anonymous_7)
FNDA:46,(anonymous_8)
FNDA:16,(anonymous_9)
FNDA:0,(anonymous_10)
FNDA:30,(anonymous_11)
FNDA:30,(anonymous_12)
FNDA:0,(anonymous_13)
FNDA:30,(anonymous_14)
FNDA:30,(anonymous_15)
FNDA:0,(anonymous_16)
FNDA:0,(anonymous_17)
FNDA:0,(anonymous_18)
FNDA:0,(anonymous_19)
FNDA:30,(anonymous_20)
FNDA:30,(anonymous_21)
FNDA:0,(anonymous_22)
FNDA:0,(anonymous_23)
FNDA:0,(anonymous_24)
FNDA:0,(anonymous_25)
FNDA:60,(anonymous_26)
FNDA:124,(anonymous_27)
FNDA:62,(anonymous_28)
FNDA:30,(anonymous_29)
FNDA:30,(anonymous_30)
FNDA:7,(anonymous_31)
FNDA:7000,(anonymous_32)
FNDA:16,(anonymous_33)
FNDA:1,(anonymous_34)
FNDA:1,(anonymous_35)
FNDA:188,(anonymous_36)
FNDA:5,(anonymous_37)
FNDA:16,(anonymous_38)
FNDA:0,(anonymous_39)
FNDA:0,(anonymous_40)
FNDA:0,(anonymous_41)
FNDA:0,(anonymous_42)
FNDA:452,(anonymous_43)
FNDA:1,(anonymous_44)
FNDA:18,(anonymous_45)
FNDA:1,(anonymous_46)
FNDA:4,(anonymous_47)
FNDA:15,(anonymous_48)
FNDA:15,(anonymous_49)
FNDA:1,(anonymous_50)
FNDA:1,(anonymous_51)
FNDA:0,(anonymous_52)
FNDA:452,(anonymous_53)
FNDA:904,(anonymous_54)
DA:11,1
DA:12,1
DA:13,1
DA:14,1
DA:15,1
DA:16,1
DA:17,1
DA:18,1
DA:19,1
DA:20,1
DA:21,1
DA:22,1
DA:23,1
DA:24,1
DA:25,1
DA:27,1
DA:29,1
DA:30,1
DA:31,1
DA:41,1
DA:48,16
DA:49,16
DA:50,16
DA:51,16
DA:53,1
DA:54,124
DA:57,1
DA:58,62
DA:63,16
DA:64,16
DA:65,16
DA:66,16
DA:70,16
DA:73,1
DA:75,1
DA:78,2
DA:79,30
DA:83,2
DA:84,30
DA:89,2
DA:90,7000
DA:97,2
DA:98,16
DA:99,16
DA:100,1
DA:102,16
DA:110,2
DA:111,1
DA:112,1
DA:120,2
DA:121,1
DA:122,1
DA:123,1
DA:124,1
DA:129,2
DA:130,5
DA:131,5
DA:136,188
DA:139,16
DA:140,2
DA:141,16
DA:142,16
DA:143,16
DA:144,0
DA:145,0
DA:146,0
DA:148,0
DA:152,452
DA:154,1
DA:155,1
DA:156,0
DA:158,1
DA:161,1
DA:162,1
DA:163,1
DA:164,1
DA:168,18
DA:179,2
DA:180,15
DA:184,4
DA:187,16
DA:188,16
DA:189,16
DA:192,1
DA:193,1
DA:194,1
DA:197,16
DA:198,46
DA:200,46
DA:201,45
DA:202,45
DA:203,45
DA:205,1
DA:206,1
DA:209,46
DA:210,6
DA:211,6
DA:212,6
DA:213,6
DA:214,6
DA:217,40
DA:218,40
DA:219,40
DA:220,40
DA:221,40
DA:224,46
DA:225,16
DA:226,16
DA:227,0
DA:228,0
DA:230,0
DA:232,0
DA:235,0
DA:236,0
DA:238,16
DA:241,46
DA:242,16
DA:243,16
DA:244,16
DA:245,16
DA:247,0
DA:248,0
DA:250,0
DA:253,30
DA:257,16
DA:258,30
DA:260,30
DA:261,2
DA:262,1
DA:265,0
DA:268,28
DA:269,0
DA:270,0
DA:271,0
DA:275,16
DA:276,30
DA:278,30
DA:279,2
DA:280,1
DA:282,1
DA:286,1
DA:287,0
DA:289,0
DA:292,0
DA:295,0
DA:298,0
DA:303,1
DA:305,28
DA:306,0
DA:307,0
DA:308,0
DA:311,29
DA:314,16
DA:315,30
DA:317,30
DA:318,2
DA:319,1
DA:321,1
DA:325,1
DA:326,0
DA:329,0
DA:332,0
DA:335,0
DA:338,0
DA:343,1
DA:345,28
DA:346,0
DA:347,0
DA:348,0
DA:351,29
DA:354,16
DA:357,60
DA:358,2
DA:363,1
DA:364,15
DA:365,15
DA:366,1
DA:368,15
DA:369,1
DA:371,15
DA:372,1
DA:376,1
DA:377,1
DA:381,1
DA:382,1
DA:383,1
DA:384,0
DA:386,1
DA:387,0
DA:389,1
DA:390,1
DA:393,1
DA:394,0
DA:397,1
DA:398,452
DA:399,452
DA:402,1
DA:403,904
DA:404,400
DA:405,504
DA:406,136
DA:407,368
DA:408,316
DA:410,52
DA:413,1
LF:205
LH:168
BRDA:29,0,0,1
BRDA:29,0,1,1
BRDA:200,1,0,45
BRDA:200,1,1,1
BRDA:209,2,0,6
BRDA:209,2,1,40
BRDA:218,3,0,40
BRDA:218,3,1,30
BRDA:219,4,0,40
BRDA:219,4,1,17
BRDA:225,5,0,16
BRDA:225,5,1,0
BRDA:226,6,0,0
BRDA:226,6,1,16
BRDA:227,7,0,0
BRDA:227,7,1,0
BRDA:241,8,0,16
BRDA:241,8,1,30
BRDA:242,9,0,0
BRDA:242,9,1,16
BRDA:244,10,0,16
BRDA:244,10,1,0
BRDA:260,11,0,2
BRDA:260,11,1,28
BRDA:261,12,0,1
BRDA:261,12,1,1
BRDA:268,13,0,0
BRDA:268,13,1,28
BRDA:278,14,0,2
BRDA:278,14,1,28
BRDA:279,15,0,1
BRDA:279,15,1,1
BRDA:289,16,0,0
BRDA:289,16,1,0
BRDA:298,17,0,0
BRDA:298,17,1,0
BRDA:305,18,0,0
BRDA:305,18,1,28
BRDA:317,19,0,2
BRDA:317,19,1,28
BRDA:318,20,0,1
BRDA:318,20,1,1
BRDA:329,21,0,0
BRDA:329,21,1,0
BRDA:338,22,0,0
BRDA:338,22,1,0
BRDA:345,23,0,0
BRDA:345,23,1,28
BRDA:357,24,0,2
BRDA:357,24,1,58
BRDA:79,25,0,30
BRDA:79,25,1,2
BRDA:79,25,2,28
BRDA:84,26,0,30
BRDA:84,26,1,2
BRDA:84,26,2,28
BRDA:90,27,0,7
BRDA:90,27,1,0
BRDA:98,28,0,16
BRDA:98,28,1,0
BRDA:99,29,0,1
BRDA:99,29,1,15
BRDA:111,30,0,1
BRDA:111,30,1,0
BRDA:121,31,0,1
BRDA:121,31,1,0
BRDA:130,32,0,5
BRDA:130,32,1,0
BRDA:146,33,0,0
BRDA:146,33,1,0
BRDA:152,34,0,452
BRDA:152,34,1,452
BRDA:155,35,0,0
BRDA:155,35,1,1
BRDA:158,36,0,1
BRDA:158,36,1,0
BRDA:365,37,0,1
BRDA:365,37,1,14
BRDA:368,38,0,1
BRDA:368,38,1,14
BRDA:371,39,0,1
BRDA:371,39,1,14
BRDA:383,40,0,0
BRDA:383,40,1,1
BRDA:386,41,0,0
BRDA:386,41,1,1
BRDA:399,42,0,89
BRDA:399,42,1,363
BRDA:403,43,0,400
BRDA:403,43,1,504
BRDA:405,44,0,136
BRDA:405,44,1,368
BRDA:407,45,0,316
BRDA:407,45,1,52
BRDA:408,46,0,316
BRDA:408,46,1,274
BRDA:410,47,0,0
BRDA:410,47,1,52
BRDA:410,48,0,52
BRDA:410,48,1,52
BRF:100
BRH:71
end_of_record
