TN:
SF:C:/Users/RTRM/workspace/dejajs-components/src/polyfills.ts
FNF:0
FNH:0
DA:9,1
DA:10,1
DA:11,1
DA:12,1
DA:13,1
DA:17,1
DA:18,1
DA:19,1
DA:20,1
DA:21,1
DA:22,1
DA:23,1
DA:24,1
DA:25,1
DA:26,1
DA:27,1
DA:28,1
DA:29,1
DA:30,1
DA:31,1
DA:33,1
DA:35,1
LF:22
LH:22
BRF:0
BRH:0
end_of_record
TN:
SF:C:/Users/RTRM/workspace/dejajs-components/src/test.ts
FN:29,(anonymous_0)
FNF:1
FNH:1
FNDA:1,(anonymous_0)
DA:12,1
DA:13,1
DA:14,1
DA:15,1
DA:16,1
DA:17,1
DA:18,1
DA:19,1
DA:29,1
DA:32,1
DA:37,1
DA:39,1
DA:41,1
LF:13
LH:13
BRF:0
BRH:0
end_of_record
TN:
SF:C:/Users/RTRM/workspace/dejajs-components/src/common/core/keycodes.enum.ts
FN:9,(anonymous_0)
FNF:1
FNH:1
FNDA:1,(anonymous_0)
DA:9,1
DA:10,1
DA:11,1
DA:12,1
DA:13,1
DA:14,1
DA:15,1
DA:16,1
DA:17,1
DA:18,1
DA:19,1
DA:20,1
DA:21,1
DA:22,1
DA:23,1
DA:24,1
DA:25,1
DA:26,1
DA:27,1
DA:28,1
DA:29,1
DA:30,1
DA:31,1
DA:32,1
DA:33,1
DA:34,1
DA:35,1
DA:36,1
DA:37,1
DA:38,1
DA:39,1
DA:40,1
DA:41,1
DA:42,1
DA:43,1
DA:44,1
DA:45,1
DA:46,1
DA:47,1
DA:48,1
DA:49,1
DA:50,1
DA:51,1
DA:52,1
DA:53,1
DA:54,1
DA:55,1
DA:56,1
DA:57,1
DA:58,1
DA:59,1
DA:60,1
DA:61,1
DA:62,1
DA:63,1
DA:64,1
DA:65,1
DA:66,1
DA:67,1
DA:68,1
DA:69,1
DA:70,1
DA:71,1
DA:72,1
DA:73,1
DA:74,1
DA:75,1
DA:76,1
DA:77,1
DA:78,1
DA:79,1
DA:80,1
DA:81,1
DA:82,1
DA:83,1
DA:84,1
DA:85,1
DA:86,1
DA:87,1
DA:88,1
DA:89,1
DA:90,1
DA:91,1
DA:92,1
DA:93,1
DA:94,1
DA:95,1
DA:96,1
DA:97,1
DA:98,1
DA:99,1
DA:100,1
DA:101,1
DA:102,1
DA:103,1
DA:104,1
DA:105,1
DA:106,1
DA:107,1
DA:108,1
LF:100
LH:100
BRDA:9,0,0,1
BRDA:9,0,1,1
BRF:2
BRH:2
end_of_record
TN:
SF:C:/Users/RTRM/workspace/dejajs-components/src/common/core/graphics/circle.ts
FN:12,(anonymous_0)
FN:37,Circle
FN:22,(anonymous_2)
FN:42,(anonymous_3)
FN:47,(anonymous_4)
FN:52,(anonymous_5)
FN:60,(anonymous_6)
FN:65,(anonymous_7)
FNF:8
FNH:1
FNDA:1,(anonymous_0)
FNDA:0,Circle
FNDA:0,(anonymous_2)
FNDA:0,(anonymous_3)
FNDA:0,(anonymous_4)
FNDA:0,(anonymous_5)
FNDA:0,(anonymous_6)
FNDA:0,(anonymous_7)
DA:9,1
DA:10,1
DA:12,1
DA:22,1
DA:23,0
DA:24,0
DA:25,0
DA:26,0
DA:27,0
DA:28,0
DA:30,0
DA:32,0
DA:33,0
DA:37,0
DA:42,1
DA:43,0
DA:47,1
DA:48,0
DA:52,1
DA:53,0
DA:54,0
DA:56,0
DA:60,1
DA:61,0
DA:65,1
DA:66,0
DA:68,1
LF:27
LH:10
BRDA:23,0,0,0
BRDA:23,0,1,0
BRF:2
BRH:0
end_of_record
TN:
SF:C:/Users/RTRM/workspace/dejajs-components/src/common/core/graphics/position.ts
FN:9,(anonymous_0)
FN:17,Position
FN:13,(anonymous_2)
FN:22,(anonymous_3)
FN:29,(anonymous_4)
FN:33,(anonymous_5)
FN:37,(anonymous_6)
FNF:7
FNH:2
FNDA:1,(anonymous_0)
FNDA:106,Position
FNDA:0,(anonymous_2)
FNDA:0,(anonymous_3)
FNDA:0,(anonymous_4)
FNDA:0,(anonymous_5)
FNDA:0,(anonymous_6)
DA:9,1
DA:13,1
DA:14,0
DA:18,106
DA:19,106
DA:22,1
DA:23,0
DA:29,1
DA:30,0
DA:33,1
DA:34,0
DA:37,1
DA:38,0
DA:40,1
LF:14
LH:9
BRDA:18,0,0,106
BRDA:18,0,1,55
BRDA:19,1,0,106
BRDA:19,1,1,58
BRDA:14,2,0,0
BRDA:14,2,1,0
BRDA:38,3,0,0
BRDA:38,3,1,0
BRDA:38,4,0,0
BRDA:38,4,1,0
BRF:10
BRH:4
end_of_record
TN:
SF:C:/Users/RTRM/workspace/dejajs-components/src/common/core/graphics/rect.ts
FN:11,(anonymous_0)
FN:23,(anonymous_1)
FN:56,Rect
FN:29,(anonymous_3)
FN:33,(anonymous_4)
FN:37,(anonymous_5)
FN:48,(anonymous_6)
FN:52,(anonymous_7)
FN:75,(anonymous_8)
FN:71,(anonymous_9)
FN:83,(anonymous_10)
FN:79,(anonymous_11)
FN:87,(anonymous_12)
FN:91,(anonymous_13)
FN:100,(anonymous_14)
FN:107,(anonymous_15)
FN:111,(anonymous_16)
FN:115,(anonymous_17)
FN:122,(anonymous_18)
FN:126,(anonymous_19)
FN:130,(anonymous_20)
FN:139,(anonymous_21)
FNF:22
FNH:2
FNDA:1,(anonymous_0)
FNDA:1,(anonymous_1)
FNDA:0,Rect
FNDA:0,(anonymous_3)
FNDA:0,(anonymous_4)
FNDA:0,(anonymous_5)
FNDA:0,(anonymous_6)
FNDA:0,(anonymous_7)
FNDA:0,(anonymous_8)
FNDA:0,(anonymous_9)
FNDA:0,(anonymous_10)
FNDA:0,(anonymous_11)
FNDA:0,(anonymous_12)
FNDA:0,(anonymous_13)
FNDA:0,(anonymous_14)
FNDA:0,(anonymous_15)
FNDA:0,(anonymous_16)
FNDA:0,(anonymous_17)
FNDA:0,(anonymous_18)
FNDA:0,(anonymous_19)
FNDA:0,(anonymous_20)
FNDA:0,(anonymous_21)
DA:9,1
DA:11,1
DA:12,1
DA:13,1
DA:23,1
DA:29,1
DA:30,0
DA:33,1
DA:34,0
DA:37,1
DA:38,0
DA:39,0
DA:40,0
DA:48,1
DA:49,0
DA:52,1
DA:53,0
DA:57,0
DA:58,0
DA:59,0
DA:60,0
DA:61,0
DA:62,0
DA:64,0
DA:65,0
DA:66,0
DA:67,0
DA:71,1
DA:72,0
DA:76,0
DA:79,1
DA:80,0
DA:84,0
DA:87,1
DA:88,0
DA:91,1
DA:92,0
DA:100,1
DA:101,0
DA:107,1
DA:108,0
DA:111,1
DA:112,0
DA:115,1
DA:116,0
DA:122,1
DA:123,0
DA:126,1
DA:127,0
DA:130,1
DA:131,0
DA:139,1
DA:140,0
DA:147,1
LF:54
LH:23
BRDA:11,0,0,1
BRDA:11,0,1,1
BRDA:57,1,0,0
BRDA:57,1,1,0
BRDA:58,2,0,0
BRDA:58,2,1,0
BRDA:59,3,0,0
BRDA:59,3,1,0
BRDA:60,4,0,0
BRDA:60,4,1,0
BRDA:61,5,0,0
BRDA:61,5,1,0
BRDA:62,6,0,0
BRDA:62,6,1,0
BRDA:64,7,0,0
BRDA:64,7,1,0
BRDA:65,8,0,0
BRDA:65,8,1,0
BRDA:66,9,0,0
BRDA:66,9,1,0
BRDA:67,10,0,0
BRDA:67,10,1,0
BRDA:30,11,0,0
BRDA:30,11,1,0
BRDA:30,11,2,0
BRDA:30,11,3,0
BRDA:30,11,4,0
BRDA:30,11,5,0
BRDA:44,12,0,0
BRDA:44,12,1,0
BRDA:101,13,0,0
BRDA:101,13,1,0
BRDA:101,13,2,0
BRDA:101,13,3,0
BRDA:108,14,0,0
BRDA:108,14,1,0
BRDA:108,14,2,0
BRDA:108,14,3,0
BRDA:112,15,0,0
BRDA:112,15,1,0
BRDA:112,15,2,0
BRDA:112,15,3,0
BRDA:116,16,0,0
BRDA:116,16,1,0
BRDA:116,16,2,0
BRDA:116,16,3,0
BRDA:123,17,0,0
BRDA:123,17,1,0
BRF:48
BRH:2
end_of_record
TN:
SF:C:/Users/RTRM/workspace/dejajs-components/src/component/chips/chips.component.ts
FN:13,(anonymous_9)
FN:15,(anonymous_10)
FN:19,DejaChipsCloseEvent
FN:33,(anonymous_12)
FN:55,DejaChipsComponent
FN:67,(anonymous_14)
FN:63,(anonymous_15)
FN:76,(anonymous_16)
FN:72,(anonymous_17)
FN:88,(anonymous_18)
FN:82,(anonymous_19)
FN:93,(anonymous_20)
FN:98,(anonymous_21)
FN:103,(anonymous_22)
FN:108,(anonymous_23)
FN:112,(anonymous_24)
FN:128,(anonymous_25)
FNF:17
FNH:13
FNDA:1,(anonymous_9)
FNDA:1,(anonymous_10)
FNDA:1,DejaChipsCloseEvent
FNDA:1,(anonymous_12)
FNDA:15,DejaChipsComponent
FNDA:64,(anonymous_14)
FNDA:6,(anonymous_15)
FNDA:33,(anonymous_16)
FNDA:13,(anonymous_17)
FNDA:0,(anonymous_18)
FNDA:0,(anonymous_19)
FNDA:13,(anonymous_20)
FNDA:0,(anonymous_21)
FNDA:0,(anonymous_22)
FNDA:140,(anonymous_23)
FNDA:70,(anonymous_24)
FNDA:1,(anonymous_25)
DA:9,1
DA:10,1
DA:11,1
DA:13,1
DA:15,1
DA:20,1
DA:21,1
DA:22,1
DA:24,1
DA:33,1
DA:35,1
DA:38,1
DA:41,1
DA:44,15
DA:46,15
DA:48,15
DA:49,15
DA:51,15
DA:53,1
DA:55,15
DA:56,15
DA:57,0
DA:63,2
DA:64,6
DA:68,64
DA:72,2
DA:73,13
DA:77,33
DA:82,1
DA:83,0
DA:84,0
DA:89,0
DA:93,1
DA:94,13
DA:98,1
DA:99,0
DA:103,1
DA:104,0
DA:108,1
DA:109,140
DA:112,1
DA:113,70
DA:114,0
DA:116,70
DA:117,0
DA:118,70
DA:119,12
DA:120,58
DA:121,6
DA:122,52
DA:123,52
DA:128,1
DA:129,1
DA:130,1
DA:131,1
DA:132,1
DA:134,1
LF:57
LH:49
BRDA:20,0,0,1
BRDA:20,0,1,0
BRDA:56,1,0,0
BRDA:56,1,1,15
BRDA:64,2,0,6
BRDA:64,2,1,4
BRDA:109,3,0,140
BRDA:109,3,1,140
BRDA:113,4,0,0
BRDA:113,4,1,70
BRDA:116,5,0,0
BRDA:116,5,1,70
BRDA:116,6,0,70
BRDA:116,6,1,12
BRDA:116,6,2,0
BRDA:118,7,0,12
BRDA:118,7,1,58
BRDA:118,8,0,70
BRDA:118,8,1,12
BRDA:120,9,0,6
BRDA:120,9,1,52
BRDA:121,10,0,6
BRDA:121,10,1,0
BRDA:122,11,0,52
BRDA:122,11,1,0
BRDA:55,12,0,1
BRDA:55,12,1,0
BRDA:55,13,0,1
BRF:28
BRH:20
end_of_record
TN:
SF:C:/Users/RTRM/workspace/dejajs-components/src/component/chips/index.ts
FN:23,(anonymous_2)
FN:23,DejaChipsModule
FNF:2
FNH:2
FNDA:1,(anonymous_2)
FNDA:5,DejaChipsModule
DA:9,1
DA:10,1
DA:11,1
DA:13,1
DA:23,1
DA:25,1
LF:6
LH:6
BRF:0
BRH:0
end_of_record
TN:
SF:C:/Users/RTRM/workspace/dejajs-components/src/component/circular-picker/circular-picker.component.ts
FN:26,(anonymous_4)
FN:28,(anonymous_5)
FN:47,(anonymous_6)
FN:127,DejaCircularPickerComponent
FN:135,(anonymous_8)
FN:136,(anonymous_9)
FN:138,(anonymous_10)
FN:158,(anonymous_11)
FN:171,(anonymous_12)
FN:76,(anonymous_13)
FN:71,(anonymous_14)
FN:107,(anonymous_15)
FN:111,(anonymous_16)
FN:115,(anonymous_17)
FN:119,(anonymous_18)
FN:216,(anonymous_19)
FN:223,(anonymous_20)
FN:228,(anonymous_21)
FN:255,(anonymous_22)
FN:247,(anonymous_23)
FN:260,(anonymous_24)
FN:268,(anonymous_25)
FN:273,(anonymous_26)
FN:287,(anonymous_27)
FN:309,(anonymous_28)
FN:319,(anonymous_29)
FN:328,(anonymous_30)
FN:333,(anonymous_31)
FN:335,(anonymous_32)
FN:348,(anonymous_33)
FN:355,(anonymous_34)
FN:381,(anonymous_35)
FNF:32
FNH:20
FNDA:1,(anonymous_4)
FNDA:1,(anonymous_5)
FNDA:1,(anonymous_6)
FNDA:4,DejaCircularPickerComponent
FNDA:0,(anonymous_8)
FNDA:0,(anonymous_9)
FNDA:0,(anonymous_10)
FNDA:0,(anonymous_11)
FNDA:0,(anonymous_12)
FNDA:3,(anonymous_13)
FNDA:0,(anonymous_14)
FNDA:6,(anonymous_15)
FNDA:12,(anonymous_16)
FNDA:6,(anonymous_17)
FNDA:3,(anonymous_18)
FNDA:4,(anonymous_19)
FNDA:3,(anonymous_20)
FNDA:3,(anonymous_21)
FNDA:0,(anonymous_22)
FNDA:1,(anonymous_23)
FNDA:1,(anonymous_24)
FNDA:0,(anonymous_25)
FNDA:0,(anonymous_26)
FNDA:0,(anonymous_27)
FNDA:53,(anonymous_28)
FNDA:0,(anonymous_29)
FNDA:56,(anonymous_30)
FNDA:3,(anonymous_31)
FNDA:3,(anonymous_32)
FNDA:4,(anonymous_33)
FNDA:3,(anonymous_34)
FNDA:0,(anonymous_35)
DA:9,1
DA:10,1
DA:11,1
DA:12,1
DA:13,1
DA:14,1
DA:15,1
DA:16,1
DA:17,1
DA:18,1
DA:19,1
DA:20,1
DA:21,1
DA:23,1
DA:24,1
DA:26,1
DA:28,1
DA:29,1
DA:30,1
DA:47,1
DA:49,4
DA:51,4
DA:53,4
DA:60,4
DA:62,1
DA:65,1
DA:67,1
DA:71,2
DA:72,0
DA:77,3
DA:80,4
DA:83,4
DA:85,4
DA:86,4
DA:89,4
DA:100,4
DA:101,4
DA:105,1
DA:107,1
DA:108,6
DA:111,1
DA:112,12
DA:115,1
DA:116,6
DA:119,1
DA:120,3
DA:127,4
DA:128,4
DA:130,4
DA:131,0
DA:134,4
DA:135,0
DA:136,0
DA:139,0
DA:140,0
DA:141,0
DA:142,0
DA:143,0
DA:144,0
DA:145,0
DA:148,0
DA:149,0
DA:151,0
DA:152,0
DA:155,0
DA:159,0
DA:160,0
DA:161,0
DA:164,0
DA:165,0
DA:167,0
DA:172,0
DA:173,0
DA:174,0
DA:177,0
DA:178,0
DA:179,0
DA:180,0
DA:182,0
DA:183,0
DA:184,0
DA:185,0
DA:186,0
DA:188,0
DA:192,0
DA:193,0
DA:194,0
DA:195,0
DA:196,0
DA:197,0
DA:198,0
DA:200,0
DA:205,0
DA:206,0
DA:207,0
DA:216,1
DA:217,4
DA:223,3
DA:225,3
DA:226,3
DA:228,3
DA:229,3
DA:230,3
DA:231,3
DA:232,3
DA:239,3
DA:241,3
DA:242,3
DA:247,1
DA:248,1
DA:249,1
DA:250,1
DA:256,0
DA:260,1
DA:261,1
DA:262,1
DA:263,1
DA:268,1
DA:269,0
DA:273,1
DA:274,0
DA:287,1
DA:288,0
DA:289,0
DA:295,0
DA:296,0
DA:298,0
DA:309,1
DA:310,53
DA:311,53
DA:313,53
DA:314,53
DA:316,53
DA:319,1
DA:320,0
DA:328,1
DA:329,56
DA:330,56
DA:333,3
DA:334,3
DA:335,3
DA:336,3
DA:337,50
DA:338,50
DA:339,50
DA:340,50
DA:342,50
DA:343,50
DA:348,4
DA:349,4
DA:350,1
DA:352,3
DA:353,2
DA:355,3
DA:356,3
DA:357,3
DA:360,3
DA:361,0
DA:363,3
DA:365,3
DA:367,3
DA:368,3
DA:373,3
DA:378,3
DA:381,1
DA:382,0
DA:384,0
DA:385,0
DA:386,0
DA:389,0
DA:390,0
DA:393,0
DA:395,1
LF:173
LH:110
BRDA:28,0,0,1
BRDA:28,0,1,1
BRDA:130,1,0,0
BRDA:130,1,1,4
BRDA:142,2,0,0
BRDA:142,2,1,0
BRDA:144,3,0,0
BRDA:144,3,1,0
BRDA:148,4,0,0
BRDA:148,4,1,0
BRDA:148,5,0,0
BRDA:148,5,1,0
BRDA:151,6,0,0
BRDA:151,6,1,0
BRDA:172,7,0,0
BRDA:172,7,1,0
BRDA:179,8,0,0
BRDA:179,8,1,0
BRDA:184,9,0,0
BRDA:184,9,1,0
BRDA:196,10,0,0
BRDA:196,10,1,0
BRDA:206,11,0,0
BRDA:206,11,1,0
BRDA:229,12,0,1
BRDA:229,12,1,2
BRDA:230,13,0,2
BRDA:230,13,1,1
BRDA:231,14,0,1
BRDA:231,14,1,2
BRDA:248,15,0,1
BRDA:248,15,1,0
BRDA:261,16,0,1
BRDA:261,16,1,0
BRDA:295,17,0,0
BRDA:295,17,1,0
BRDA:340,18,0,0
BRDA:340,18,1,50
BRDA:349,19,0,1
BRDA:349,19,1,3
BRDA:349,20,0,4
BRDA:349,20,1,4
BRDA:352,21,0,2
BRDA:352,21,1,1
BRDA:352,22,0,3
BRDA:352,22,1,1
BRDA:356,23,0,3
BRDA:356,23,1,0
BRDA:356,24,0,3
BRDA:356,24,1,3
BRDA:360,25,0,0
BRDA:360,25,1,3
BRDA:367,26,0,0
BRDA:367,26,1,3
BRDA:375,27,0,0
BRDA:375,27,1,3
BRDA:384,28,0,0
BRDA:384,28,1,0
BRDA:389,29,0,0
BRDA:389,29,1,0
BRDA:105,30,0,1
BRDA:105,30,1,0
BRDA:105,31,0,1
BRDA:127,32,0,1
BRDA:127,32,1,0
BRDA:127,33,0,1
BRDA:127,34,0,1
BRDA:127,34,1,1
BRDA:127,34,2,0
BRDA:127,35,0,1
BRDA:127,35,1,1
BRDA:127,36,0,1
BRDA:127,36,1,1
BRDA:127,36,2,0
BRDA:127,37,0,1
BRDA:127,37,1,1
BRF:76
BRH:38
end_of_record
TN:
SF:C:/Users/RTRM/workspace/dejajs-components/src/component/tag/tag.component.ts
FN:13,(anonymous_4)
FN:25,(anonymous_5)
FN:63,DejaTagComponent
FN:52,(anonymous_7)
FN:44,(anonymous_8)
FN:70,(anonymous_9)
FN:74,(anonymous_10)
FN:80,(anonymous_11)
FN:84,(anonymous_12)
FN:88,(anonymous_13)
FN:92,(anonymous_14)
FN:100,(anonymous_15)
FN:111,(anonymous_16)
FNF:13
FNH:7
FNDA:6,(anonymous_4)
FNDA:1,(anonymous_5)
FNDA:5,DejaTagComponent
FNDA:30,(anonymous_7)
FNDA:0,(anonymous_8)
FNDA:0,(anonymous_9)
FNDA:3,(anonymous_10)
FNDA:3,(anonymous_11)
FNDA:0,(anonymous_12)
FNDA:0,(anonymous_13)
FNDA:0,(anonymous_14)
FNDA:0,(anonymous_15)
FNDA:4,(anonymous_16)
DA:8,1
DA:9,1
DA:10,1
DA:11,1
DA:13,1
DA:25,1
DA:30,5
DA:35,5
DA:40,1
DA:44,2
DA:45,0
DA:46,0
DA:53,30
DA:56,5
DA:59,5
DA:60,5
DA:61,5
DA:63,5
DA:64,5
DA:65,0
DA:70,1
DA:71,0
DA:75,3
DA:76,3
DA:77,3
DA:80,1
DA:81,3
DA:84,1
DA:85,0
DA:88,1
DA:89,0
DA:92,1
DA:93,0
DA:100,1
DA:101,0
DA:102,0
DA:103,0
DA:111,1
DA:112,4
DA:113,2
DA:114,2
DA:115,2
DA:118,1
LF:43
LH:33
BRDA:64,0,0,0
BRDA:64,0,1,5
BRDA:53,1,0,0
BRDA:53,1,1,30
BRDA:46,2,0,0
BRDA:46,2,1,0
BRDA:81,3,0,3
BRDA:81,3,1,0
BRDA:101,4,0,0
BRDA:101,4,1,0
BRDA:112,5,0,2
BRDA:112,5,1,2
BRDA:63,6,0,1
BRDA:63,6,1,0
BRDA:63,7,0,1
BRF:15
BRH:7
end_of_record
